Mono path[0] = '/home/wangning/文档/grid-sensor-master/BuildFile/PitCar/pitcar_ppo_Data/Managed'
Mono config path = '/home/wangning/文档/grid-sensor-master/BuildFile/PitCar/pitcar_ppo_Data/MonoBleedingEdge/etc'
Preloaded 'lib_burst_generated.so'
Preloaded 'libgrpc_csharp_ext.x64.so'
AS: AutoStreaming module initializing.
Initialize engine version: 2021.3.19f1c1 (b8e3cea1e9d3)
[Subsystems] Discovering subsystems at path /home/wangning/文档/grid-sensor-master/BuildFile/PitCar/pitcar_ppo_Data/UnitySubsystems
Forcing GfxDevice: Null
GfxDevice: creating device client; threaded=0; jobified=0
NullGfxDevice:
    Version:  NULL 1.0 [1.0]
    Renderer: Null Device
    Vendor:   Unity Technologies
Begin MonoManager ReloadAssembly
- Completed reload, in  0.087 seconds
ERROR: Shader Sprites/Default shader is not supported on this GPU (none of subshaders/fallbacks are suitable)
ERROR: Shader Sprites/Mask shader is not supported on this GPU (none of subshaders/fallbacks are suitable)
ERROR: Shader Legacy Shaders/Particles/Multiply shader is not supported on this GPU (none of subshaders/fallbacks are suitable)
ERROR: Shader Legacy Shaders/Particles/Additive shader is not supported on this GPU (none of subshaders/fallbacks are suitable)
ERROR: Shader Legacy Shaders/VertexLit shader is not supported on this GPU (none of subshaders/fallbacks are suitable)
WARNING: Shader Unsupported: 'Standard' - All subshaders removed
WARNING: Shader Did you use #pragma only_renderers and omit this platform?
WARNING: Shader If subshaders removal was intentional, you may have forgotten turning Fallback off?
ERROR: Shader Standard shader is not supported on this GPU (none of subshaders/fallbacks are suitable)
WARNING: Shader Unsupported: 'Standard' - All subshaders removed
WARNING: Shader Did you use #pragma only_renderers and omit this platform?
WARNING: Shader If subshaders removal was intentional, you may have forgotten turning Fallback off?
WARNING: Shader Unsupported: 'Standard (Specular setup)' - All subshaders removed
WARNING: Shader Did you use #pragma only_renderers and omit this platform?
WARNING: Shader If subshaders removal was intentional, you may have forgotten turning Fallback off?
ERROR: Shader Standard (Specular setup) shader is not supported on this GPU (none of subshaders/fallbacks are suitable)
WARNING: Shader Unsupported: 'Standard (Specular setup)' - All subshaders removed
WARNING: Shader Did you use #pragma only_renderers and omit this platform?
WARNING: Shader If subshaders removal was intentional, you may have forgotten turning Fallback off?
ERROR: Shader Mobile/Particles/Additive shader is not supported on this GPU (none of subshaders/fallbacks are suitable)
UnloadTime: 1.730497 ms
0
-0.01220703
-0.02349854
-0.03845215
-0.04150391
-0.04516602
-0.04730225
-0.05401611
-0.05310059
-0.0567627
-0.06134033
-0.06347656
-0.07080078
-0.08789063
-0.1086426
-0.1300049
-0.1348877
requesting resize 84 x 84
-0.1345825
-0.1367188
-0.1428223
-0.1522827
-0.1599121
-0.1571655
-0.1495361
-0.144043
-0.1577759
-0.1776123
-0.1968384
-0.2072144
-0.2172852
-0.2282715
-0.2288818
-0.2294922
-0.2349854
-0.2401733
-0.249939
-0.2563477
-0.262146
-0.2609253
-0.2651978
-0.2682495
-0.2764893
-0.2798462
-0.2853394
-0.2905273
-0.2966309
-0.3027344
-0.3070068
-0.3137207
-0.3317261
-0.352478
-0.3729248
-0.3771973
-0.3805542
-0.3845215
-0.4006958
-0.418396
-0.4367065
-0.4373169
-0.4360962
-0.4367065
-0.4440308
-0.4516602
-0.4595947
-0.463562
-0.4681396
-0.4733276
-0.4840088
-0.4956055
-0.506897
-0.5218506
-0.5386353
-0.5554199
-0.5575562
-0.5575562
-0.559082
-0.5596924
-0.5596924
-0.5603027
-0.5673218
-0.5755615
-0.5844116
-0.5929565
-0.6005859
-0.6091309
-0.6216431
-0.6359863
-0.6503296
-0.6500244
-0.6451416
-0.6414795
-0.6549072
-0.6738281
-0.6921387
-0.7003784
-0.7043457
-0.7089233
-0.7086182
-0.710144
-0.7104492
-0.7052612
-0.692749
-0.6811523
-0.6774902
-0.6903076
-0.7037354
-0.7077026
-0.7073975
-0.7077026
-0.7116699
-0.7180786
-0.725708
-0.7287598
-0.730896
-0.7342529
-0.7125854
-0.6811523
-0.6503296
-0.6472778
-0.6530762
-0.6600952
-0.6716919
-0.6826782
-0.6933594
-0.6881714
-0.6829834
-0.6784058
-0.6820679
-0.6842041
-0.6866455
-0.6872559
-0.6878662
-0.6881714
-0.670166
-0.6445313
-0.619812
-0.6130981
-0.6231689
-0.6338501
-0.619812
-0.5981445
-0.5767822
-0.5752563
-0.5834961
-0.5926514
-0.585022
-0.5795288
-0.5761719
-0.5880737
-0.5987549
-0.6088257
-0.6167603
-0.6246948
-0.6314087
-0.6216431
-0.6118774
-0.6045532
-0.6195068
-0.6378174
-0.6555176
-0.6518555
-0.647583
-0.6463623
-0.6698608
-0.6939697
-0.7162476
-0.7263184
-0.7287598
-0.7302856
-0.7409668
-0.7540894
-0.7672119
-0.7696533
-0.7678223
-0.7669067
-0.7540894
-0.7443237
-0.7369995
-0.7452393
-0.7537842
-0.7614136
-0.7681274
-0.7733154
-0.7778931
-0.7858276
-0.7943726
-0.8023071
-0.7940674
-0.7836914
-0.7736206
-0.7727051
-0.7696533
-0.7672119
-0.7550049
-0.7434082
-0.7315063
-0.7284546
-0.7394409
-0.7507324
-0.7595825
-0.7705688
-0.7827759
-0.7904053
-0.7962036
-0.8010864
-0.788269
-0.7769775
-0.7693481
-0.7904053
-0.8148193
-0.8361816
-0.8547974
-0.8706665
-0.8911133
-0.8834839
-0.880127
-0.8654785
-0.880127
-0.8862305
-0.8959961
-0.8837891
-0.8688354
-0.843811
-0.8392334
-0.81604
-0.8261108
-0.831604
-0.8013916
-0.7791138
-0.7608032
-0.7611084
-0.7635498
-0.7635498
-0.7659912
-0.7693481
-0.7800293
-0.7867432
-0.7958984
-0.7833862
-0.7949829
-0.7614136
-0.7891846
-0.7672119
-0.7824707
-0.7528687
-0.7589722
-0.7751465
-0.760498
-0.786438
-0.7861328
-0.8026123
-0.7888794
-0.8111572
-0.798645
-0.7684326
-0.7403564
-0.7025146
-0.690918
-0.6622314
-0.6741333
-0.6469727
-0.6628418
-0.657959
-0.6341553
-0.6121826
-0.5795288
-0.5462646
-0.5541992
-0.5337524
-0.5484009
-0.5255127
-0.557251
-0.5703735
-0.5923462
-0.6027222
-0.619812
-0.6240845
-0.6253052
-0.6048584
-0.5999756
-0.5880737
-0.5917358
-0.5831909
-0.5865479
-0.5645752
-0.5722046
-0.574646
-0.5749512
-0.5715942
-0.5444336
-0.5184937
-0.5062866
-0.4702759
-0.4550171
-0.4373169
-0.4342651
-0.4257202
-0.4217529
-0.418396
-0.4138184
-0.4064941
-0.3720093
-0.3359985
-0.3005981
-0.2627563
-0.2304077
-0.1998901
-0.2215576
-0.2355957
-0.2481079
-0.2575684
-0.2658081
-0.2694702
-0.2502441
-0.2325439
-0.2191162
-0.1916504
-0.1586914
-0.1251221
-0.123291
-0.1153564
-0.111084
-0.07537842
-0.04272461
-0.009460449
0.0213623
0.04486084
0.06713867
0.08728027
0.1104736
0.1345825
0.1559448
0.1638794
0.5825806
0.5065918
collision
0
-0.01831055
-0.02807617
-0.02990723
-0.03051758
-0.05065918
-0.06347656
-0.07385254
-0.08239746
-0.08178711
-0.08789063
-0.09185791
-0.09246826
-0.09552002
-0.08300781
-0.06164551
-0.0402832
-0.02624512
-0.02990723
-0.03753662
-0.04730225
-0.05157471
-0.05615234
-0.06591797
-0.08026123
-0.09552002
-0.1153564
-0.1300049
-0.1461792
-0.1486206
-0.1495361
-0.1550293
-0.1629639
-0.171814
-0.1815796
-0.1873779
-0.1901245
-0.1971436
-0.2151489
-0.2319336
-0.2496338
-0.2575684
-0.2590942
-0.2655029
-0.2844238
-0.3051758
-0.3256226
-0.345459
-0.3643799
-0.3833008
-0.3894043
-0.3933716
-0.3997803
-0.4055786
-0.4119873
-0.418396
-0.4299927
-0.440979
-0.4519653
-0.4541016
-0.4547119
-0.4574585
-0.4550171
-0.4541016
-0.4562378
-0.4769897
-0.4989624
-0.5200195
-0.5010986
-0.4696655
-0.4397583
-0.4385376
-0.4443359
-0.4495239
-0.4495239
-0.4507446
-0.453186
-0.4629517
-0.475769
-0.4876709
-0.5001831
-0.5093384
-0.5194092
-0.4989624
-0.4702759
-0.4421997
-0.4379272
-0.4388428
-0.4394531
-0.4547119
-0.4745483
-0.4934692
-0.5056763
-0.5175781
-0.52948
-0.539856
-0.5514526
-0.5627441
-0.5731201
-0.5810547
-0.5899048
-0.586853
-0.5795288
-0.5725098
-0.5773926
-0.5844116
-0.5914307
-0.5944824
-0.5978394
-0.6015015
-0.6158447
-0.6295776
-0.6430054
-0.6237793
-0.5944824
-0.5657959
-0.5633545
-0.5691528
-0.5755615
-0.579834
-0.5825806
-0.5856323
-0.5950928
-0.607605
-0.6207275
-0.6234741
-0.6243896
-0.6271362
-0.6329346
-0.6390381
-0.6442261
-0.6448364
-0.6442261
-0.6436157
-0.6521606
-0.663147
-0.6735229
-0.6835938
-0.692749
-0.7022095
-0.7128906
-0.7250977
-0.7369995
-0.7492065
-0.763855
-0.7794189
-0.7943726
-0.8078003
-0.8206177
-0.8282471
-0.8334351
-0.8380127
-0.8416748
-0.8450317
-0.8496094
-0.8456421
-0.843811
-0.8441162
-0.8502197
-0.8526611
-0.8535767
-0.8514404
-0.852356
-0.8532715
-0.8566284
-0.8618164
-0.8685303
-0.8837891
-0.899353
-0.9136963
-0.8911133
-0.8587646
-0.8276367
-0.8139038
-0.8166504
-0.8209229
-0.8270264
-0.8328247
-0.8374023
-0.8499146
-0.8679199
-0.8850098
-0.8862305
-0.8853149
-0.8877563
-0.8978271
-0.9063721
-0.9130859
-0.8853149
-0.847168
-0.8102417
-0.8145142
-0.8303833
-0.8453369
-0.8566284
-0.8682251
-0.8786011
-0.8868408
-0.8947754
-0.9024048
-0.880127
-0.8468628
-0.8151245
-0.8096313
-0.8175659
-0.8273315
-0.8197021
-0.8096313
-0.8013916
-0.8135986
-0.8206177
-0.8267212
-0.8334351
-0.8410645
-0.8474731
-0.854187
-0.8639526
-0.8752441
-0.8694458
-0.8636475
-0.8514404
-0.8666992
-0.8349609
-0.8657837
-0.854187
-0.8868408
-0.9106445
-0.9170532
-0.9317017
-0.9317017
-0.9552002
-0.9390259
-0.9625244
-0.9603882
-0.9637451
-0.9542847
-0.9677124
-0.9698486
-0.975647
-0.9786987
-0.9609985
-0.97229
-0.9524536
-0.9536743
-0.947876
-0.9643555
-0.9793091
-0.9927368
-0.9890747
-0.9729004
-0.9738159
-0.9851074
-0.9634399
-0.9539795
-0.914917
-0.9179688
-0.9069824
-0.9222412
-0.9109497
-0.8908081
-0.8682251
-0.8590698
-0.8676147
-0.8773804
-0.8486938
-0.821228
-0.8004761
-0.7852173
-0.7653809
-0.74646
-0.743103
-0.7409668
-0.7171631
-0.6921387
-0.6710815
-0.6738281
-0.6732178
-0.6970215
-0.713501
-0.7339478
-0.7458496
-0.7461548
-0.7232666
-0.7159424
-0.6988525
-0.7015991
-0.6964111
-0.6936646
-0.6784058
-0.6723022
-0.645752
-0.6204224
-0.6018066
-0.614624
-0.6347656
-0.6399536
-0.6469727
-0.6246948
-0.6329346
-0.5999756
-0.5776978
-0.5575562
-0.5435181
-0.5377197
-0.5276489
-0.5456543
-0.5334473
-0.5496216
-0.5096436
-0.4858398
-0.4498291
-0.4196167
-0.3890991
-0.3659058
-0.3381348
-0.3198242
-0.2960205
-0.2890015
-0.2874756
-0.2828979
-0.2856445
-0.2841187
-0.2871704
-0.2990723
-0.3286743
-0.3530884
collision
0
-0.01739502
-0.04669189
-0.0604248
-0.07324219
-0.08361816
-0.09277344
-0.1055908
-0.1141357
-0.1245117
-0.1379395
-0.1507568
-0.1504517
-0.1565552
-0.1626587
-0.1809692
-0.1965332
-0.2133179
-0.2276611
-0.2371216
-0.2508545
-0.2487183
-0.2423096
-0.2438354
-0.2481079
-0.2566528
-0.2664185
-0.2722168
-0.2767944
-0.2813721
-0.2947998
-0.3097534
-0.3253174
-0.3347778
-0.3445435
-0.3543091
-0.3713989
-0.3903198
-0.4107666
-0.3927612
-0.3656006
-0.3387451
-0.3387451
-0.3497314
-0.3604126
-0.3692627
-0.3790283
-0.3884888
-0.3973389
-0.4052734
-0.413208
-0.4156494
-0.4171753
-0.4180908
-0.4217529
-0.4290771
-0.4382324
-0.4376221
-0.4318237
-0.4257202
-0.428772
-0.4394531
-0.4492188
-0.4647827
-0.4806519
-0.4977417
-0.5096436
-0.5203247
-0.5300903
-0.5343628
-0.5377197
-0.5426025
-0.5209351
-0.4931641
-0.4647827
-0.4632568
-0.4675293
-0.4718018
-0.4803467
-0.4891968
-0.4983521
-0.4986572
-0.4992676
-0.5004883
-0.5136108
-0.531311
-0.5493164
-0.5609131
-0.5700684
-0.5792236
-0.5810547
-0.581665
-0.5819702
-0.5859375
-0.592041
-0.5978394
-0.6057739
-0.614624
-0.6222534
-0.6243896
-0.6253052
-0.6268311
-0.6362915
-0.6472778
-0.6576538
-0.635376
-0.604248
-0.5743408
-0.5728149
-0.579834
-0.5871582
-0.5950928
-0.6045532
-0.6158447
-0.6246948
-0.6332397
-0.6417847
-0.625
-0.5987549
-0.5712891
-0.5673218
-0.5682373
-0.5703735
-0.5770874
-0.5871582
-0.5963135
-0.6155396
-0.635376
-0.6552124
-0.6680298
-0.6793213
-0.6918335
-0.6964111
-0.7019043
-0.7092285
-0.7165527
-0.7217407
-0.7263184
-0.7324219
-0.7388306
-0.7443237
-0.7546997
-0.7644653
-0.7748413
-0.7846069
-0.7946777
-0.8041382
-0.8059692
-0.8087158
-0.8139038
-0.8135986
-0.8068848
-0.7992554
-0.7763672
-0.7473755
-0.718689
-0.7070923
-0.7156372
-0.723877
-0.7168579
-0.7064819
-0.6945801
-0.7022095
-0.7144165
-0.7260132
-0.718689
-0.7040405
-0.6893921
-0.6912231
-0.7080078
-0.7247925
-0.7302856
-0.7357788
-0.7418823
-0.7540894
-0.7675171
-0.7809448
-0.7925415
-0.8013916
-0.8099365
-0.7919312
-0.763855
-0.7351685
-0.7220459
-0.7168579
-0.7144165
-0.723877
-0.7312012
-0.7385254
-0.7489014
-0.7641602
-0.7806396
-0.786438
-0.7925415
-0.7998657
-0.8163452
-0.8319092
-0.8462524
-0.8526611
-0.8587646
-0.8657837
-0.8502197
-0.8230591
-0.7952881
-0.7904053
-0.7946777
-0.8004761
-0.7797241
-0.7501221
-0.7208252
-0.7113647
-0.7131958
-0.7162476
-0.7324219
-0.7476807
-0.7614136
-0.7748413
-0.7876587
-0.8004761
-0.7778931
-0.7455444
-0.7150269
-0.6890869
-0.6628418
-0.6365967
-0.6445313
-0.6634521
-0.6808472
-0.6884766
-0.6954956
-0.703125
-0.7095337
-0.7131958
-0.7162476
-0.7287598
-0.7461548
-0.7626343
-0.7473755
-0.7189941
-0.6906128
-0.6747437
-0.6671143
-0.6622314
-0.6689453
-0.6762695
-0.6829834
-0.7000732
-0.7192993
-0.7366943
-0.7421875
-0.7479858
-0.7550049
-0.7601929
-0.763855
-0.7662964
-0.7373047
-0.7003784
-0.6674194
-0.6686401
-0.6787109
-0.6893921
-0.7049561
-0.7189941
-0.730896
-0.7144165
-0.6945801
-0.6750488
-0.6848145
-0.6951904
-0.7037354
-0.7113647
-0.715332
-0.7199097
-0.7080078
-0.7003784
-0.696106
-0.6655884
-0.6277466
-0.5938721
-0.5908203
-0.5929565
-0.5947876
-0.6079102
-0.6213379
-0.6341553
-0.6195068
-0.6063843
-0.5969238
-0.5871582
-0.5819702
-0.5804443
-0.5895996
-0.6021118
-0.6137085
-0.6280518
-0.6350708
-0.6393433
-0.6341553
-0.6307983
-0.6289673
-0.6228638
-0.6185913
-0.614624
-0.6173706
-0.619812
-0.6225586
-0.604248
-0.5892944
-0.5776978
-0.5664063
-0.5477905
-0.5291748
-0.5444336
-0.5670166
-0.5862427
-0.602417
-0.6149292
-0.6243896
-0.6295776
-0.6326294
-0.6350708
-0.6484985
-0.6628418
-0.6756592
-0.6555176
-0.632019
-0.6106567
-0.5911255
-0.5661011
collision
0
-0.01708984
-0.03662109
-0.03692627
-0.03753662
-0.03601074
-0.04089355
-0.04150391
-0.04699707
-0.04516602
-0.05371094
-0.06774902
-0.07568359
-0.09521484
-0.1055908
-0.1245117
-0.1272583
-0.1242065
-0.1220703
-0.1226807
-0.1300049
-0.1373291
-0.1553345
-0.1754761
-0.1965332
-0.2047729
-0.2111816
-0.2203369
-0.2297974
-0.2416992
-0.249939
-0.2572632
-0.2578735
-0.2648926
-0.2670288
-0.2682495
-0.2755737
-0.27771
-0.2850342
-0.2868652
-0.2944946
-0.2984619
-0.3057861
-0.3109741
-0.3189087
-0.3268433
-0.3363037
-0.3457642
-0.3561401
-0.3329468
-0.3048706
-0.279541
-0.2828979
-0.2938843
-0.3045654
-0.3106689
-0.3134155
-0.3186035
-0.324707
-0.3335571
-0.3411865
-0.357666
-0.3765869
-0.3955078
-0.4135132
-0.4299927
-0.446167
-0.4568481
-0.4660034
-0.475769
-0.4785156
-0.4806519
-0.4837036
-0.4931641
-0.5062866
-0.5187988
-0.5172729
-0.5130005
-0.5099487
-0.5114746
-0.5126953
-0.5136108
-0.5230713
-0.5352783
-0.5465698
-0.5541992
-0.5603027
-0.5667114
-0.5697632
-0.5725098
-0.5770874
-0.5892944
-0.604248
-0.6182861
-0.6347656
-0.6524658
-0.6707764
-0.6744385
-0.6741333
-0.6741333
-0.6820679
-0.6924438
-0.7043457
-0.7089233
-0.7147217
-0.7208252
-0.7229614
-0.7235718
-0.7229614
-0.7202148
-0.7177734
-0.7159424
-0.7192993
-0.725708
-0.7315063
-0.7391357
-0.7470703
-0.7556152
-0.7675171
-0.7809448
-0.7955933
-0.7965088
-0.793457
-0.7910156
-0.7910156
-0.7910156
-0.791626
-0.7928467
-0.8001709
-0.8087158
-0.8175659
-0.8215332
-0.8239746
-0.8251953
-0.8261108
-0.8261108
-0.826416
-0.8309937
-0.8364868
-0.8496094
-0.8615112
-0.8737183
-0.8807373
-0.8856201
-0.8908081
-0.8990479
-0.9078979
-0.916748
-0.9204102
-0.9204102
-0.9207153
-0.9179688
-0.9170532
-0.9161377
-0.9136963
-0.9109497
-0.9094238
-0.9075928
-0.8984375
-0.8886719
-0.8743286
-0.8706665
-0.8703613
-0.8407593
-0.802002
-0.7659912
-0.7489014
-0.7403564
-0.7342529
-0.72052
-0.6982422
-0.6747437
-0.6759644
-0.6854248
-0.6942749
-0.6817627
-0.6677246
-0.6549072
-0.6356812
-0.6326294
-0.6329346
-0.6454468
-0.6549072
-0.6637573
-0.6658936
-0.6735229
-0.6829834
-0.7064819
-0.730896
-0.7525635
-0.7699585
-0.7839966
-0.7965088
-0.7681274
-0.7293701
-0.6912231
-0.6912231
-0.6970215
-0.7003784
-0.7037354
-0.7061768
-0.7086182
-0.6994629
-0.6939697
-0.690918
-0.6958008
-0.697937
-0.6991577
-0.6814575
-0.663147
-0.645752
-0.6677246
-0.6912231
-0.7110596
-0.7177734
-0.7226563
-0.7284546
-0.7418823
-0.7562256
-0.7696533
-0.7836914
-0.7965088
-0.8074951
-0.8117676
-0.8154297
-0.8197021
-0.8267212
-0.8096313
-0.8389282
-0.7940674
-0.8148193
-0.8395386
-0.8294678
-0.8599854
-0.8538818
-0.8840942
-0.8764648
-0.9054565
-0.874939
-0.8728027
-0.8496094
-0.8761597
-0.8612061
-0.8422852
-0.8233643
-0.8163452
-0.848999
-0.8416748
-0.8554077
-0.8810425
-0.8453369
-0.8468628
-0.8056641
-0.8126831
-0.7910156
-0.7949829
-0.7641602
-0.7235718
-0.6921387
-0.6552124
-0.6561279
-0.6384277
-0.6460571
-0.6661987
-0.7003784
-0.6951904
-0.7342529
-0.7443237
-0.7644653
-0.7910156
-0.819397
-0.8294678
-0.8413696
-0.8395386
-0.8255005
-0.8148193
-0.8029175
-0.8154297
-0.8221436
-0.8349609
-0.8123779
-0.7952881
-0.7678223
-0.7897949
-0.7901001
-0.8056641
-0.8154297
-0.8422852
-0.859375
-0.8621216
-0.8609009
-0.8627319
-0.8642578
-0.869751
-0.8691406
-0.8740234
-0.8618164
-0.8676147
-0.8392334
-0.8215332
-0.7931519
-0.7937622
-0.7720947
-0.7757568
-0.7421875
-0.7418823
-0.718689
-0.6991577
-0.6646729
-0.6530762
-0.6411743
-0.6567383
collision
0
-0.01800537
-0.04394531
-0.07049561
-0.09490967
-0.1126099
-0.1245117
-0.1370239
-0.1586914
-0.1800537
-0.1855469
-0.1849365
-0.184021
-0.1831055
-0.1834106
-0.1846313
-0.2044678
-0.2227783
-0.2432251
-0.2502441
-0.2532959
-0.2606201
-0.2734375
-0.2886963
-0.3033447
-0.3219604
-0.3424072
-0.3625488
-0.3686523
-0.3720093
-0.3753662
-0.3713989
-0.3677368
-0.3659058
-0.3634644
-0.3622437
-0.3622437
-0.3765869
-0.3936768
-0.4101563
-0.3894043
-0.3619385
-0.3329468
-0.3359985
-0.3430176
-0.3491211
-0.3509521
-0.3515625
-0.3518677
-0.362854
-0.3765869
-0.3894043
-0.3979492
-0.4074097
-0.4193115
-0.4312134
-0.4425049
-0.4528809
-0.4644775
-0.4766846
-0.4898071
-0.4876709
-0.480957
-0.475769
-0.4776001
-0.4797363
-0.4815674
-0.4904175
-0.5004883
-0.5105591
-0.5175781
-0.5239868
-0.5303955
-0.5084229
-0.4803467
-0.4516602
-0.4547119
-0.4644775
-0.4751587
-0.4541016
-0.4263306
-0.3982544
-0.3948975
-0.397644
-0.4019165
-0.3927612
-0.378418
-0.3668213
-0.3689575
-0.3747559
-0.380249
-0.3570557
-0.329895
-0.3042603
-0.2859497
-0.2764893
-0.2679443
-0.2478027
-0.223999
-0.199585
-0.2093506
-0.2307129
-0.2505493
-0.2560425
-0.2581787
-0.2670288
-0.2764893
-0.289917
-0.3039551
-0.3128052
-0.3207397
-0.3283691
-0.3405762
-0.3543091
-0.3674316
-0.3781128
-0.3903198
-0.4025269
-0.4110718
-0.4199219
-0.4302979
-0.4296875
-0.4327393
-0.4382324
-0.4537964
-0.4666138
-0.4779053
-0.4562378
-0.4281616
-0.4000854
-0.3909302
-0.3881836
-0.3866577
-0.3677368
-0.3421021
-0.3164673
-0.322876
-0.3347778
-0.3475952
-0.3540039
-0.3570557
-0.3619385
-0.3717041
-0.383606
-0.3945923
-0.3979492
-0.3985596
-0.4003906
-0.4046631
-0.4110718
-0.4177856
-0.4275513
-0.4376221
-0.447998
-0.4589844
-0.4711914
-0.4827881
-0.458374
-0.4275513
-0.3982544
-0.4016113
-0.4104614
-0.418396
-0.4208374
-0.4226685
-0.425415
-0.4296875
-0.4354858
-0.4412842
-0.4492188
-0.458374
-0.4678345
-0.4733276
-0.4779053
-0.4818726
-0.4925537
-0.5050659
-0.5175781
-0.4937744
-0.4641724
-0.4342651
-0.4397583
-0.4516602
-0.4641724
-0.46875
-0.4733276
-0.4797363
-0.4541016
-0.4226685
-0.3933716
-0.3933716
-0.3979492
-0.4016113
-0.3775024
-0.3488159
-0.3210449
-0.3237915
-0.3347778
-0.3466797
-0.3530884
-0.3582764
-0.3631592
-0.3683472
-0.3747559
-0.3823853
-0.3924561
-0.4052734
-0.418396
-0.4269409
-0.4327393
-0.4376221
-0.4421997
-0.4458618
-0.4501343
-0.447998
-0.4473877
-0.4464722
-0.4434204
-0.4437256
-0.4455566
-0.4190063
-0.3890991
-0.3610229
-0.3546143
-0.3500366
-0.345459
-0.3363037
-0.3381348
-0.3436279
-0.3616333
-0.3756714
-0.3878784
-0.3851318
-0.3820801
-0.3799438
-0.3939819
-0.4083252
-0.4232788
-0.4333496
-0.4421997
-0.4522705
-0.4623413
-0.4766846
-0.4922485
-0.4986572
-0.5010986
-0.50354
-0.4995728
-0.4971313
-0.4962158
-0.5001831
-0.5059814
-0.5130005
-0.5108643
-0.5123901
-0.5172729
-0.5319214
-0.5456543
-0.557251
-0.567627
-0.5780029
-0.5880737
-0.5926514
-0.5969238
-0.6018066
-0.6063843
-0.6161499
-0.6277466
-0.6417847
-0.6539917
-0.6668091
-0.6652832
-0.6655884
-0.6674194
-0.6842041
-0.6985474
-0.7119751
-0.7214355
-0.7269287
-0.7321167
-0.7028198
-0.6661987
-0.6332397
-0.637207
-0.6497192
-0.6607056
-0.6692505
-0.6759644
-0.6811523
-0.6967163
-0.7156372
-0.7336426
-0.7403564
-0.743103
-0.7455444
-0.7568359
-0.7723999
-0.7879639
-0.7940674
-0.7958984
-0.7992554
-0.8041382
-0.8078003
-0.8102417
-0.7839966
-0.7504272
-0.7189941
-0.703125
-0.6967163
-0.6912231
-0.7095337
-0.725708
-0.7400513
-0.7498169
-0.753479
-0.7562256
-0.7565308
-0.7589722
-0.7629395
-0.765686
-0.763855
-0.7629395
-0.7531738
-0.7470703
-0.7424927
-0.7556152
-0.7714844
-0.7876587
-0.7989502
-0.8041382
-0.8084106
-0.8050537
-0.8062744
-0.8096313
-0.8001709
-0.7769775
-0.753479
-0.7437134
-0.7424927
-0.7418823
-0.741272
-0.7415771
-0.7418823
-0.7525635
-0.7601929
-0.7669067
-0.7720947
-0.7821655
-0.7913208
-0.786438
-0.7788086
-0.7711792
-0.7720947
-0.7754517
-0.7788086
-0.7928467
-0.8071899
-0.8187866
-0.8029175
-0.7846069
-0.7678223
-0.7824707
-0.7971191
-0.8166504
-0.8200073
-0.8157349
-0.8200073
-0.786438
-0.7885742
-0.7485962
-0.7839966
-0.8001709
-0.809021
-0.819397
-0.8120728
-0.8135986
-0.8102417
-0.7958984
-0.8013916
-0.7608032
-0.7266235
-0.6838989
-0.6640625
-0.6616211
-0.6640625
-0.657959
-0.6271362
-0.6408691
-0.6616211
-0.6674194
collision
0
-0.01678467
-0.04302979
-0.06317139
-0.07415771
-0.08117676
-0.09429932
-0.1004028
-0.1022339
-0.1119995
-0.1159668
-0.1226807
-0.1263428
-0.1293945
-0.133667
-0.1321411
-0.145874
-0.1602173
-0.1742554
-0.171814
-0.171814
-0.168457
-0.1727295
-0.1794434
-0.1852417
-0.196228
-0.2062988
-0.2175903
-0.2227783
-0.2246094
-0.2313232
-0.2276611
-0.222168
-0.21698
-0.2081299
-0.2005005
-0.1934814
-0.2041626
-0.2230835
-0.2371216
-0.2532959
-0.267334
-0.2825928
-0.3009033
-0.3204346
-0.340271
-0.3515625
-0.3601074
-0.3692627
-0.3704834
-0.3713989
-0.3735352
-0.3848267
-0.3961182
-0.4083252
-0.4125977
-0.4156494
-0.4187012
-0.4135132
-0.4086304
-0.4067993
-0.418396
-0.4318237
-0.4443359
-0.4562378
-0.4678345
-0.4800415
-0.4888916
-0.4980469
-0.5081177
-0.5075073
-0.5072021
-0.508728
-0.5194092
-0.5310059
-0.5429077
-0.5599976
-0.579834
-0.5993652
-0.6048584
-0.6048584
-0.6054688
-0.6021118
-0.5996704
-0.5990601
-0.602417
-0.6069946
-0.6115723
-0.6268311
-0.6469727
-0.6658936
-0.6716919
-0.6716919
-0.6716919
-0.6719971
-0.6695557
-0.6686401
-0.663147
-0.6719971
-0.6796265
-0.6854248
-0.6933594
-0.7028198
-0.7128906
-0.7214355
-0.7305908
-0.7290649
-0.7241821
-0.718689
-0.7254028
-0.7351685
-0.7449341
-0.7479858
-0.7495117
-0.7522583
-0.7592773
-0.769043
-0.7788086
-0.7904053
-0.8010864
-0.8111572
-0.8184814
-0.8239746
-0.8297729
-0.8255005
-0.8200073
-0.8151245
-0.8233643
-0.8355713
-0.8474731
-0.8535767
-0.8590698
-0.8657837
-0.8654785
-0.8627319
-0.8596802
-0.8581543
-0.8581543
-0.8584595
-0.8551025
-0.854187
-0.8535767
-0.8572388
-0.8648682
-0.8734131
-0.8850098
-0.8905029
-0.8947754
-0.9005737
-0.9082031
-0.9158325
-0.9204102
-0.9225464
-0.9237671
-0.921936
-0.9222412
-0.9234619
-0.9066772
-0.8786011
-0.8505249
-0.8380127
-0.8374023
-0.8395386
-0.8389282
-0.8361816
-0.8349609
-0.8422852
-0.8529663
-0.864563
-0.8770752
-0.8886719
-0.899353
-0.871582
-0.8334351
-0.7955933
-0.7772827
-0.7693481
-0.7632446
-0.7800293
-0.7946777
-0.8071899
-0.8129883
-0.8154297
-0.8166504
-0.8273315
-0.838623
-0.8483887
-0.8517456
-0.859375
-0.8700562
-0.8816528
-0.8929443
-0.9094238
-0.9091187
-0.921936
-0.9048462
-0.9152222
-0.8972168
-0.904541
-0.8996582
-0.8743286
-0.8563232
-0.8483887
-0.8563232
-0.8691406
-0.8609009
-0.8547974
-0.8514404
-0.8563232
-0.8605957
-0.8691406
-0.8718872
-0.8905029
-0.8691406
-0.8969116
-0.9274292
-0.9075928
-0.9365845
-0.9292603
-0.9231567
-0.9085083
-0.9020996
-0.9240723
-0.9115601
-0.9381104
-0.90271
-0.9158325
-0.9140015
-0.9002686
-0.9133911
-0.9161377
-0.9310913
-0.9399414
-0.9494019
-0.9603882
-0.9509277
-0.9320068
-0.9185791
-0.9262085
-0.9295654
-0.9579468
-0.9262085
-0.8810425
-0.8441162
-0.8218384
-0.852356
-0.836792
-0.854187
-0.8685303
-0.8532715
-0.8721924
-0.8511353
-0.8569336
-0.8520508
-0.8499146
-0.8401489
-0.8303833
-0.8117676
-0.7943726
-0.809021
-0.8334351
-0.8374023
-0.8328247
-0.8300781
-0.8181763
-0.8258057
-0.8297729
-0.8584595
-0.84198
-0.847168
-0.8459473
-0.866394
-0.8483887
-0.8267212
-0.8117676
-0.7876587
-0.8078003
-0.765686
-0.7830811
-0.8026123
-0.776062
-0.7901001
-0.7571411
-0.7598877
-0.7537842
-0.7489014
-0.748291
-0.7333374
-0.7443237
collision
0
-0.01739502
-0.04425049
-0.0692749
-0.09490967
-0.1144409
-0.1333618
-0.1516724
-0.1620483
-0.1779175
-0.1922607
-0.2081299
-0.222168
-0.2371216
-0.2511597
-0.2587891
-0.2606201
-0.2667236
-0.2706909
-0.2755737
-0.2807617
-0.274353
-0.269165
-0.2694702
-0.2825928
-0.2987671
-0.3134155
-0.3271484
-0.3424072
-0.357666
-0.3735352
-0.3878784
-0.4034424
-0.4129028
-0.4220581
-0.4302979
-0.4074097
-0.375061
-0.3439331
-0.3414917
-0.3433228
-0.345459
-0.3421021
-0.3372192
-0.3356934
-0.3369141
-0.3399658
-0.3417969
-0.34729
-0.3536987
-0.3607178
-0.3640747
-0.3631592
-0.3631592
-0.3796387
-0.3988647
-0.4187012
-0.4266357
-0.4321289
-0.4379272
-0.4144287
-0.3863525
-0.357666
-0.3631592
-0.3735352
-0.3860474
-0.3909302
-0.3952026
-0.3994751
-0.4034424
-0.4089355
-0.4150391
-0.4315186
-0.4507446
-0.4693604
-0.473938
-0.4745483
-0.4763794
-0.4898071
-0.5059814
-0.5215454
-0.5227661
-0.5209351
-0.5197144
-0.5239868
-0.52948
-0.5349731
-0.5316162
-0.5264282
-0.5227661
-0.5227661
-0.5322266
-0.541687
-0.546875
-0.552063
-0.5560303
-0.5575562
-0.5569458
-0.5563354
-0.569458
-0.5877686
-0.6063843
-0.5895996
-0.5618286
-0.5337524
-0.5395508
-0.5545044
-0.5703735
-0.5862427
-0.6011963
-0.6161499
-0.630188
-0.6436157
-0.6570435
-0.6661987
-0.6732178
-0.6796265
-0.690918
-0.7040405
-0.7174683
-0.723877
-0.7269287
-0.7299805
-0.7330322
-0.7373047
-0.7409668
-0.7473755
-0.7543945
-0.7614136
-0.7662964
-0.7723999
-0.7797241
-0.793457
-0.8056641
-0.8169556
-0.8306885
-0.8462524
-0.8615112
-0.8612061
-0.8575439
-0.8554077
-0.859375
-0.8639526
-0.8688354
-0.8837891
-0.9024048
-0.9210205
-0.9292603
-0.9320068
-0.9359741
-0.9387207
-0.9393311
-0.9402466
-0.9481812
-0.960083
-0.9707642
-0.9857178
-1.001587
-1.023865
-1.015015
-1.002808
-0.9973145
-0.9777832
-0.9848022
-0.9710693
-0.9906006
-0.9860229
-0.9967041
-0.9783936
-0.9805298
-0.9713745
-0.9658813
-0.9185791
-0.8889771
-0.871582
-0.8709717
-0.8737183
-0.8636475
-0.8578491
-0.854187
-0.8554077
-0.8563232
-0.8581543
-0.8648682
-0.8694458
-0.8724976
-0.8700562
-0.8679199
-0.8657837
-0.8517456
-0.8401489
-0.8319092
-0.8282471
-0.8285522
-0.8343506
-0.8377075
-0.8511353
-0.8364868
-0.8612061
-0.8370972
-0.8126831
-0.7907104
-0.7669067
-0.7427979
-0.7150269
-0.6878662
-0.6814575
-0.6881714
-0.6958008
-0.7012939
-0.7025146
-0.7052612
-0.7092285
-0.7226563
-0.7312012
-0.737915
-0.7458496
-0.7571411
-0.7687378
-0.7571411
-0.7452393
-0.7373047
-0.7199097
-0.7022095
-0.6887817
-0.7077026
-0.7247925
-0.7382202
-0.7199097
-0.6942749
-0.6692505
-0.6820679
-0.7064819
-0.7293701
-0.7055664
-0.6729126
-0.6430054
-0.6542969
-0.6738281
-0.690918
-0.6845093
-0.6790161
-0.6756592
-0.6964111
-0.7180786
-0.7366943
-0.7305908
-0.7254028
-0.7223511
-0.7025146
-0.6729126
-0.6463623
-0.619812
-0.5987549
-0.5792236
-0.5899048
-0.6033325
-0.6167603
-0.6393433
-0.6542969
-0.6665039
-0.682373
-0.696106
-0.7064819
-0.7156372
-0.718689
-0.7199097
-0.7125854
-0.7064819
-0.7009888
-0.6820679
-0.6668091
-0.6546021
-0.6646729
-0.6756592
-0.6845093
-0.6710815
-0.6628418
-0.6481934
-0.6509399
-0.6338501
-0.6463623
-0.640564
-0.65979
-0.6491089
-0.6781006
-0.68573
-0.7019043
-0.6890869
-0.6771851
-0.6668091
-0.6921387
-0.7022095
-0.7217407
-0.7092285
-0.7177734
-0.7202148
-0.7296753
-0.7510376
-0.7498169
-0.7745361
-0.7568359
-0.7815552
-0.7434082
-0.7479858
-0.7150269
-0.7351685
-0.7049561
-0.7235718
-0.6970215
-0.718689
-0.7208252
collision
0
-0.01739502
-0.04333496
-0.06744385
-0.09277344
-0.111084
-0.1245117
-0.1528931
-0.1727295
-0.189209
-0.199585
-0.2148438
-0.2020264
-0.1773071
-0.1544189
-0.1318359
-0.1370239
-0.1391602
-0.1522827
-0.1602173
-0.1702881
-0.1812744
-0.1959229
-0.2090454
-0.2212524
-0.2355957
-0.2496338
-0.2703857
-0.2914429
-0.3121948
-0.3167725
-0.3204346
-0.3268433
-0.3286743
-0.3271484
-0.3274536
-0.335083
-0.3451538
-0.3546143
-0.3567505
-0.357666
-0.3594971
-0.3356934
-0.3079224
-0.2822876
-0.2804565
-0.2819824
-0.2902222
-0.2975464
-0.3067017
-0.3164673
-0.3213501
-0.3234863
-0.3277588
-0.3094482
-0.2828979
-0.2575684
-0.25177
-0.2563477
-0.262146
-0.2749634
-0.2896118
-0.3042603
-0.3137207
-0.3244019
-0.3356934
-0.3436279
-0.3503418
-0.3573608
-0.3677368
-0.380249
-0.3939819
-0.4095459
-0.4232788
-0.4370117
-0.440979
-0.4428101
-0.4452515
-0.4516602
-0.4586792
-0.4660034
-0.4391479
-0.4046631
-0.369873
-0.340271
-0.3109741
-0.2832031
-0.289917
-0.3009033
-0.3128052
-0.3250122
-0.3384399
-0.3509521
-0.3530884
-0.3518677
-0.352478
-0.3509521
-0.3509521
-0.3509521
-0.3656006
-0.3820801
-0.3982544
-0.4052734
-0.4101563
-0.4156494
-0.4180908
-0.4223633
-0.4272461
-0.440979
-0.4550171
-0.46875
-0.479126
-0.4885864
-0.5001831
-0.5041504
-0.506897
-0.508728
-0.5099487
-0.5126953
-0.5166626
-0.5163574
-0.5151367
-0.5148315
-0.5184937
-0.5249023
-0.5319214
-0.5407715
-0.5493164
-0.557251
-0.5740356
-0.5941772
-0.6137085
-0.6265259
-0.6369019
-0.6478882
-0.6628418
-0.680542
-0.6982422
-0.7043457
-0.7098389
-0.7156372
-0.7266235
-0.7397461
-0.7519531
-0.7662964
-0.7794189
-0.791626
-0.7931519
-0.7901001
-0.786438
-0.7901001
-0.7965088
-0.8023071
-0.8087158
-0.8163452
-0.8227539
-0.8261108
-0.8294678
-0.8325195
-0.8355713
-0.8432007
-0.8502197
-0.8398438
-0.8200073
-0.8007813
-0.7928467
-0.7971191
-0.8023071
-0.8105469
-0.8251953
-0.8398438
-0.8450317
-0.8444214
-0.8450317
-0.8291626
-0.8007813
-0.7736206
-0.7711792
-0.7785034
-0.7852173
-0.7943726
-0.8056641
-0.8148193
-0.8178711
-0.8215332
-0.8261108
-0.8358765
-0.8447266
-0.8544922
-0.8535767
-0.8535767
-0.8544922
-0.8526611
-0.8514404
-0.8502197
-0.8239746
-0.7901001
-0.7589722
-0.7342529
-0.7092285
-0.6845093
-0.6869507
-0.6994629
-0.7110596
-0.7299805
-0.7473755
-0.7629395
-0.7745361
-0.7888794
-0.8023071
-0.8123779
-0.81604
-0.8178711
-0.8215332
-0.8276367
-0.8346558
-0.8395386
-0.8465576
-0.8551025
-0.8584595
-0.8291626
-0.8538818
-0.8496094
-0.8737183
-0.859375
-0.8679199
-0.8853149
-0.8935547
-0.9185791
-0.8987427
-0.9283447
-0.9082031
-0.9338379
-0.9033203
-0.9356689
-0.9405518
-0.9405518
-0.9359741
-0.9371948
-0.9475708
-0.9298706
-0.9283447
-0.8999634
-0.9286499
-0.9103394
-0.9390259
-0.9106445
-0.9118652
-0.8935547
-0.9152222
-0.9234619
-0.9320068
-0.9283447
-0.9213257
-0.9121704
-0.894165
-0.8642578
-0.8499146
-0.8319092
-0.8331299
-0.8230591
-0.8285522
-0.8331299
-0.8432007
-0.8575439
-0.8721924
-0.8789063
-0.8554077
-0.8236694
-0.8047485
-0.8105469
-0.8200073
-0.8197021
-0.8135986
-0.8053589
-0.8068848
-0.7897949
-0.786438
-0.7797241
-0.7806396
-0.7647705
-0.7629395
-0.7455444
-0.7501221
-0.7470703
-0.7168579
-0.6863403
-0.6604004
-0.6445313
-0.6332397
-0.6219482
-0.6295776
-0.6341553
-0.6393433
-0.6542969
-0.6762695
-0.6896973
-0.6863403
-0.6762695
-0.6741333
-0.6576538
-0.6454468
-0.6317139
-0.6222534
-0.6182861
-0.6137085
-0.6045532
-0.5895996
-0.5847168
-0.5569458
-0.5441284
-0.52948
-0.5316162
-0.5322266
-0.5358887
-0.5300903
-0.5252075
-0.5239868
-0.5554199
-0.567627
-0.5981445
-0.604248
-0.6332397
-0.6500244
-0.6365967
-0.6222534
-0.6130981
-0.6759644
-0.6469727
-0.612793
-0.5770874
-0.5389404
-0.508728
-0.475769
collision
0
-0.01281738
-0.02868652
-0.04974365
-0.06195068
-0.050354
-0.02227783
0.004272461
0.007019043
-0.008850098
-0.02502441
-0.03540039
-0.04089355
-0.04943848
-0.05371094
-0.0692749
-0.07751465
-0.08392334
-0.09613037
-0.1074219
-0.1165771
-0.1159668
-0.1196289
-0.1132202
-0.09002686
-0.0668335
-0.04760742
-0.05004883
-0.0579834
-0.06286621
-0.07080078
-0.0793457
-0.08361816
-0.09552002
-0.1052856
-0.1126099
-0.1171875
-0.1223755
-0.1403809
-0.1611328
-0.1794434
-0.1828003
-0.1861572
-0.19104
-0.1971436
-0.2044678
-0.2105713
-0.2160645
-0.2166748
-0.2218628
-0.2011108
-0.1809692
-0.1568604
-0.1473999
-0.1544189
-0.1635742
-0.1696777
-0.1794434
-0.189209
-0.2026367
-0.2197266
-0.2383423
-0.2218628
-0.1937866
-0.1675415
-0.1730347
-0.1873779
-0.2038574
-0.2160645
-0.229187
-0.2426147
-0.2362061
-0.2252197
-0.2182007
-0.2215576
-0.2215576
-0.2230835
-0.234375
-0.241394
-0.2529907
-0.2554321
-0.2557373
-0.2575684
-0.2703857
-0.2798462
-0.2920532
-0.3024292
-0.3143311
-0.3277588
-0.3359985
-0.3424072
-0.3497314
-0.3631592
-0.3796387
-0.3967285
-0.4092407
-0.4193115
-0.4293823
-0.4400635
-0.4501343
-0.4611206
-0.4580688
-0.4547119
-0.4525757
-0.4653931
-0.4788208
-0.4925537
-0.4699707
-0.4373169
-0.4058838
-0.4104614
-0.4214478
-0.4330444
-0.4501343
-0.46875
-0.4867554
-0.50354
-0.519104
-0.5358887
-0.5142212
-0.4821777
-0.4516602
-0.4418945
-0.4379272
-0.435791
-0.4415894
-0.4470825
-0.453186
-0.430603
-0.3991699
-0.3683472
-0.3738403
-0.3912354
-0.4092407
-0.4226685
-0.4367065
-0.4519653
-0.4556274
-0.4574585
-0.4608154
-0.4638672
-0.4678345
-0.4727173
-0.4449463
-0.4116821
-0.3811646
-0.3921509
-0.4074097
-0.4229736
-0.4403687
-0.458374
-0.4763794
-0.4925537
-0.5081177
-0.5233765
-0.5285645
-0.5337524
-0.5395508
-0.5477905
-0.5548096
-0.562439
-0.5682373
-0.5731201
-0.5783081
-0.5813599
-0.5834961
-0.5865479
-0.5856323
-0.5859375
-0.5856323
-0.5853271
-0.5856323
-0.5862427
-0.5886841
-0.5905151
-0.5932617
-0.6054688
-0.6225586
-0.6402588
-0.6506348
-0.6585693
-0.6658936
-0.6707764
-0.6765747
-0.6826782
-0.68573
-0.6912231
-0.6976318
-0.7061768
-0.7131958
-0.7202148
-0.725708
-0.7302856
-0.7357788
-0.737915
-0.7446289
-0.7537842
-0.7623291
-0.7644653
-0.7666016
-0.7727051
-0.7806396
-0.7870483
-0.7894897
-0.7891846
-0.788269
-0.7885742
-0.7885742
-0.788269
-0.7577515
-0.718689
-0.680542
-0.6747437
-0.6784058
-0.6832886
-0.6918335
-0.6994629
-0.7064819
-0.7162476
-0.7296753
-0.7421875
-0.7171631
-0.6796265
-0.6436157
-0.6436157
-0.6552124
-0.6674194
-0.6790161
-0.6887817
-0.6976318
-0.7098389
-0.7196045
-0.7290649
-0.7357788
-0.7449341
-0.753479
-0.7608032
-0.7678223
-0.774231
-0.7855225
-0.7980347
-0.8099365
-0.8163452
-0.819397
-0.8218384
-0.8151245
-0.8102417
-0.8068848
-0.8053589
-0.8068848
-0.8105469
-0.8261108
-0.8416748
-0.8544922
-0.8599854
-0.8609009
-0.8615112
-0.8709717
-0.8816528
-0.8911133
-0.892334
-0.8972168
-0.9088135
-0.9066772
-0.9362793
-0.9100342
-0.9396362
-0.925293
-0.9338379
-0.9240723
-0.9552002
-0.9432983
-0.9707642
-0.9359741
-0.9661865
-0.9225464
-0.9527588
-0.9442139
-0.9365845
-0.9210205
-0.9341431
-0.9039307
-0.9310913
-0.9396362
-0.9246826
-0.9140015
-0.8944702
-0.8999634
-0.881958
-0.9136963
-0.8789063
-0.8694458
-0.8352661
-0.8486938
-0.8349609
-0.8526611
-0.864563
-0.8648682
-0.8685303
-0.8853149
-0.866394
-0.8856201
-0.847168
-0.8309937
-0.7955933
-0.7995605
-0.7699585
-0.7785034
-0.7614136
-0.7785034
-0.7711792
-0.7736206
-0.7693481
-0.7635498
-0.7577515
-0.7608032
-0.7543945
-0.7318115
-0.7055664
-0.6884766
-0.6729126
-0.6735229
-0.6674194
-0.6707764
-0.6509399
-0.6604004
-0.6253052
-0.6112671
-0.5783081
-0.5993652
-0.5908203
-0.5804443
-0.5786133
-0.5892944
-0.6173706
-0.6149292
-0.6069946
-0.6051636
-0.6237793
-0.6445313
-0.6585693
-0.6549072
-0.6378174
-0.637207
-0.6295776
-0.6427002
-0.6314087
-0.6109619
-0.5767822
-0.5645752
-0.5593872
-0.5715942
-0.5581665
-0.5267334
-0.4901123
-0.4537964
-0.4681396
-0.4782104
-0.4849243
-0.4437256
-0.3994751
-0.3625488
-0.3469849
-0.3378296
-0.3222656
-0.3378296
-0.3329468
-0.3262329
-0.2911377
-0.2542114
-0.218811
-0.2313232
-0.2233887
-0.229187
-0.234375
-0.2590942
-0.2587891
-0.2627563
collision
0
-0.01678467
-0.04302979
-0.06896973
-0.09490967
-0.1199341
-0.1293945
-0.1416016
-0.1489258
-0.1507568
-0.1589966
-0.1696777
-0.1818848
-0.194397
-0.1980591
-0.2001953
-0.2001953
-0.2120972
-0.2246094
-0.2401733
-0.25177
-0.2615356
-0.2706909
-0.2874756
-0.3070068
-0.3262329
-0.335083
-0.3448486
-0.3579712
-0.3805542
-0.4031372
-0.4248047
-0.4376221
-0.4483032
-0.4589844
-0.4623413
-0.4644775
-0.4666138
-0.4699707
-0.4745483
-0.4782104
-0.4800415
-0.4821777
-0.4864502
-0.4922485
-0.4986572
-0.5050659
-0.5126953
-0.5209351
-0.52948
-0.5386353
-0.5474854
-0.5560303
-0.553894
-0.5474854
-0.5419922
-0.5340576
-0.534668
-0.5352783
-0.541687
-0.5493164
-0.557251
-0.5358887
-0.5078125
-0.4800415
-0.4748535
-0.4754639
-0.4760742
-0.4733276
-0.4711914
-0.4705811
-0.4714966
-0.4705811
-0.4699707
-0.4718018
-0.4760742
-0.4818726
-0.4885864
-0.4962158
-0.5044556
-0.5148315
-0.5285645
-0.5435181
-0.546875
-0.546875
-0.5459595
-0.5471802
-0.5480957
-0.5490112
-0.5548096
-0.5627441
-0.5703735
-0.5743408
-0.5767822
-0.5807495
-0.5770874
-0.5709839
-0.5667114
-0.5691528
-0.5715942
-0.5740356
-0.5856323
-0.6011963
-0.6161499
-0.6237793
-0.6280518
-0.6317139
-0.640564
-0.6509399
-0.6600952
-0.6613159
-0.6640625
-0.6689453
-0.6781006
-0.6848145
-0.690918
-0.6982422
-0.7070923
-0.7159424
-0.7159424
-0.7116699
-0.7095337
-0.7162476
-0.7247925
-0.7336426
-0.7312012
-0.7254028
-0.718689
-0.7223511
-0.7305908
-0.7394409
-0.7452393
-0.7495117
-0.7528687
-0.7492065
-0.7470703
-0.7467651
-0.760498
-0.7778931
-0.7943726
-0.7977295
-0.7989502
-0.802002
-0.8053589
-0.8056641
-0.8053589
-0.8084106
-0.8139038
-0.8203125
-0.8224487
-0.8251953
-0.8306885
-0.8480835
-0.8670044
-0.8859253
-0.8886719
-0.8850098
-0.881958
-0.8898926
-0.9005737
-0.9118652
-0.8938599
-0.8636475
-0.8340454
-0.8227539
-0.8236694
-0.826416
-0.8251953
-0.8215332
-0.8184814
-0.8200073
-0.8227539
-0.8261108
-0.8267212
-0.8276367
-0.8285522
-0.8303833
-0.8361816
-0.8428955
-0.8328247
-0.8074951
-0.7815552
-0.7830811
-0.7952881
-0.8065796
-0.8099365
-0.8102417
-0.8117676
-0.8206177
-0.8312988
-0.8407593
-0.8468628
-0.8514404
-0.8551025
-0.8364868
-0.8071899
-0.7785034
-0.758667
-0.748291
-0.7388306
-0.7336426
-0.7312012
-0.7324219
-0.7437134
-0.7540894
-0.7623291
-0.7763672
-0.7888794
-0.798645
-0.7904053
-0.7821655
-0.7745361
-0.7757568
-0.7754517
-0.776062
-0.763855
-0.7421875
-0.718689
-0.7061768
-0.7055664
-0.7061768
-0.6948853
-0.6726074
-0.6497192
-0.65979
-0.6774902
-0.6921387
-0.6793213
-0.6658936
-0.6536865
-0.6726074
-0.6872559
-0.6997681
-0.7040405
-0.7116699
-0.7208252
-0.7339478
-0.7400513
-0.7455444
-0.7324219
-0.7235718
-0.7171631
-0.703125
-0.692749
-0.6863403
-0.6784058
-0.6750488
-0.6747437
-0.6954956
-0.7144165
-0.7327271
-0.7333374
-0.7363892
-0.730896
-0.7595825
-0.7476807
-0.7351685
-0.7150269
-0.6958008
-0.6964111
-0.7077026
-0.7174683
-0.7263184
-0.7055664
-0.680542
-0.6570435
-0.6256104
-0.5914307
-0.5618286
-0.5599976
-0.5599976
-0.5569458
-0.5615234
-0.5715942
-0.5801392
-0.5859375
-0.5899048
-0.5926514
-0.5822754
-0.5764771
-0.5715942
-0.5780029
-0.5783081
-0.5776978
-0.5511475
-0.5227661
-0.4962158
-0.4660034
-0.447998
-0.4351807
-0.4135132
-0.3924561
-0.3713989
-0.3921509
-0.4077148
-0.4202271
-0.4318237
-0.4415894
-0.4501343
-0.4672241
-0.4806519
-0.4937744
-0.4998779
-0.5044556
-0.5059814
-0.486145
-0.4705811
-0.4608154
-0.4598999
-0.4602051
-0.4611206
-0.4763794
-0.4858398
-0.4916382
-0.4879761
-0.4867554
-0.4855347
-0.4614258
-0.4391479
-0.4177856
-0.4367065
-0.4510498
-0.461731
-0.4602051
-0.4595947
-0.4589844
-0.4476929
-0.4388428
-0.4321289
collision
0
-0.01678467
-0.04302979
-0.04119873
-0.01556396
0.0100708
0.005187988
-0.009155273
-0.03204346
-0.01922607
0.003967285
0.02716064
0.03845215
0.02929688
0.01953125
0.009460449
0.00213623
-0.008239746
-0.02044678
-0.03387451
-0.03936768
-0.03356934
-0.0100708
0.01281738
0.02288818
0.003662109
-0.01281738
-0.02807617
-0.0402832
-0.05981445
-0.04760742
-0.02502441
-0.001525879
0.005187988
-0.01464844
-0.03570557
-0.05065918
-0.06530762
-0.07476807
-0.08178711
-0.08636475
-0.09185791
-0.09857178
-0.1104736
-0.1141357
-0.1330566
-0.1455688
-0.1626587
-0.1782227
-0.1922607
-0.2081299
-0.2279663
-0.2481079
-0.2694702
-0.2844238
-0.2996826
-0.3143311
-0.3277588
-0.3436279
-0.3610229
-0.3720093
-0.3790283
-0.3860474
-0.3939819
-0.4013062
-0.4089355
-0.4104614
-0.4071045
-0.4049683
-0.3805542
-0.350647
-0.3231812
-0.3219604
-0.3320313
-0.3427124
-0.3521729
-0.3610229
-0.3683472
-0.3781128
-0.3884888
-0.3997803
-0.3985596
-0.3964233
-0.3945923
-0.4052734
-0.4199219
-0.43396
-0.4379272
-0.4406738
-0.4440308
-0.4525757
-0.4641724
-0.4754639
-0.4812622
-0.4864502
-0.4928589
-0.4980469
-0.5020142
-0.5047607
-0.5072021
-0.5093384
-0.5111694
-0.5151367
-0.5187988
-0.5230713
-0.5310059
-0.5407715
-0.5496216
-0.5627441
-0.5773926
-0.5905151
-0.5944824
-0.5963135
-0.5996704
-0.5993652
-0.6008911
-0.604248
-0.6060791
-0.6054688
-0.6045532
-0.6051636
-0.6051636
-0.6051636
-0.6072998
-0.612793
-0.6201172
-0.6311035
-0.6396484
-0.6484985
-0.6567383
-0.6643677
-0.6732178
-0.675354
-0.6747437
-0.6744385
-0.6796265
-0.6900024
-0.7012939
-0.7080078
-0.7080078
-0.7077026
-0.7104492
-0.7144165
-0.7180786
-0.7293701
-0.7449341
-0.7598877
-0.7696533
-0.7788086
-0.7879639
-0.798645
-0.8114624
-0.8248901
-0.8297729
-0.8276367
-0.8251953
-0.8215332
-0.8181763
-0.81604
-0.8209229
-0.8279419
-0.8343506
-0.8453369
-0.8575439
-0.8706665
-0.8822632
-0.8932495
-0.9033203
-0.9118652
-0.9185791
-0.925293
-0.9185791
-0.9075928
-0.897522
-0.8758545
-0.8453369
-0.8151245
-0.8053589
-0.8056641
-0.8065796
-0.809021
-0.8120728
-0.8157349
-0.8151245
-0.8154297
-0.81604
-0.8276367
-0.8450317
-0.8621216
-0.8728027
-0.8789063
-0.8847046
-0.8868408
-0.8929443
-0.904541
-0.9112549
-0.9185791
-0.9173584
-0.9347534
-0.9133911
-0.9197998
-0.9024048
-0.8972168
-0.8956909
-0.9042358
-0.9130859
-0.9204102
-0.9191895
-0.9240723
-0.9289551
-0.9387207
-0.914917
-0.9469604
-0.9173584
-0.9594727
-0.9854126
-0.9732056
-0.9893799
-1.000061
-1.019287
-0.993042
-0.9802246
-0.9619141
-0.9405518
-0.9753418
-0.9375
-0.9454346
-0.9210205
-0.8984375
-0.9100342
-0.9228516
-0.9429932
-0.942688
-0.9771729
-0.970459
-1.002808
-1.008606
-1.027527
-1.013489
-1.028442
-1.001892
-1.014404
-0.9658813
-1.005249
-0.97229
-1.00647
-1.007385
-1.01532
-1.040955
-1.044006
-1.013489
-0.9841919
-0.9585571
-0.9542847
-0.960083
-0.9814453
-0.9606934
-0.9844971
-0.9796143
-0.9436035
-0.9381104
-0.9106445
-0.9277344
-0.9481812
-0.9191895
-0.9185791
-0.9179688
-0.9170532
-0.8868408
-0.9164429
-0.8792114
-0.9014893
-0.9222412
-0.9371948
-0.9588623
-0.9634399
-0.9829712
-0.9841919
-1.005859
-0.9921265
-1.002197
-0.9838867
-1.00708
-0.9915161
-0.9954834
-0.9835815
-0.9790039
-0.9835815
-0.9915161
-0.9643555
-0.9643555
-0.9295654
-0.8978271
-0.8840942
-0.9014893
-0.9100342
-0.9262085
-0.9289551
-0.9442139
-0.9463501
-0.9606934
-0.9350586
-0.9188843
-0.8984375
-0.90271
collision
0
-0.01678467
-0.04486084
-0.06286621
-0.06774902
-0.06713867
-0.06652832
-0.07324219
-0.07507324
-0.07751465
-0.08575439
-0.1040649
-0.1205444
-0.1318359
-0.1443481
-0.1596069
-0.1757813
-0.1922607
-0.2090454
-0.2185059
-0.2249146
-0.2316284
-0.2307129
-0.2270508
-0.2233887
-0.2270508
-0.2368164
-0.2423096
-0.2441406
-0.2450562
-0.2474976
-0.2511597
-0.2529907
-0.2597046
-0.2764893
-0.295105
-0.3140259
-0.3158569
-0.3149414
-0.317688
-0.2935791
-0.2734375
-0.2493286
-0.2435303
-0.2496338
-0.2590942
-0.2593994
-0.2648926
-0.2685547
-0.2819824
-0.2935791
-0.305481
-0.3076172
-0.3070068
-0.3100586
-0.3210449
-0.3353882
-0.3500366
-0.3613281
-0.3717041
-0.3826904
-0.3598022
-0.3314209
-0.3045654
-0.3015137
-0.3060913
-0.3060913
-0.3256226
-0.3463745
-0.3671265
-0.3695679
-0.369873
-0.3726196
-0.3491211
-0.3219604
-0.2966309
-0.2975464
-0.3036499
-0.3112793
-0.3189087
-0.3320313
-0.3457642
-0.3625488
-0.3808594
-0.3988647
-0.4058838
-0.4110718
-0.4190063
-0.4269409
-0.4345703
-0.4418945
-0.4486084
-0.4534912
-0.4589844
-0.4574585
-0.4568481
-0.4589844
-0.4351807
-0.4067993
-0.3790283
-0.3811646
-0.3887939
-0.3945923
-0.4016113
-0.4092407
-0.4187012
-0.4220581
-0.4229736
-0.4248047
-0.4333496
-0.4434204
-0.4541016
-0.4663086
-0.4779053
-0.4904175
-0.496521
-0.50354
-0.5105591
-0.5187988
-0.5267334
-0.5349731
-0.5151367
-0.4870605
-0.4598999
-0.4608154
-0.4684448
-0.475769
-0.4870605
-0.5004883
-0.5145264
-0.5218506
-0.5307007
-0.5410767
-0.553894
-0.5688477
-0.5831909
-0.5865479
-0.5865479
-0.5859375
-0.5990601
-0.6158447
-0.632019
-0.6393433
-0.6439209
-0.6491089
-0.657959
-0.6698608
-0.682373
-0.6942749
-0.7064819
-0.7189941
-0.7208252
-0.7229614
-0.7241821
-0.7034302
-0.6750488
-0.6466675
-0.6365967
-0.6338501
-0.6311035
-0.6317139
-0.6314087
-0.6311035
-0.6307983
-0.635376
-0.6408691
-0.6149292
-0.5819702
-0.5514526
-0.5535889
-0.562439
-0.5697632
-0.5502319
-0.5215454
-0.4940796
-0.489502
-0.4919434
-0.4943848
-0.4684448
-0.4327393
-0.3970337
-0.3909302
-0.3945923
-0.3982544
-0.4067993
-0.4180908
-0.4296875
-0.4089355
-0.3756714
-0.3433228
-0.3512573
-0.3704834
-0.390625
-0.3988647
-0.40802
-0.418396
-0.4296875
-0.4391479
-0.4498291
-0.4556274
-0.4602051
-0.4641724
-0.4632568
-0.4620361
-0.4623413
-0.4714966
-0.484314
-0.4968262
-0.5078125
-0.5175781
-0.5282593
-0.5349731
-0.5374146
-0.5407715
-0.5325317
-0.5267334
-0.5224609
-0.5300903
-0.5401611
-0.5508423
-0.5706787
-0.5914307
-0.6106567
-0.617981
-0.6259155
-0.6375122
-0.6530762
-0.6652832
-0.6762695
-0.6759644
-0.6750488
-0.6738281
-0.6661987
-0.6604004
-0.657959
-0.6689453
-0.6793213
-0.6878662
-0.6781006
-0.6689453
-0.663147
-0.682373
-0.7037354
-0.7247925
-0.7369995
-0.7507324
-0.7641602
-0.7821655
-0.7962036
-0.8096313
-0.8172607
-0.8224487
-0.8261108
-0.8340454
-0.8474731
-0.8609009
-0.869751
-0.8761597
-0.8828735
-0.8779907
-0.8728027
-0.8700562
-0.8752441
-0.8773804
-0.8789063
-0.8883667
-0.8999634
-0.9109497
-0.899353
-0.8847046
-0.8703613
-0.8688354
-0.8889771
-0.9082031
-0.8963013
-0.9204102
-0.8822632
-0.90271
-0.9075928
-0.8834839
-0.8920288
-0.8651733
-0.8734131
-0.8557129
-0.8343506
-0.8206177
-0.8221436
-0.8337402
-0.8401489
-0.8505249
-0.8673096
-0.8547974
-0.852356
-0.8444214
-0.8395386
-0.8529663
-0.8639526
-0.8761597
-0.8990479
-0.9106445
-0.9237671
-0.9362793
-0.9469604
-0.9585571
-0.9390259
-0.8953857
-0.8581543
-0.8282471
-0.8215332
-0.8294678
-0.8590698
-0.8746338
-0.9033203
-0.8865356
-0.8752441
-0.8554077
-0.8602905
-0.8578491
-0.8685303
-0.8474731
-0.8154297
-0.8026123
-0.8032227
-0.826416
-0.8306885
-0.8529663
-0.8581543
-0.8770752
-0.8740234
-0.8969116
-0.9011841
-0.8822632
-0.8551025
-0.8416748
-0.8163452
-0.7723999
-0.741272
-0.7144165
-0.7241821
-0.7250977
-0.7553101
-0.7632446
-0.7879639
-0.7788086
-0.7894897
-0.7788086
-0.8071899
-0.7913208
-0.8190918
-0.798645
-0.8239746
collision
0
-0.0177002
-0.04364014
-0.06988525
-0.05004883
-0.02380371
0.0006103516
0.01251221
0.009460449
0.008544922
0.003051758
-0.007324219
-0.01617432
-0.02624512
-0.03326416
-0.04516602
-0.05432129
-0.06317139
-0.07537842
-0.07507324
-0.07568359
-0.07904053
-0.0894165
-0.1080322
-0.1196289
-0.1251221
-0.1327515
-0.1434326
-0.1623535
-0.1760864
-0.1901245
-0.1889038
-0.1876831
-0.1889038
-0.2087402
-0.2307129
-0.25177
-0.2606201
-0.2630615
-0.2713013
-0.2792358
-0.2886963
-0.2987671
-0.3121948
-0.3271484
-0.3411865
-0.3570557
-0.3747559
-0.3921509
-0.3973389
-0.3991699
-0.401001
-0.4034424
-0.4071045
-0.4107666
-0.4116821
-0.4125977
-0.4144287
-0.4229736
-0.4333496
-0.4443359
-0.4202271
-0.3887939
-0.3601074
-0.3512573
-0.3488159
-0.3494263
-0.3573608
-0.3649902
-0.3735352
-0.3491211
-0.3152466
-0.2850342
-0.2716064
-0.2682495
-0.2709961
-0.2841187
-0.2993774
-0.3143311
-0.3186035
-0.3237915
-0.329895
-0.3393555
-0.3491211
-0.3588867
-0.3610229
-0.3643799
-0.3689575
-0.3729248
-0.3762817
-0.380249
-0.385437
-0.3918457
-0.3991699
-0.406189
-0.413208
-0.4208374
-0.4223633
-0.4211426
-0.4196167
-0.4244995
-0.4342651
-0.4452515
-0.4568481
-0.4684448
-0.4797363
-0.4870605
-0.4943848
-0.5014038
-0.5044556
-0.5065918
-0.5084229
-0.5151367
-0.5236816
-0.5316162
-0.5487061
-0.567627
-0.5871582
-0.5908203
-0.5895996
-0.5889893
-0.5953979
-0.604248
-0.6134033
-0.617981
-0.6216431
-0.6262207
-0.6298828
-0.6329346
-0.6378174
-0.6524658
-0.6704712
-0.6881714
-0.7037354
-0.7183838
-0.7339478
-0.7324219
-0.7263184
-0.7211304
-0.7275391
-0.7351685
-0.7440186
-0.7525635
-0.763855
-0.7757568
-0.7870483
-0.796814
-0.8068848
-0.8068848
-0.8053589
-0.8044434
-0.8056641
-0.8078003
-0.8105469
-0.8120728
-0.8166504
-0.8218384
-0.8297729
-0.8355713
-0.8404541
-0.8477783
-0.8551025
-0.8621216
-0.8636475
-0.8621216
-0.8615112
-0.8511353
-0.8416748
-0.8322144
-0.8416748
-0.8514404
-0.8609009
-0.8538818
-0.8453369
-0.8380127
-0.8474731
-0.8630371
-0.8789063
-0.8901978
-0.8972168
-0.904541
-0.9161377
-0.9277344
-0.9387207
-0.9506226
-0.9356689
-0.9683228
-0.9262085
-0.9399414
-0.8920288
-0.9185791
-0.9384155
-0.9155273
-0.9274292
-0.9240723
-0.9060669
-0.9136963
-0.8746338
-0.8953857
-0.8789063
-0.9121704
-0.8786011
-0.9161377
-0.9332275
-0.9268188
-0.9454346
-0.9295654
-0.9448242
-0.9228516
-0.9475708
-0.9591675
-0.9622192
-0.9912109
-1.007385
-1.004639
-0.9658813
-0.9793091
-0.9307861
-0.9506226
-0.90271
-0.9124756
-0.8953857
-0.8868408
-0.9054565
-0.8856201
-0.8731079
-0.8508301
-0.8517456
-0.8706665
-0.8755493
-0.843811
-0.8688354
-0.8447266
-0.8364868
-0.8123779
-0.7830811
-0.8068848
-0.7763672
-0.8096313
-0.84198
-0.8413696
-0.8529663
-0.8114624
-0.8309937
-0.8016968
-0.8203125
-0.78125
-0.8206177
-0.8401489
-0.84198
-0.8547974
-0.8688354
-0.8566284
-0.8596802
-0.8413696
-0.847168
-0.8154297
-0.8239746
-0.8251953
-0.8441162
-0.8328247
-0.8578491
-0.8206177
-0.8462524
-0.8688354
-0.8462524
-0.8590698
-0.8276367
-0.8532715
-0.8706665
-0.8602905
-0.8547974
-0.8334351
-0.8200073
-0.8248901
-0.8319092
-0.8425903
-0.8273315
-0.8111572
-0.7995605
-0.8081055
-0.8154297
-0.8261108
-0.8013916
-0.7958984
-0.7925415
-0.7983398
-0.8120728
-0.814209
-0.8145142
-0.7833862
-0.7553101
-0.7064819
-0.6756592
-0.6491089
-0.6381226
-0.6378174
-0.6216431
-0.6188965
-0.6091309
-0.6100464
-0.5929565
-0.5975342
-0.5960083
-0.5899048
-0.5892944
-0.5792236
-0.5874634
-0.5996704
-0.6066895
-0.5737305
-0.5438232
-0.5163574
-0.5200195
-0.5007935
-0.4882813
-0.4431152
-0.406189
-0.3778076
-0.3704834
-0.3610229
-0.355835
-0.3677368
-0.368042
-0.3717041
-0.3347778
-0.3027344
-0.2679443
-0.2560425
-0.2490234
-0.241394
-0.2566528
-0.2713013
-0.2822876
collision
0
-0.01678467
-0.04211426
-0.04272461
-0.04608154
-0.04821777
-0.05432129
-0.06286621
-0.07629395
-0.08239746
-0.08605957
-0.09185791
-0.09887695
-0.1135254
-0.1278687
-0.1385498
-0.1483154
-0.1544189
-0.1669312
-0.1828003
-0.1959229
-0.2005005
-0.2038574
-0.2081299
-0.201416
-0.1791382
-0.1556396
-0.145874
-0.1669312
-0.1843262
-0.1907349
-0.1913452
-0.1928711
-0.2133179
-0.2316284
-0.2502441
-0.2536011
-0.2514648
-0.2539063
-0.25177
-0.2545166
-0.2575684
-0.2337646
-0.2154541
-0.1922607
-0.1843262
-0.1947021
-0.2081299
-0.2102661
-0.2059937
-0.2081299
-0.2090454
-0.2108765
-0.2151489
-0.2212524
-0.2297974
-0.2349854
-0.2490234
-0.2600098
-0.272522
-0.2752686
-0.279541
-0.2868652
-0.2868652
-0.2792358
-0.2719116
-0.2667236
-0.269165
-0.2749634
-0.2893066
-0.3045654
-0.319519
-0.3317261
-0.3451538
-0.3585815
-0.3616333
-0.3646851
-0.3677368
-0.3744507
-0.3805542
-0.385437
-0.3866577
-0.3887939
-0.3918457
-0.4052734
-0.4202271
-0.4354858
-0.4434204
-0.451355
-0.4592896
-0.456543
-0.4504395
-0.4467773
-0.4595947
-0.4760742
-0.4922485
-0.5010986
-0.5078125
-0.5157471
-0.5221558
-0.5282593
-0.5343628
-0.5404663
-0.5471802
-0.5557251
-0.5593872
-0.5621338
-0.5636597
-0.5545044
-0.5447388
-0.5355835
-0.5453491
-0.5581665
-0.5706787
-0.5728149
-0.5734253
-0.5764771
-0.5770874
-0.5767822
-0.5776978
-0.5819702
-0.5886841
-0.5947876
-0.6051636
-0.6167603
-0.6277466
-0.6362915
-0.6439209
-0.6509399
-0.6542969
-0.6561279
-0.657959
-0.6564331
-0.6539917
-0.6533813
-0.6588745
-0.6655884
-0.6716919
-0.68573
-0.7040405
-0.7217407
-0.7348633
-0.7446289
-0.7546997
-0.7577515
-0.7583618
-0.7592773
-0.7693481
-0.7830811
-0.7965088
-0.8035278
-0.8053589
-0.8071899
-0.821228
-0.8404541
-0.859375
-0.8685303
-0.8721924
-0.8755493
-0.8865356
-0.9017944
-0.9179688
-0.9030151
-0.8737183
-0.8441162
-0.8416748
-0.8502197
-0.859375
-0.8636475
-0.8682251
-0.8734131
-0.8709717
-0.8660889
-0.8615112
-0.8718872
-0.8807373
-0.8895874
-0.8862305
-0.8843994
-0.8850098
-0.8847046
-0.8813477
-0.8786011
-0.8837891
-0.8889771
-0.8932495
-0.9017944
-0.9133911
-0.9246826
-0.9274292
-0.9283447
-0.9289551
-0.942688
-0.9631348
-0.9811401
-1.006165
-0.9719849
-0.9820557
-0.9881592
-0.9500122
-0.9597778
-0.9643555
-0.970459
-0.9771729
-0.9729004
-0.9671021
-0.9625244
-0.9609985
-0.9887695
-0.9735107
-1.010437
-0.9899902
-1.011353
-1.007385
-1.024475
-1.028137
-1.053772
-1.020508
-1.061707
-1.03241
-1.069946
-1.025391
-1.061401
-1.059875
-1.069031
-1.05835
-1.075745
-1.073914
-1.094666
-1.099243
-1.121521
-1.130066
-1.097412
-1.063538
-1.034851
-1.023254
-1.028442
-1.033936
-1.058655
-1.030884
-1.060181
-1.036682
-1.066589
-1.041565
-1.07605
-1.080933
-1.072693
-1.036682
-1.029358
-1.008606
-1.011963
-0.987854
-1.006165
-1.008911
-1.025085
-1.017761
-1.028442
-1.013489
-1.030579
-1.033325
-1.050415
-1.039734
-1.045837
-1.028442
-1.028442
-0.9963989
-0.9918213
-0.9539795
-0.9164429
-0.8694458
-0.8380127
-0.8486938
-0.8526611
-0.8309937
-0.8093262
-0.7873535
-0.7894897
-0.8041382
-0.8331299
-0.8352661
-0.8520508
-0.8517456
-0.8712769
-0.8581543
-0.8795166
-0.8743286
-0.8990479
-0.8731079
-0.9036255
-0.9008789
-0.9106445
-0.8828735
-0.8731079
-0.8499146
-0.8670044
-0.8642578
collision
0
-0.01739502
-0.04669189
-0.05432129
-0.06164551
-0.07965088
-0.09918213
-0.1211548
-0.1480103
-0.1675415
-0.1702881
-0.1708984
-0.1727295
-0.1794434
-0.1876831
-0.1940918
-0.2069092
-0.2194214
-0.2301025
-0.2166748
-0.1947021
-0.1724243
-0.1559448
-0.1657104
-0.1760864
-0.1885986
-0.2041626
-0.2154541
-0.2282715
-0.241394
-0.2548218
-0.2655029
-0.272522
-0.2828979
-0.2832031
-0.2856445
-0.2838135
-0.2868652
-0.2880859
-0.2932739
-0.2697754
-0.2511597
-0.2255249
-0.2133179
-0.2124023
-0.2151489
-0.229187
-0.2429199
-0.2578735
-0.2636719
-0.2627563
-0.2679443
-0.2703857
-0.2728271
-0.27771
-0.2874756
-0.3018188
-0.3155518
-0.3268433
-0.3384399
-0.3512573
-0.3677368
-0.3839111
-0.3991699
-0.3729248
-0.3408813
-0.3112793
-0.3128052
-0.3173828
-0.3231812
-0.3375244
-0.3533936
-0.3683472
-0.3833008
-0.3997803
-0.4162598
-0.4217529
-0.4251099
-0.4284668
-0.4281616
-0.4232788
-0.4199219
-0.4232788
-0.4278564
-0.43396
-0.4327393
-0.4302979
-0.4290771
-0.4455566
-0.4663086
-0.486145
-0.5059814
-0.5245972
-0.5441284
-0.5545044
-0.5630493
-0.5728149
-0.5892944
-0.6069946
-0.6253052
-0.6350708
-0.6420898
-0.6497192
-0.6655884
-0.6851196
-0.7046509
-0.7095337
-0.710144
-0.7116699
-0.713501
-0.7162476
-0.7180786
-0.7275391
-0.7366943
-0.7461548
-0.7531738
-0.7589722
-0.765686
-0.7662964
-0.765686
-0.7659912
-0.7720947
-0.7818604
-0.793457
-0.8084106
-0.8236694
-0.8392334
-0.8511353
-0.8630371
-0.8743286
-0.8825684
-0.8898926
-0.8981323
-0.9075928
-0.9152222
-0.9237671
-0.9307861
-0.9365845
-0.9429932
-0.9463501
-0.947876
-0.949707
-0.9472656
-0.9457397
-0.9436035
-0.9536743
-0.9619141
-0.9707642
-0.9503174
-0.9182739
-0.887146
-0.8782959
-0.8856201
-0.8938599
-0.8987427
-0.8969116
-0.8950806
-0.8813477
-0.8688354
-0.8587646
-0.8621216
-0.8666992
-0.8709717
-0.8837891
-0.8959961
-0.9060669
-0.8914185
-0.8651733
-0.8380127
-0.8267212
-0.8285522
-0.8325195
-0.8477783
-0.8621216
-0.8746338
-0.8694458
-0.8609009
-0.8551025
-0.8605957
-0.8657837
-0.8691406
-0.8584595
-0.8486938
-0.8413696
-0.8123779
-0.7745361
-0.736084
-0.7369995
-0.743103
-0.7479858
-0.7562256
-0.7653809
-0.7739258
-0.7818604
-0.7876587
-0.7919312
-0.7788086
-0.7678223
-0.7595825
-0.7623291
-0.7647705
-0.7644653
-0.7632446
-0.7662964
-0.7693481
-0.7470703
-0.715332
-0.6866455
-0.6741333
-0.6738281
-0.6759644
-0.6912231
-0.7025146
-0.7113647
-0.7125854
-0.7125854
-0.7128906
-0.72052
-0.7260132
-0.7296753
-0.7199097
-0.7174683
-0.7174683
-0.7333374
-0.7452393
-0.7574463
-0.7684326
-0.7827759
-0.7971191
-0.7955933
-0.7955933
-0.798645
-0.7980347
-0.8007813
-0.8071899
-0.8282471
-0.8102417
-0.8462524
-0.8435059
-0.8831787
-0.9112549
-0.9146118
-0.9432983
-0.9399414
-0.9506226
-0.9051514
-0.9240723
-0.8868408
-0.9222412
-0.9539795
-0.9442139
-0.9716797
-0.9381104
-0.9527588
-0.9503174
-0.9518433
-0.9481812
-0.9240723
-0.9286499
-0.9347534
-0.9503174
-0.9436035
-0.9295654
-0.9085083
-0.894165
-0.8981323
-0.9158325
-0.927124
-0.9088135
-0.8959961
-0.8880615
-0.9082031
-0.9249878
-0.9341431
-0.9506226
-0.9451294
-0.9570313
-0.9558105
-0.9698486
-0.9912109
-0.9585571
-0.9359741
-0.9014893
-0.9161377
-0.9017944
-0.9103394
-0.8920288
-0.9057617
-0.9185791
-0.909729
-0.8996582
-0.8877563
-0.8868408
-0.9146118
-0.9262085
-0.9182739
-0.8908081
-0.8895874
collision
0
-0.01739502
-0.04425049
-0.06164551
-0.08148193
-0.1040649
-0.1208496
-0.1324463
-0.1449585
-0.1470947
-0.149231
-0.1528931
-0.1675415
-0.1797485
-0.194397
-0.2127075
-0.2322388
-0.25177
-0.2655029
-0.2783203
-0.2929688
-0.2832031
-0.2590942
-0.2352905
-0.2209473
-0.2307129
-0.2398682
-0.2487183
-0.2575684
-0.269165
-0.2767944
-0.2862549
-0.2926636
-0.3118896
-0.3308105
-0.3503418
-0.3622437
-0.3723145
-0.3820801
-0.3912354
-0.3991699
-0.4083252
-0.4116821
-0.4168701
-0.4248047
-0.4412842
-0.458374
-0.475769
-0.4898071
-0.5023193
-0.5151367
-0.5252075
-0.5349731
-0.5447388
-0.5493164
-0.5532837
-0.5587769
-0.5682373
-0.5804443
-0.592041
-0.5938721
-0.5947876
-0.5966187
-0.6011963
-0.6057739
-0.6106567
-0.6192017
-0.6295776
-0.6402588
-0.6445313
-0.6478882
-0.6515503
-0.6555176
-0.6610107
-0.6674194
-0.6652832
-0.6613159
-0.6567383
-0.6625366
-0.668335
-0.6747437
-0.680542
-0.6872559
-0.6942749
-0.703125
-0.7125854
-0.7211304
-0.7305908
-0.7406616
-0.7522583
-0.7556152
-0.7559204
-0.7556152
-0.7614136
-0.7678223
-0.774231
-0.7754517
-0.7736206
-0.7717896
-0.7714844
-0.7733154
-0.7766724
-0.7830811
-0.7925415
-0.8032227
-0.8175659
-0.831604
-0.8453369
-0.84198
-0.8319092
-0.8227539
-0.8013916
-0.7717896
-0.743103
-0.74646
-0.7620239
-0.7772827
-0.7775879
-0.7748413
-0.774231
-0.7803345
-0.7855225
-0.7901001
-0.7971191
-0.8059692
-0.8135986
-0.8135986
-0.8132935
-0.8135986
-0.8129883
-0.8120728
-0.8123779
-0.8239746
-0.8383179
-0.8508301
-0.8566284
-0.8596802
-0.8627319
-0.8648682
-0.864563
-0.8624268
-0.8425903
-0.8139038
-0.7855225
-0.7806396
-0.7879639
-0.7949829
-0.8071899
-0.8197021
-0.831604
-0.8151245
-0.7858276
-0.7568359
-0.7269287
-0.697937
-0.6695557
-0.6387329
-0.6091309
-0.5801392
-0.5651855
-0.5578613
-0.5526733
-0.5603027
-0.5703735
-0.5813599
-0.5880737
-0.5941772
-0.6002808
-0.607605
-0.6137085
-0.6195068
-0.6286621
-0.637207
-0.6439209
-0.6515503
-0.6585693
-0.6652832
-0.6503296
-0.6326294
-0.6155396
-0.630188
-0.6472778
-0.6643677
-0.6735229
-0.6793213
-0.6845093
-0.6832886
-0.6842041
-0.6860352
-0.682373
-0.6777954
-0.675354
-0.6842041
-0.6967163
-0.7095337
-0.7211304
-0.730896
-0.7409668
-0.7495117
-0.753479
-0.7556152
-0.7489014
-0.7443237
-0.7415771
-0.7489014
-0.7556152
-0.760498
-0.7434082
-0.7241821
-0.7049561
-0.692749
-0.68573
-0.6820679
-0.7012939
-0.7156372
-0.7278442
-0.7391357
-0.7528687
-0.7669067
-0.7733154
-0.7797241
-0.7867432
-0.7815552
-0.7757568
-0.7717896
-0.7928467
-0.8178711
-0.8401489
-0.8261108
-0.8071899
-0.788269
-0.8016968
-0.8181763
-0.831604
-0.8184814
-0.8065796
-0.7980347
-0.8203125
-0.8459473
-0.8630371
-0.8892822
-0.8578491
-0.8932495
-0.854187
-0.8630371
-0.8215332
-0.8569336
-0.866394
-0.8813477
-0.8721924
-0.8493042
-0.8377075
-0.838623
-0.8407593
-0.8587646
-0.8612061
-0.8691406
-0.8740234
-0.8792114
-0.8764648
-0.8721924
-0.8694458
-0.8740234
-0.8572388
-0.8444214
-0.8447266
-0.8221436
-0.8511353
-0.8499146
-0.8724976
-0.8526611
-0.84198
-0.8224487
-0.8032227
-0.7989502
-0.8175659
-0.8044434
-0.7815552
-0.7669067
-0.741272
-0.7635498
-0.7876587
-0.7980347
-0.7641602
-0.7836914
-0.7608032
-0.7284546
-0.7067871
-0.6903076
-0.6893921
-0.7055664
-0.6835938
-0.690918
-0.6759644
-0.6466675
-0.6170654
-0.5975342
collision
0
-0.01739502
-0.04425049
-0.06713867
-0.09155273
-0.112915
-0.1361084
-0.1596069
-0.1794434
-0.1705933
-0.1461792
-0.1223755
-0.1083374
-0.1184082
-0.1300049
-0.145874
-0.1651001
-0.1828003
-0.1806641
-0.1791382
-0.1782227
-0.1824951
-0.1855469
-0.1867676
-0.1885986
-0.1834106
-0.1785278
-0.1809692
-0.1937866
-0.2047729
-0.1971436
-0.1889038
-0.1803589
-0.1797485
-0.1794434
-0.1794434
-0.1959229
-0.2206421
-0.2410889
-0.2435303
-0.2410889
-0.2410889
-0.2542114
-0.2713013
-0.2877808
-0.2966309
-0.3036499
-0.3121948
-0.3329468
-0.3533936
-0.3741455
-0.3607178
-0.3347778
-0.3088379
-0.2990723
-0.3094482
-0.3192139
-0.335083
-0.3530884
-0.369873
-0.3842163
-0.3982544
-0.4122925
-0.3881836
-0.3573608
-0.3283691
-0.3286743
-0.333252
-0.3381348
-0.3378296
-0.3375244
-0.3384399
-0.3561401
-0.3771973
-0.3973389
-0.4125977
-0.4257202
-0.4388428
-0.4516602
-0.4647827
-0.4779053
-0.4840088
-0.4891968
-0.4953003
-0.5065918
-0.5194092
-0.5316162
-0.5352783
-0.5368042
-0.5371094
-0.5395508
-0.5444336
-0.5505371
-0.5285645
-0.4983521
-0.4693604
-0.4647827
-0.4678345
-0.4711914
-0.4769897
-0.4846191
-0.4916382
-0.5041504
-0.5187988
-0.5331421
-0.536499
-0.5389404
-0.5426025
-0.552063
-0.5636597
-0.5758667
-0.5831909
-0.586853
-0.5908203
-0.6036377
-0.6201172
-0.637207
-0.617981
-0.5856323
-0.5535889
-0.5545044
-0.5654907
-0.5752563
-0.5810547
-0.5874634
-0.5938721
-0.5969238
-0.5957031
-0.5941772
-0.5905151
-0.5978394
-0.6045532
-0.6167603
-0.6304932
-0.6442261
-0.6436157
-0.6390381
-0.6332397
-0.6124878
-0.5844116
-0.5560303
-0.5480957
-0.5465698
-0.5453491
-0.5407715
-0.5471802
-0.5545044
-0.5648804
-0.5758667
-0.5862427
-0.5975342
-0.609436
-0.6213379
-0.6192017
-0.6158447
-0.6152344
-0.630188
-0.6491089
-0.6686401
-0.6860352
-0.7003784
-0.7150269
-0.7321167
-0.7513428
-0.7705688
-0.7745361
-0.774231
-0.7748413
-0.7797241
-0.7876587
-0.7949829
-0.774231
-0.7415771
-0.7107544
-0.7080078
-0.7171631
-0.7266235
-0.7025146
-0.6661987
-0.6298828
-0.6246948
-0.6259155
-0.6265259
-0.6384277
-0.6558228
-0.6735229
-0.6893921
-0.7037354
-0.7174683
-0.7226563
-0.7275391
-0.7333374
-0.7223511
-0.708313
-0.6973267
-0.7055664
-0.7147217
-0.7232666
-0.7247925
-0.7223511
-0.7189941
-0.7003784
-0.6930542
-0.6893921
-0.6985474
-0.7128906
-0.7275391
-0.7333374
-0.7330322
-0.7324219
-0.7226563
-0.715332
-0.7086182
-0.7168579
-0.7241821
-0.7302856
-0.7385254
-0.7440186
-0.7485962
-0.7427979
-0.7382202
-0.7348633
-0.7443237
-0.7537842
-0.7626343
-0.7723999
-0.7855225
-0.7992554
-0.8047485
-0.8074951
-0.8117676
-0.8056641
-0.802002
-0.7995605
-0.7855225
-0.7601929
-0.7354736
-0.737915
-0.7476807
-0.7562256
-0.7653809
-0.7733154
-0.7806396
-0.7791138
-0.7794189
-0.7809448
-0.7788086
-0.7766724
-0.7754517
-0.7601929
-0.7452393
-0.7321167
-0.7461548
-0.7556152
-0.7629395
-0.7443237
-0.72052
-0.696106
-0.6762695
-0.6542969
-0.6323242
-0.6018066
-0.5865479
-0.5764771
-0.5929565
-0.612793
-0.630188
-0.6381226
-0.6427002
-0.6472778
-0.6542969
-0.6576538
-0.6607056
-0.6692505
-0.682373
-0.6945801
-0.6878662
-0.6777954
-0.670166
-0.6506348
-0.6338501
-0.6213379
-0.6277466
-0.6381226
-0.6488037
-0.6674194
-0.6814575
-0.6933594
-0.7043457
-0.7086182
-0.7110596
-0.6884766
-0.6689453
-0.6533813
-0.630188
-0.6121826
-0.5987549
-0.579834
-0.5664063
-0.5554199
-0.5679321
-0.5801392
-0.5908203
-0.612793
-0.6326294
-0.6396484
-0.6463623
-0.6399536
-0.6582642
-0.6304932
-0.6411743
-0.6390381
-0.6582642
-0.6710815
-0.6774902
-0.6698608
-0.6619263
-0.6726074
-0.6942749
-0.7260132
-0.743103
-0.7733154
-0.7485962
-0.7806396
-0.737915
-0.7235718
-0.7000732
-0.7080078
-0.7144165
-0.7293701
-0.7382202
-0.7287598
-0.7324219
-0.7247925
-0.7192993
-0.7183838
-0.7373047
-0.7220459
-0.7406616
-0.7034302
-0.6765747
-0.6524658
-0.6362915
-0.6167603
-0.6246948
-0.5960083
-0.5682373
-0.5471802
-0.5545044
collision
0
-0.01739502
-0.04364014
-0.06835938
-0.09460449
-0.1196289
-0.1330566
-0.1382446
-0.1513672
-0.1635742
-0.1766968
-0.1919556
-0.2059937
-0.2218628
-0.2319336
-0.2410889
-0.2514648
-0.2676392
-0.284729
-0.3018188
-0.3109741
-0.3189087
-0.3268433
-0.3384399
-0.3512573
-0.3646851
-0.3799438
-0.3955078
-0.411377
-0.4138184
-0.413208
-0.413208
-0.4205322
-0.430603
-0.440979
-0.4504395
-0.4623413
-0.475769
-0.4794312
-0.4800415
-0.480957
-0.4928589
-0.506897
-0.5203247
-0.5334473
-0.5462646
-0.5593872
-0.5615234
-0.5630493
-0.5661011
-0.5645752
-0.5645752
-0.5657959
-0.5786133
-0.5932617
-0.6072998
-0.619812
-0.6314087
-0.6430054
-0.6481934
-0.652771
-0.6585693
-0.6582642
-0.6567383
-0.6558228
-0.6622314
-0.6704712
-0.6787109
-0.6900024
-0.7015991
-0.7141113
-0.7284546
-0.743103
-0.7583618
-0.770874
-0.7855225
-0.8010864
-0.8071899
-0.8084106
-0.809021
-0.8187866
-0.8306885
-0.8425903
-0.8502197
-0.8554077
-0.8612061
-0.8676147
-0.8752441
-0.8828735
-0.8776855
-0.8709717
-0.864563
-0.8718872
-0.8828735
-0.8926392
-0.8959961
-0.8947754
-0.8935547
-0.8853149
-0.8761597
-0.8685303
-0.87677
-0.8883667
-0.8996582
-0.90271
-0.9002686
-0.8972168
-0.8996582
-0.9042358
-0.9091187
-0.9091187
-0.9088135
-0.9082031
-0.9024048
-0.8981323
-0.8944702
-0.9060669
-0.916748
-0.9265137
-0.9350586
-0.9432983
-0.9503174
-0.9552002
-0.9609985
-0.9710693
-0.9594727
-0.9234619
-0.8895874
-0.8621216
-0.8618164
-0.8639526
-0.8728027
-0.8782959
-0.887146
-0.8917236
-0.9246826
-0.9072876
-0.9439087
-0.9240723
-0.954895
-0.9295654
-0.9616089
-0.9509277
-0.9573364
-0.9213257
-0.8847046
-0.8648682
-0.8630371
-0.8624268
-0.8630371
-0.8856201
-0.904541
-0.8950806
-0.8990479
-0.8956909
-0.9121704
-0.925293
-0.9292603
-0.9146118
-0.8908081
-0.864563
-0.8453369
-0.8224487
-0.8050537
-0.8129883
-0.8145142
-0.824585
-0.8370972
-0.836792
-0.8355713
-0.8312988
-0.8288574
-0.8135986
-0.8175659
-0.7891846
-0.769043
-0.7461548
-0.7275391
-0.7077026
-0.6881714
-0.6832886
-0.6835938
-0.6939697
-0.7113647
-0.7107544
-0.7330322
-0.7189941
-0.7421875
-0.760498
-0.7495117
-0.7678223
-0.7357788
-0.7226563
-0.6951904
-0.713501
-0.7138062
-0.736084
-0.7052612
-0.6924438
-0.6561279
-0.6661987
-0.6414795
-0.6652832
-0.6591797
-0.6820679
-0.6652832
-0.6591797
-0.6292725
-0.6246948
-0.614624
-0.6237793
-0.6192017
-0.6170654
-0.5957031
-0.5950928
-0.5941772
-0.6039429
-0.5953979
-0.6149292
-0.635376
-0.6585693
-0.6314087
-0.6210327
-0.6066895
-0.625
-0.6246948
-0.6347656
-0.6460571
-0.6713867
-0.6808472
-0.6585693
-0.6164551
-0.5758667
-0.5679321
-0.5487061
-0.5688477
-0.5581665
-0.5477905
-0.5422974
-0.5218506
-0.5084229
-0.4928589
-0.5075073
-0.5230713
-0.5319214
-0.4989624
-0.4696655
-0.4415894
-0.4602051
-0.4537964
-0.4495239
-0.4159546
-0.3878784
-0.3756714
-0.3787231
-0.3829956
-0.3994751
-0.3787231
-0.3643799
-0.3417969
-0.3201294
-0.3085327
-0.2966309
-0.307312
-0.3091431
-0.3076172
-0.2865601
-0.2722168
-0.2624512
-0.2816772
-0.3027344
-0.3186035
-0.2905273
-0.2600098
-0.2429199
-0.2160645
-0.1986694
-0.1803589
-0.1809692
-0.1785278
-0.1785278
-0.189209
-0.2093506
-0.2197266
collision
0
-0.01708984
-0.04699707
-0.06225586
-0.07080078
-0.08117676
-0.09033203
-0.0958252
-0.1034546
-0.1062012
-0.1080322
-0.1123047
-0.1177979
-0.1196289
-0.1220703
-0.1394653
-0.1589966
-0.1760864
-0.1925659
-0.2099609
-0.2279663
-0.2191162
-0.1959229
-0.1733398
-0.1663208
-0.1852417
-0.2044678
-0.2099609
-0.2102661
-0.2175903
-0.2191162
-0.2224731
-0.2243042
-0.2380371
-0.2471924
-0.2606201
-0.2697754
-0.2813721
-0.291748
-0.2728271
-0.249939
-0.2258301
-0.2111816
-0.2139282
-0.2191162
-0.2368164
-0.255127
-0.274353
-0.2786255
-0.2783203
-0.2810669
-0.2896118
-0.2996826
-0.3103638
-0.2850342
-0.2557373
-0.2340698
-0.2340698
-0.2511597
-0.2667236
-0.2597046
-0.2365112
-0.2130127
-0.1953125
-0.2029419
-0.2139282
-0.2032471
-0.1809692
-0.1574707
-0.1461792
-0.1535034
-0.1623535
-0.1776123
-0.1931763
-0.2084351
-0.2102661
-0.2108765
-0.213623
-0.2185059
-0.2252197
-0.229187
-0.2297974
-0.2279663
-0.2276611
-0.2160645
-0.1940918
-0.1705933
-0.1522827
-0.1535034
-0.1535034
-0.1641846
-0.1745605
-0.1885986
-0.199585
-0.2108765
-0.2252197
-0.2365112
-0.2478027
-0.2612305
-0.2709961
-0.2807617
-0.2905273
-0.2703857
-0.246582
-0.2203369
-0.2072144
-0.2096558
-0.213623
-0.2139282
-0.2154541
-0.2175903
-0.2197266
-0.2224731
-0.2252197
-0.2285767
-0.2331543
-0.2331543
-0.2435303
-0.2536011
-0.2630615
-0.2731323
-0.2822876
-0.2932739
-0.3045654
-0.3131104
-0.3219604
-0.2975464
-0.2682495
-0.2410889
-0.2359009
-0.2493286
-0.256958
-0.2630615
-0.2655029
-0.2688599
-0.2783203
-0.2880859
-0.2978516
-0.3039551
-0.3088379
-0.3146362
-0.322876
-0.3326416
-0.3417969
-0.3570557
-0.3729248
-0.3894043
-0.368042
-0.3381348
-0.3100586
-0.3152466
-0.3292847
-0.3436279
-0.3546143
-0.3662109
-0.3790283
-0.3912354
-0.4052734
-0.4199219
-0.4196167
-0.4168701
-0.4159546
-0.4241943
-0.4360962
-0.4489136
-0.4696655
-0.4910278
-0.5117798
-0.5102539
-0.5004883
-0.4907227
-0.4904175
-0.5004883
-0.5093384
-0.5163574
-0.5215454
-0.5282593
-0.5401611
-0.5545044
-0.5682373
-0.5740356
-0.5734253
-0.5737305
-0.5667114
-0.5709839
-0.5755615
-0.5807495
-0.5847168
-0.5899048
-0.6027222
-0.6185913
-0.6341553
-0.6399536
-0.6442261
-0.6488037
-0.6552124
-0.6640625
-0.675354
-0.6848145
-0.6912231
-0.6954956
-0.7073975
-0.7241821
-0.7418823
-0.7580566
-0.7711792
-0.7839966
-0.7910156
-0.7980347
-0.8044434
-0.8093262
-0.8117676
-0.8148193
-0.8258057
-0.8395386
-0.8538818
-0.8554077
-0.8563232
-0.8572388
-0.8306885
-0.7931519
-0.7565308
-0.7254028
-0.6948853
-0.6665039
-0.6640625
-0.6686401
-0.6723022
-0.6723022
-0.6704712
-0.6689453
-0.6643677
-0.6622314
-0.6622314
-0.6613159
-0.663147
-0.6668091
-0.668335
-0.6674194
-0.6674194
-0.6567383
-0.6466675
-0.6369019
-0.6454468
-0.6515503
-0.6561279
-0.6616211
-0.6668091
-0.6707764
-0.6732178
-0.675354
-0.6762695
-0.6842041
-0.6948853
-0.7055664
-0.7192993
-0.7339478
-0.748291
-0.7635498
-0.7791138
-0.7928467
-0.7894897
-0.7809448
-0.7736206
-0.7662964
-0.763855
-0.763855
-0.7748413
-0.7815552
-0.786438
-0.7720947
-0.7556152
-0.7394409
-0.7424927
-0.7461548
-0.7504272
-0.7592773
-0.7687378
-0.7772827
-0.7827759
-0.7891846
-0.7958984
-0.8053589
-0.8108521
-0.8154297
-0.8224487
-0.8322144
-0.8425903
-0.8569336
-0.8718872
-0.8920288
-0.87677
-0.8837891
-0.8557129
-0.8905029
-0.8673096
-0.8947754
-0.8828735
-0.9121704
-0.8798218
-0.8908081
-0.8761597
-0.8703613
-0.8551025
-0.847168
-0.8462524
-0.8612061
-0.8609009
-0.8850098
-0.8627319
-0.8810425
-0.8862305
-0.8764648
-0.859375
-0.8544922
-0.8517456
-0.8657837
-0.8905029
-0.8700562
-0.8929443
-0.904541
-0.8926392
-0.8926392
-0.8944702
-0.9240723
-0.9347534
-0.9649658
-0.9387207
-0.9518433
-0.9396362
-0.9619141
-0.9518433
-0.9802246
-0.980835
-1.008301
-0.9967041
-0.9997559
-0.965271
-0.9799194
-0.9646606
-1.003113
-1.003418
-1.001587
-0.9805298
-0.9854126
-0.9970093
-1.034241
-1.052551
-1.072388
-1.083679
-1.101685
-1.123962
-1.138306
-1.157837
-1.167297
-1.182251
-1.183472
-1.166687
-1.115723
-1.066284
-1.05072
-1.060181
-1.069336
collision
0
