Mono path[0] = '/home/wangning/文档/grid-sensor-master/BuildFile/PitCar/pitcar_ppo_Data/Managed'
Mono config path = '/home/wangning/文档/grid-sensor-master/BuildFile/PitCar/pitcar_ppo_Data/MonoBleedingEdge/etc'
Preloaded 'lib_burst_generated.so'
Preloaded 'libgrpc_csharp_ext.x64.so'
AS: AutoStreaming module initializing.
Initialize engine version: 2021.3.19f1c1 (b8e3cea1e9d3)
[Subsystems] Discovering subsystems at path /home/wangning/文档/grid-sensor-master/BuildFile/PitCar/pitcar_ppo_Data/UnitySubsystems
Forcing GfxDevice: Null
GfxDevice: creating device client; threaded=0; jobified=0
NullGfxDevice:
    Version:  NULL 1.0 [1.0]
    Renderer: Null Device
    Vendor:   Unity Technologies
Begin MonoManager ReloadAssembly
- Completed reload, in  0.092 seconds
ERROR: Shader Sprites/Default shader is not supported on this GPU (none of subshaders/fallbacks are suitable)
ERROR: Shader Sprites/Mask shader is not supported on this GPU (none of subshaders/fallbacks are suitable)
ERROR: Shader Legacy Shaders/Particles/Multiply shader is not supported on this GPU (none of subshaders/fallbacks are suitable)
ERROR: Shader Legacy Shaders/Particles/Additive shader is not supported on this GPU (none of subshaders/fallbacks are suitable)
ERROR: Shader Legacy Shaders/VertexLit shader is not supported on this GPU (none of subshaders/fallbacks are suitable)
WARNING: Shader Unsupported: 'Standard' - All subshaders removed
WARNING: Shader Did you use #pragma only_renderers and omit this platform?
WARNING: Shader If subshaders removal was intentional, you may have forgotten turning Fallback off?
ERROR: Shader Standard shader is not supported on this GPU (none of subshaders/fallbacks are suitable)
WARNING: Shader Unsupported: 'Standard' - All subshaders removed
WARNING: Shader Did you use #pragma only_renderers and omit this platform?
WARNING: Shader If subshaders removal was intentional, you may have forgotten turning Fallback off?
WARNING: Shader Unsupported: 'Standard (Specular setup)' - All subshaders removed
WARNING: Shader Did you use #pragma only_renderers and omit this platform?
WARNING: Shader If subshaders removal was intentional, you may have forgotten turning Fallback off?
ERROR: Shader Standard (Specular setup) shader is not supported on this GPU (none of subshaders/fallbacks are suitable)
WARNING: Shader Unsupported: 'Standard (Specular setup)' - All subshaders removed
WARNING: Shader Did you use #pragma only_renderers and omit this platform?
WARNING: Shader If subshaders removal was intentional, you may have forgotten turning Fallback off?
ERROR: Shader Mobile/Particles/Additive shader is not supported on this GPU (none of subshaders/fallbacks are suitable)
UnloadTime: 1.852136 ms
0
0
-0.0003051758
0
0
0
0.0003051758
-0.003051758
-0.01159668
-0.01403809
-0.02258301
-0.001220703
0.0003051758
0
0
0
0
requesting resize 84 x 84
0
0
-0.0003051758
-0.0003051758
0
0
0
0.0003051758
0.0006103516
-0.00213623
-0.0006103516
-0.01220703
-0.0006103516
-0.0006103516
0
0
0
0
0
0
0
-0.0003051758
-0.0003051758
0
0
0
0
0
0
0
0.0003051758
0.0003051758
0.0003051758
0.0003051758
0.0003051758
0
-0.0003051758
0
0
0.0006103516
0.0003051758
0
-0.0003051758
0
0
0
0
-0.001831055
-0.007629395
-0.005493164
-0.006408691
-0.0006103516
0
0.0006103516
0.0003051758
0
-0.003662109
-0.0112915
-0.01861572
-0.01373291
0
0.0006103516
0.0003051758
0
0.0006103516
0
0
0
0
0
0
0
0
0
0.0003051758
0.0003051758
0.0006103516
-0.001220703
0.001220703
-0.002441406
0.0006103516
0
0
0
0
0
0
-0.0003051758
-0.0003051758
-0.01739502
-0.02990723
-0.04486084
-0.04455566
-0.0402832
-0.01251221
-0.0006103516
-0.0003051758
0
0.0003051758
0.0003051758
0.0006103516
0
0
0
0.0006103516
0.0003051758
0.0006103516
0.0006103516
0.0006103516
0.0003051758
0
0.0006103516
0.0006103516
0.0003051758
0.0003051758
0.0006103516
0
0
-0.0003051758
-0.004882813
-0.01342773
-0.01556396
-0.004882813
0.0003051758
0.0003051758
0.0006103516
0.0006103516
0.0003051758
0.0003051758
-0.0006103516
-0.007019043
-0.006103516
-0.01434326
-0.01647949
-0.01586914
-0.0006103516
0
-0.0003051758
-0.0003051758
0
0
-0.0003051758
-0.0003051758
0.0006103516
0.0003051758
0.0003051758
0
0
0
0
0
0
0.0006103516
0.0003051758
0.0003051758
0.0003051758
0
0
-0.0003051758
0
0
0
0.0006103516
0.0006103516
-0.0003051758
-0.0003051758
-0.0003051758
-0.0003051758
0
0
-0.0003051758
-0.00213623
-0.002441406
-0.01037598
-0.0006103516
-0.0003051758
-0.0003051758
0
0
0
0
-0.0003051758
-0.0003051758
-0.0003051758
-0.0003051758
0
0
0
-0.0003051758
-0.0003051758
0
-0.008850098
-0.01464844
-0.01922607
-0.008850098
0.0003051758
0.0003051758
-0.0003051758
-0.007324219
-0.01831055
-0.003051758
0.0003051758
0.0003051758
0
0
0
-0.0003051758
-0.0003051758
0
0.0003051758
0.0003051758
0.0006103516
0.0006103516
0.0003051758
0.0003051758
0.0006103516
0.0006103516
0.0003051758
0.0003051758
0.0006103516
0.0006103516
0.0006103516
-0.004272461
-0.004577637
0.003967285
0.02624512
0.04821777
0.06866455
0.07293701
0.07446289
0.05279541
0.03509521
0.001220703
0.0006103516
0.0003051758
0.0003051758
0.0006103516
0.0006103516
0.0003051758
0
-0.0003051758
0
0
0
0
0.0003051758
0.0003051758
0.0006103516
0.0006103516
0.0003051758
0.0003051758
0.0003051758
0
0
-0.0003051758
0
-0.0006103516
0
0
-0.0003051758
0.0003051758
0.0006103516
0.0003051758
0
-0.0003051758
0
0.0003051758
0.0003051758
0.0006103516
0
0
0
0.0006103516
0.0003051758
0.0003051758
0.0006103516
0.0006103516
0
0
-0.0003051758
0
0.0003051758
0.0003051758
0.0006103516
0
0
0
0.0006103516
0.0003051758
0.0003051758
0.0003051758
0
0
-0.0003051758
0
0
0
0.0006103516
0.0006103516
0
-0.0003051758
-0.0003051758
0
0
0
0.0006103516
0.0003051758
0.0003051758
0
-0.0006103516
-0.005187988
-0.005187988
-0.0003051758
-0.0003051758
0.0006103516
0.0003051758
0.0003051758
0.0006103516
0.0006103516
0.0003051758
0.0003051758
0
0
0
0.0006103516
0.0006103516
0.0003051758
0.0003051758
0.0006103516
0
0
0
0.0006103516
0.0003051758
0.0003051758
-0.01159668
-0.03051758
-0.05249023
-0.03967285
-0.007629395
0.0003051758
0
-0.0003051758
-0.0003051758
0
0
0
0
0
-0.0003051758
-0.0003051758
0
0
0
0.0006103516
0.0006103516
0.002441406
-0.003051758
-0.004882813
0.001831055
0.0006103516
0.0003051758
0.0003051758
0.0006103516
0.0006103516
0
0.0003051758
0.0006103516
0.0006103516
0.0003051758
0.0003051758
0
0
0
-0.009765625
-0.01708984
-0.01983643
-0.01403809
-0.0003051758
0.0006103516
0
0
0
0.0006103516
0.0003051758
0.0003051758
0.0006103516
0.0006103516
0.0003051758
0
-0.0003051758
0
0
0
0
0
-0.0003051758
-0.0003051758
0
0
-0.0003051758
-0.0003051758
0
0
-0.0003051758
-0.0003051758
0
0.0003051758
0.0003051758
0.0006103516
0.0006103516
0.0003051758
0.0003051758
0.0003051758
0
-0.0003051758
0
0
-0.0003051758
0.0003051758
0.0006103516
0.0003051758
0.0003051758
0.0006103516
0.0006103516
0.0003051758
0.0003051758
0.0006103516
0.0006103516
0.0003051758
0.0003051758
0.0006103516
0.0006103516
0.0003051758
0.0003051758
0.0006103516
0.0006103516
0
0
0
0.0003051758
0.0003051758
0.0006103516
0.0006103516
0.0003051758
0.0003051758
0.0006103516
0.0006103516
0.0003051758
-0.006713867
-0.02258301
-0.03204346
-0.02685547
-0.0006103516
0.0006103516
0
0
-0.0003051758
-0.0003051758
0
0
0.0006103516
0.0003051758
0.0003051758
0.002441406
-0.0006103516
-0.007324219
-0.01403809
-0.0006103516
0
0
0.0006103516
0.0006103516
0.0003051758
0.0003051758
0.0006103516
0
0
0
0
-0.0006103516
-0.0006103516
-0.007019043
-0.004577637
-0.00793457
-0.01525879
-0.02624512
-0.03356934
-0.03845215
-0.001831055
0
0.0003051758
0.0003051758
0.0006103516
0
0
0
0.0006103516
0
0.0003051758
0.0003051758
0.0003051758
0.0006103516
0
-0.0003051758
-0.0003051758
0.0003051758
0.0003051758
0.0006103516
0.0006103516
0.0003051758
0.0003051758
0.0003051758
0
0
0.0003051758
0.0006103516
0.0003051758
0.0003051758
0.0006103516
0.0006103516
0
-0.0003051758
-0.0003051758
0
0
0
0
-0.0003051758
-0.0003051758
-0.01434326
-0.02502441
-0.03387451
-0.0213623
-0.0003051758
0.0003051758
0.0006103516
0.0006103516
0.0003051758
0.0003051758
0.0006103516
0.0006103516
0.0003051758
0
0.0006103516
0
0
-0.0003051758
0
0
0
0
0
0
0.0003051758
0.0006103516
0.0003051758
0.0003051758
0.0006103516
0.0006103516
-0.003662109
-0.01220703
-0.01647949
-0.02197266
-0.0009155273
-0.0003051758
0
0
0
0.0003051758
0.0003051758
0.0006103516
0.0006103516
0.0003051758
0.0003051758
0
0
0
0
0
0
0
0.0006103516
0.0006103516
0.0003051758
0.0003051758
0.0006103516
0
0
-0.0003051758
0
0.0006103516
0.0003051758
0.0003051758
0.0006103516
0.0006103516
0
-0.0003051758
-0.0003051758
0.0006103516
0.0003051758
0.0003051758
0.0006103516
-0.0003051758
-0.001831055
-0.007019043
-0.0003051758
-0.0003051758
0.0006103516
0.0003051758
0.0003051758
0.0006103516
0.0006103516
0.0003051758
0
-0.0003051758
0
0.0003051758
0.0003051758
0.0006103516
0.0006103516
0.0003051758
0.0003051758
0.0006103516
0.0006103516
0.0003051758
0.0003051758
0.0006103516
0.0006103516
0.0003051758
0.0003051758
0.0006103516
0
0
-0.0003051758
0.0003051758
0.0006103516
0
0.0003051758
0
0
-0.01281738
-0.02685547
-0.04058838
-0.03173828
-0.008239746
0.01434326
0.02288818
0.0006103516
0
-0.001831055
-0.006103516
-0.008544922
0.001831055
0.0006103516
0.0006103516
0
-0.0003051758
-0.0003051758
0.0006103516
0.0003051758
0.0003051758
0.0006103516
0.0006103516
0.0003051758
0.0003051758
0.0006103516
0.0006103516
0.0003051758
0.0003051758
0.0006103516
0.0006103516
0.0003051758
0.0003051758
0
0
0
0
0
0
0
0.0003051758
0.0006103516
0
0
-0.0003051758
-0.0003051758
0
0
0
0
0
-0.0003051758
-0.0003051758
0
0
0
0
0.0003051758
0.0003051758
0.0006103516
0.0006103516
0.0003051758
0.0003051758
0.0006103516
0.0006103516
0.0003051758
0
-0.0003051758
0
-0.004272461
-0.004882813
-0.007324219
-0.006713867
-0.0006103516
0
0.0006103516
0.0003051758
0.0003051758
0.0006103516
0.0006103516
0.0003051758
0
-0.0003051758
0
0.0003051758
0.0003051758
0.0006103516
0.0006103516
0.0003051758
0.0003051758
0.003356934
-0.006103516
-0.01190186
-0.01953125
-0.0006103516
-0.0003051758
0
0
0
0.0003051758
0.0006103516
0.0003051758
0.0003051758
0
0
0
0
0
0
0.0006103516
0.0006103516
0.0003051758
0.0003051758
0.0006103516
0.0006103516
0.0003051758
0.0003051758
0
0
0
0
0.0006103516
0.0006103516
0.0003051758
0.0003051758
0.0006103516
0.0003051758
0.0006103516
0.0003051758
0.0006103516
0.0006103516
0.0006103516
0.0006103516
0.0003051758
0.0003051758
0.0006103516
0.0006103516
0.0003051758
0.0003051758
0.0006103516
0.0006103516
0.0003051758
0.0003051758
0.0006103516
0.0006103516
0.0003051758
0.0003051758
0.0003051758
0
0
-0.0003051758
0
-0.0006103516
0
0
0
0.0003051758
0.0003051758
0.0006103516
0
0
0
0
-0.0003051758
-0.0003051758
0
0
-0.0003051758
0.0003051758
0.0006103516
0.0003051758
0.0003051758
0
-0.0003051758
0
0
0
0.0003051758
0.0006103516
0.0003051758
0
-0.0003051758
0
0
0
0
-0.0003051758
-0.0003051758
0
0
0
0
0
0
0
0
0
0
0
0
0
0.0003051758
0.0003051758
0.0006103516
0
0
-0.0003051758
0.0003051758
0.0006103516
0.0003051758
0.0003051758
0.0006103516
0.0006103516
0
-0.0003051758
0
-0.0003051758
0
0
0
0.0006103516
0.0006103516
-0.0003051758
-0.0003051758
-0.0003051758
0.0003051758
0.0006103516
0.0003051758
0.0003051758
0
-0.0003051758
-0.0003051758
0
-0.0003051758
0.0003051758
0.0006103516
0.0003051758
0.0003051758
0
-0.0003051758
0
0
0
0.0003051758
0.0003051758
0.0003051758
0
0
0
0.0006103516
0.0003051758
0.0003051758
0.005493164
0.004272461
0.004272461
0.0006103516
0
0
0
0.0006103516
0.0006103516
0.0006103516
-0.0009155273
-0.001220703
0.002746582
0
0
0
0.0003051758
0.0006103516
0.0006103516
0.0003051758
0.0003051758
0.0006103516
0.0006103516
0.0003051758
0.0003051758
0.0006103516
0.0006103516
0.0003051758
0.0003051758
0.0006103516
0.0006103516
0.0003051758
0.0003051758
0.0006103516
0.0006103516
0.0003051758
0.0003051758
0
0
0
0
0
0
-0.0003051758
-0.0003051758
0.0006103516
0.0003051758
0.0003051758
0.0006103516
0.0006103516
0.0003051758
-0.004577637
-0.01495361
-0.0302124
-0.04211426
-0.04638672
-0.05340576
-0.04821777
-0.03936768
-0.01281738
0
0.0003051758
0.0003051758
-0.01159668
-0.03051758
-0.05004883
-0.05065918
-0.04302979
-0.0402832
-0.03723145
-0.001525879
0
0
0
0
0
0.0006103516
0.0006103516
0.0003051758
0.0003051758
0.0006103516
0
0
0
-0.004272461
-0.009460449
-0.01800537
-0.02258301
-0.0213623
-0.02075195
-0.02655029
-0.001220703
-0.0003051758
-0.00793457
-0.01403809
-0.02380371
-0.01464844
0
0.0003051758
0.0003051758
0
0
0
0
0
0
0
0
0
0.0006103516
0.0006103516
0.0003051758
0.0003051758
0.0006103516
0.0006103516
0.0003051758
0.0003051758
0.0006103516
0.0006103516
0.0003051758
0.0003051758
0.0006103516
0.0006103516
0
0
0
0
0
0
-0.0003051758
-0.0003051758
-0.0003051758
0.0003051758
0.0006103516
0.0003051758
0
-0.0003051758
0
0.0003051758
0.0003051758
0.0006103516
0.0006103516
0.0003051758
0.0003051758
0.0006103516
0.0006103516
0.0003051758
0.0003051758
0.0006103516
0.0006103516
0
0
0
0
-0.0003051758
-0.0003051758
0
-0.0003051758
-0.0003051758
0
0
0
0
0
-0.0003051758
-0.003967285
-0.00793457
-0.00793457
-0.01464844
-0.0006103516
0
0
0.0006103516
0.0006103516
0.0003051758
0.0003051758
0.0006103516
0.0006103516
0.0003051758
0.0003051758
0.0006103516
0.0006103516
0.0003051758
0.0003051758
0
0
-0.0003051758
-0.0003051758
0
-0.0003051758
-0.0003051758
-0.0006103516
0.0003051758
0.0003051758
0.0006103516
0.001220703
0.003356934
0.001220703
0.01251221
0.03540039
0.0579834
0.05981445
0.04608154
0.03692627
0.01617432
0.001220703
0.0006103516
0
0
-0.0003051758
0
0
0
0
0
0
-0.0003051758
0
-0.0006103516
0
0
-0.0003051758
0.0003051758
0.0006103516
0.0003051758
0.0003051758
0
0
-0.0003051758
-0.0003051758
0
-0.003662109
-0.005493164
-0.008544922
-0.01190186
-0.0006103516
-0.0003051758
-0.001831055
-0.003051758
-0.001220703
0.009155273
0.0006103516
0.0006103516
0
0
0
0
0
-0.0003051758
-0.005187988
-0.009155273
-0.01281738
-0.01739502
-0.0009155273
0
0.0003051758
0.0003051758
0.0006103516
0
0
-0.0003051758
-0.0003051758
0
0
-0.0003051758
0
0
-0.008850098
-0.01037598
-0.0201416
-0.02380371
-0.001220703
0
0
0.0006103516
0.0006103516
0
-0.0003051758
-0.0003051758
0.0006103516
0.0003051758
0.0003051758
0.0003051758
0
0
0
0
0
0.0003051758
0.0006103516
0
0.0003051758
0.0006103516
0.0006103516
0.0003051758
0.0006103516
0.0006103516
0.0006103516
0.0003051758
0.0003051758
0.0003051758
0.0006103516
0.0003051758
0.0003051758
0.0006103516
0.0006103516
0.0003051758
0.0003051758
0.0006103516
0
0
-0.0003051758
-0.0003051758
0
0
-0.0006103516
0
-0.0006103516
0.0006103516
0.0003051758
0.0003051758
0.003662109
0.002441406
0.003051758
-0.003662109
-0.02075195
-0.03265381
-0.03936768
-0.001831055
0
0
-0.0003051758
-0.0003051758
0.0006103516
0.0003051758
0.0003051758
0.0006103516
0.0006103516
0.0003051758
0.0003051758
0
0
0
0
0
-0.0003051758
-0.0003051758
-0.0003051758
-0.0003051758
-0.0003051758
-0.0003051758
0.0003051758
0.0003051758
0.0006103516
0
0
-0.0006103516
-0.0100708
-0.01495361
-0.02075195
-0.02502441
-0.001220703
-0.0003051758
0.0003051758
0.0006103516
0.0003051758
0.0003051758
0.0006103516
0.0006103516
0
0
0
-0.01159668
-0.0302124
-0.04669189
-0.04302979
-0.03723145
-0.001525879
-0.009155273
-0.01678467
-0.02258301
-0.03112793
-0.001220703
0
0
0.0006103516
0.0006103516
0.0003051758
0.0003051758
0.0006103516
0.0006103516
0.0003051758
0.0003051758
0.0003051758
0
0
0
0
0
0.0003051758
0.0006103516
0.0003051758
0.0003051758
0.0006103516
0.0006103516
-0.002441406
-0.01556396
-0.02349854
-0.02746582
-0.03051758
-0.03723145
-0.04119873
-0.01434326
-0.001220703
-0.00793457
-0.01220703
-0.01800537
-0.02258301
-0.0009155273
-0.0003051758
0.0003051758
0.0006103516
0.0003051758
0.0003051758
0.0006103516
0.0006103516
0
0
0
0
0
0
0
0
-0.0003051758
0.0003051758
0.0006103516
0.0003051758
0
-0.0003051758
0
0.0003051758
0.0003051758
0.0006103516
0.0006103516
0
0.0003051758
0.0006103516
0.0006103516
0.0003051758
0
-0.0003051758
0
0.0003051758
0.0003051758
0.0006103516
0.0006103516
0.0003051758
0.0003051758
0.0006103516
0.0006103516
0.0003051758
0.0003051758
0.0006103516
0.0006103516
-0.002746582
-0.01678467
-0.0213623
-0.01708984
0
0.0003051758
0.0003051758
0
0
-0.001525879
-0.009460449
-0.009155273
-0.01281738
-0.0006103516
0
0
0
-0.0003051758
0.0003051758
0.0006103516
0.0003051758
-0.001220703
0.002746582
-0.0006103516
-0.006713867
-0.0003051758
-0.0003051758
0.0003051758
0.0003051758
0.0006103516
0
0
-0.0003051758
0.0003051758
0.0006103516
0.0003051758
0.0003051758
0
-0.0003051758
0
0
0
-0.0003051758
0
0
0
0
0
0
0.0006103516
0.0006103516
0
-0.0003051758
-0.0003051758
-0.003356934
-0.0100708
-0.01220703
-0.008239746
0.0003051758
0.0003051Executing Unity Signal Handler 

967285
0.01098633
0.001220703
0.0006103516
0.0003051758
0.0003051758
0.0006103516
0
0
-0.0003051758
-0.0003051758
0
0
0
0.0006103516
0.0006103516
0.0003051758
0.0003051758
0.0006103516
0
0
0
0.0003051758
0.0003051758
0.0006103516
0.0006103516
0
0.0003051758
0
0
0
0
0.0006103516
0.0006103516
0
-0.0003051758
-0.0003051758
0
-0.0003051758
-0.0003051758
0
0
0
0.0003051758
0.0003051758
0.0006103516
-0.00793457
-0.02166748
-0.03387451
-0.0378418
-0.001525879
-0.0003051758
-0.0003051758
0
0
0
0
0
0
0
0
-0.0003051758
0.0006103516
0.0006103516
0.0003051758
0.0003051758
0.0009155273
0.0006103516
0.0003051758
0.0003051758
0.001525879
-0.00793457
-0.01281738
-0.007629395
0.0003051758
0.0003051758
0.0003051758
0.0006103516
0.0006103516
0.0003051758
0.0003051758
0.0006103516
0.0006103516
0.0003051758
0.0003051758
0.0003051758
0
0
0.0003051758
0.0006103516
0.0003051758
0.0003051758
-0.0003051758
-0.0003051758
0.0006103516
0.0003051758
0.0003051758
0.0006103516
0.0006103516
0.0003051758
0.003356934
-0.002441406
-0.005187988
-0.008850098
-0.0006103516
0
0
-0.0003051758
-0.0003051758
0.0006103516
0.0003051758
0.0003051758
-0.00213623
-0.01037598
-0.02532959
-0.02868652
-0.001525879
-0.0003051758
0
0
0
0
0
0
0
0
-0.0003051758
0.0003051758
0.0006103516
0.0003051758
0.0003051758
0.0006103516
0.0006103516
0.003356934
-0.005187988
-0.01220703
0.001220703
0.02380371
0.04669189
0.05950928
0.06256104
0.06561279
0.06317139
0.065Executing Unity Signal Handler 

08691
0.05554199
0.05493164
0.05859375
0.06286621
0.0668335
0.07110596
0.07568359
0.06652832
0.05279541
0.03875732
0.001831055
0.0006103516
0.0006103516
0.0006103516
0.0006103516
0.0006103516
0
-0.0003051758
-0.0003051758
0
0
-0.0003051758
-0.0003051758
0
0
0
0
0
0.0003051758
0.0003051758
0.0006103516
0
0
-0.0003051758
-0.0003051758
-0.0003051758
-0.0003051758
0
0
0
-0.01220703
-0.02563477
-0.03936768
-0.04486084
-0.04974365
-0.05584717
-0.03601074
-0.01312256
0.009765625
0.01922607
0.0009155273
0
0
0
0
-0.0003051758
0
0
0
0.0006103516
0.0006103516
0
0
0
0
-0.0003051758
-0.0003051758
0
0
-0.0003051758
0.0003051758
0.0006103516
0.0003051758
0.0003051758
0.0006103516
0.0006103516
0.0003051758
0.0003051758
0.0006103516
0
0
-0.0003051758
0.0003051758
0.0006103516
0.0003051758
0.0003051758
0.0006103516
0.0006103516
0
0
-0.0003051758
0
0
0
-0.0003051758
0
0
-0.0006103516
0
-0.0006103516
0.0003051758
0.0003051758
0.0006103516
0
0
-0.0003051758
0.0003051758
0.0006103516
0.0003051758
0.0003051758
0.0006103516
0.0006103516
0.0003051758
0.0003051758
0.0003051758
0
0
-0.0003051758
0.0003051758
0.0006103516
0.0003051758
0
0
-0.0003051758
0.0006103516
0.0003051758
0.0003051758
-0.004882813
-0.01800537
-0.02990723
-0.02258301
-0.0003051758
0.0003051758
0
0
0
0
0.0006103516
0.0006103516
0
-0.0003051758
-0.0003051758
0
0
-0.0003051758
0.0003051758
0.0006103516
0.0003051758
0
-0.0003051758
0
0
0
0
0.0003051758
0.0003051758
0.0006103516
0
0
0
-0.0003051758
-0.0003051758
0
0
0
0
0
-0.0003051758
-0.0003051758
0.0006103516
0.0003051758
0.0003051758
-0.0003051758
0
0
-0.007019043
-0.01251221
-0.0177002
-0.01373291
-0.0006103516
-0.0003051758
0.0006103516
0.0003051758
0.0003051758
0.0003051758
-0.0003051758
0
-0.001525879
-0.002746582
-0.003662109
0.006713867
0.0006103516
0.0006103516
0
0
-0.0003051758
0.0003051758
0.0006103516
0.0003051758
0.0003051758
0.0006103516
0.0006103516
0
0
0.0003051758
-0.0003051758
0
0
-0.0003051758
-0.0003051758
0
0.0003051758
0.0003051758
0.0006103516
Executing Unity Signal Handler 

.0003051758
0
0
0
-0.0003051758
-0.0003051758
0
-0.004577637
-0.01403809
-0.01983643
-0.02075195
-0.0009155273
-0.0003051758
0
0
-0.0003051758
0.0003051758
0.0006103516
0.0003051758
0.0003051758
0.0006103516
0.0006103516
-0.003051758
-0.00793457
-0.01861572
-0.02105713
-0.0006103516
-0.0003051758
0.0003051758
0.0006103516
0.0003051758
-0.0003051758
0
-0.0006103516
0
0
-0.0003051758
0.0003051758
0.0006103516
0.0003051758
0.0003051758
0.0006103516
0.0006103516
0.0003051758
0.0003051758
0.0006103516
0
0
0
0
0
-0.0003051758
0
0
0
-0.0003051758
0
0
-0.00793457
-0.02563477
-0.03967285
-0.04577637
-0.04455566
-0.04760742
-0.02868652
-0.0009155273
0.0003051758
0
0
0
0
0
0
-0.003967285
-0.0112915
-0.01953125
-0.00579834
0.0003051758
0.0003051758
0.0003051758
0.0006103516
0.0006103516
0
-0.0003051758
-0.0003051758
0.0006103516
0.0003051758
0.0003051758
0.0006103516
0.0006103516
0
0.0003051758
0.0006103516
0.0006103516
0
-0.0003051758
-0.0003051758
0
-0.0003051758
-0.0003051758
-0.006713867
-0.01403809
-0.01586914
-0.02563477
-0.0009155273
0
0
0.0003051758
0.0006103516
0
0
-0.0003051758
0.0003051758
0.0006103516
0.0003051758
0.0003051758
0.0006103516
0.0006103516
0.0003051758
0.0006103516
0.0006103516
0.0003051758
0
0
-0.0003051758
-0.0003051758
0
0.0003051758
0.0003051758
0.0006103516
0
0
0
0.0006103516
0.0003051758
0.0003051758
0.0006103516
0.0006103516
0.0003051758
0.0003051758
0
0
0
0.0006103516
0.0006103516
0.0006103516
0.0006103516
0.0003051758
-0.0003051758
0
-0.0006103516
0.0006103516
0.0003051758
0.0003051758
0.0006103516
0.0006103516
0.0003051758
0.0003051758
0.0006103516
0.0006103516
0
0
0
0.0003051758
0.0003051758
0.0006103516
0
0
0
0
0
0
0
0.0006103516
0.0006103516
0.0003051758
0.0003051758
0.0006103516
0
0
0
0
0
-0.0003051758
0.0003051758
0.0006103516
0.0003051758
0.0003051758
0.0003051758
0.0003051758
0.0006103516
0.0003051758
0.0003051758
0
0
-0.0006103516
0.0006103516
0.0003051758
0.0003051758
0.0006103516
0.0006103516
0.0003051758
0.0003051758
0.0006103516
0.0006103516
0.0003051758
0.0003051758
0.0006103516
0
0
-0.0003051758
0
0
0
0.0003051758
0.0006103516
0.0003051758
0.0003051758
0
-0.0003051758
0.0003051758
0.0006103516
0.0003051758
0.0003051758
0.0006103516
0.0006103516
-0.003356934
-0.00793457
-0.01495361
-0.02441406
-0.0009155273
-0.0003051758
0
0
-0.0003051758
0
0
0
-0.0003051758
0
0
0
0.0006103516
0.0006103516
0.001831055
-0.006408691
-0.01068115
-0.006713867
0
-0.0003051758
-0.008850098
-0.02105713
-0.0302124
-0.03662109
-0.001831055
0
0
0.0006103516
0.0006103516
0.0003051758
0.0003051758
0.0006103516
0.0006103516
0.0003051758
0.0003051758
0.0006103516
0.0006103516
0.0003051758
0.0003051758
0
0
0
0.0006103516
0.0003051758
0.0003051758
0.0003051758
0.0006103516
0.0006103516
0.0003051758
0.0003051758
0.0006103516
0.0006103516
0.0009155273
0
0
0
0
0
0
-0.0003051758
0.0006103516
0.0006103516
0
0
0
0
-0.0003051758
-0.0003051758
0.0006103516
0.0003051758
0.0003051758
0.0003051758
0
0
0.0003051758
0.0006103516
0.0003051758
0.0003051758
0.0006103516
0.0006103516
0
-0.0003051758
-0.0003051758
0
0
0
0
0.0006103516
0.0006103516
0.0003051758
0.0003051758
0.0006103516
0
0
0
0
0
0
0
0.0006103516
0.0006103516
0.0003051758
0.0003051758
0.0006103516
0
0
-0.0003051758
0.0003051758
0.0006103516
0.0003051758
0
-0.0003051758
0
0.0003051758
0.0003051758
0.0006103516
0.0003051758
0.0003051758
0.0003051758
0.0003051758
0
0
0
0.0006103516
0.0006103516
0.0003051758
0.0003051758
0.0006103516
0.0006103516
0.0003051758
0.0003051758
0
0
0
-0.0003051758
-0.0003051758
0
0
0
0
0.0003051758
0.0003051758
0.0006103516
0
-0.0003051758
-0.0003051758
0.0003051758
0.0003051758
0.0006103516
0
0
0
0
0
0
0
0
-0.0003051758
-0.009460449
-0.02197266
-0.02960205
-0.0390625
-0.01312256
-0.0006103516
-0.0006103516
0
0
0
0.0006103516
0.0006103516
0
-0.0003051758
-0.0003051758
0
-0.0003051758
-0.0003051758
0.0006103516
0.0006103516
0.0006103516
0.0003051758
0.0006103516
0.0006103516
0.0003051758
0
0.0006103516
0
0
-0.0003051758
0.0003051758
0.0006103516
0.0003051758
0.0003051758
0.0006103516
0.0009155273
0
-0.0003051758
-0.0003051758
0.0003051758
0.0003051758
0.0003051758
0.0006103516
0.0006103516
0.0006103516
0.0009155273
0.0006103516
0.0006103516
0
0
0
0.0006103516
0.0003051758
0.0003051758
0.0006103516
0.0006103516
0.0003051758
0.0003051758
0
0
-0.0003051758
-0.0003051758
0
0.0003051758
0.0003051758
0.0006103516
0
0
-0.0003051758
-0.0003051758
-0.0003051758
-0.0003051758
0
-0.0003051758
-0.0003051758
0
0
-0.0003051758
-0.0003051758
0
0
0.0003051758
0.0003051758
0.0006103516
0.0006103516
0.0003051758
0.0003051758
0.0006103516
0.0006103516
0.0003051758
0
-0.0003051758
0
0.0003051758
0.0003051758
0.0006103516
0.0006103516
0.0003051758
0.0003051758
0.0006103516
0.0006103516
0.0003051758
0
-0.0003051758
0
0
0.0006103516
0
0.0006103516
0.0006103516
0.0003051758
0.0003051758
0.0006103516
0.0006103516
0.0003051758
0.0003051758
0.0006103516
0.0006103516
0.0003051758
0.0003051758
0
0
0
-0.003662109
-0.005187988
-0.004577637
-0.006103516
-0.0006103516
0
-0.0003051758
-0.0006103516
0
0
0.0006103516
0.0006103516
0.001525879
-0.001525879
-0.003662109
0.001220703
0.0006103516
0.0006103516
0.0003051758
0.0003051758
0.0006103516
0
0
0
0
0
-0.0003051758
0.0003051758
0.0006103516
0.0003051758
0.0003051758
0.0006103516
0.0006103516
0
0
0
0
0.0006103516
0.0003051758
0
-0.0003051758
0
-0.0003051758
-0.0003051758
-0.0006103516
0
0
0
0
0.0006103516
0.0006103516
0.0003051758
0.0003051758
0.0003051758
0
-0.0003051758
0
0
0.0003051758
0.0006103516
0.0006103516
0.0003051758
0.0003051758
0
0
0
0
0.0006103516
0
0
0
-0.0003051758
-0.0003051758
0
0
-0.005493164
0.001220703
-0.0009155273
0.005187988
0.0006103516
0.0006103516
0.0003051758
0.0003051758
0.0006103516
0
0
-0.0003051758
-0.0003051758
0
0
0
0
-0.0003051758
-0.0003051758
0
0
-0.004577637
-0.01312256
-0.02227783
-0.02532959
-0.001220703
0
-0.0003051758
-0.0003051758
0
0.0003051758
0.0003051758
0.0006103516
0.0006103516
0.0003051758
0.0003051758
0
0
0
-0.01220703
-0.01983643
-0.03051758
-0.04364014
-0.0579834
-0.07141113
-0.06072998
-0.03753662
-0.01464844
0.007019043
0.0006103516
0.0003051758
0
0
0
0
0.0006103516
0.0006103516
0.0003051758
0.0003051758
0.0006103516
0.0006103516
0.0003051758
0.0003051758
0.0006103516
0.0006103516
0.0003051758
0.0003051758
0
0
-0.004272461
-0.0100708
-0.01342773
-0.004272461
0.01861572
0.04150391
0.04943848
0.05126953
0.05249023
0.05615234
0.04486084
0.01342773
0.0009155273
0.0003051758
0.0006103516
0
0
-0.0003051758
-0.0003051758
0
0
-0.01342773
-0.02929688
-0.04394531
-0.04577637
-0.04425049
-0.04272461
-0.0100708
0
0.0003051758
0.0006103516
0.0006103516
0.0003051758
0.0003051758
0.0006103516
0.0006103516
0.0003051758
0.0003051758
0.0006103516
0
0
0
0
0
0
0
0
-0.0003051758
0.0003051758
0.0006103516
0.0003051758
0.0003051758
0.0003051758
0.0006103516
0
-0.0003051758
-0.0003051758
0.0006103516
0.0003051758
0.0003051758
0
0
0
-0.0003051758
-0.0003051758
0
0
-0.0003051758
-0.0003051758
0.0006103516
0.0003051758
0.0003051758
0
0
0
0
0.0003051758
0.0003051758
0.0003051758
0
0
0.0003051758
0.0006103516
0.0003051758
0
0
-0.0003051758
0.0006103516
0.0003051758
0.0003051758
0.0003051758
0
0
0
0
0
0.0003051758
0.0006103516
0.0003051758
0.0003051758
0.0006103516
0.0006103516
0
-0.0003051758
-0.0003051758
0
0
0
0
0
0
0
0
0
0
0
0
0
0
0
0
0
-0.0003051758
0.0003051758
0.0006103516
0.0003051758
0.0003051758
0
0
0
0
0
0
0.0006103516
0.0006103516
-0.0006103516
0.003662109
0.0003051758
0.0112915
0.03387451
0.05706787
0.06011963
0.04852295
0.0402832
0.01586914
0.001220703
0
0.0003051758
0.0006103516
0.0006103516
0.0003051758
0.0003051758
0.0006103516
0
0
-0.0003051758
0.0003051758
0.0006103516
0.0003051758
0.0003051758
0
0
-0.0003051758
-0.0003051758
-0.0003051758
-0.01373291
-0.02075195
-0.03173828
-0.03967285
-0.01220703
-0.0006103516
0
0.0006103516
0.0006103516
0.0003051758
-0.002441406
-0.007019043
-0.01220703
-0.0006103516
-0.0003051758
-0.00579834
-0.01251221
-0.01556396
-0.02227783
-0.001220703
0
-0.0003051758
-0.0003051758
0
0
0.0003051758
0.0003051758
0.0003051758
0.0006103516
0.0006103516
0
-0.0003051758
-0.0003051758
0.0006103516
0.0003051758
0.0003051758
0.0003051758
0
0
-0.01159668
-0.03204346
-0.04852295
-0.03173828
-0.0009155273
0.0006103516
-0.0003051758
-0.0003051758
-0.0003051758
-0.0003051758
0
0
0.0006103516
0.0003051758
0.0003051758
0.0006103516
0.0006103516
0.0003051758
0.0003051758
0.0006103516
0.0006103516
0.0003051758
0.0003051758
0.0006103516
0
0
-0.0003051758
-0.0003051758
0
0
0
-0.0003051758
-0.0003051758
0
0
-0.0003051758
0.0003051758
0.0006103516
0.0003051758
-0.0003051758
-0.0003051758
0.0003051758
0
0.0003051758
0.0006103516
0.0006103516
0.0003051758
0.0003051758
-0.00213623
-0.008239746
-0.01708984
-0.02197266
-0.0009155273
-0.0003051758
0
0
-0.0003051758
0
0
0
0.0003051758
0.0006103516
0.0003051758
0.0003051758
0.0006103516
0.0006103516
0.0003051758
0.0006103516
0.0006103516
0.0003051758
0
-0.0003051758
0
0
0
0
0
0
0.0003051758
0.0006103516
0.0003051758
0.0003051758
0
0
0
0
0
0
0.0006103516
0.0006103516
0
0.0006103516
0
0
0
0
0
0
-0.0003051758
-0.0003051758
0
0
-0.009765625
-0.0213623
-0.02929688
-0.03326416
-0.001525879
0
0
0.0006103516
0.0006103516
0.0003051758
0.0003051758
0.0006103516
0
-0.0003051758
-0.0003051758
0
-0.0003051758
-0.0003051758
0
0
0
0
0
0
0.0006103516
0.0003051758
0.0006103516
0.0003051758
0.0006103516
0.0006103516
-0.003662109
-0.01068115
-0.01617432
-0.02563477
-0.001220703
0
-0.0003051758
-0.0003051758
0
0.0003051758
0.0003051758
0.0006103516
0.005493164
0.004272461
0.003051758
0.01403809
0.0009155273
0.0006103516
0
-0.0003051758
0
0
0
0
0
0.0006103516
0.0006103516
0
0
0
0
0
-0.0003051758
0
0
0
0.0003051758
0.0006103516
0.0006103516
0.0003051758
0.0003051758
0.0006103516
0.0006103516
0.0003051758
0.0003051758
0.0006103516
0.0006103516
0.0003051758
0.001525879
-0.002746582
-0.003967285
0.008544922
0.03173828
0.05493164
0.0692749
0.05828857
0.05096436
0.03265381
0.001220703
0
-0.009155273
-0.0177002
-0.02563477
-0.02105713
-0.0006103516
0.0006103516
0
-0.0003051758
-0.0003051758
0
0
0
0
0.0006103516
0.0006103516
0.0003051758
0
0
0.0003051758
0.0006103516
0.0006103516
0
0
0
0.0006103516
0.0003051758
0.0003051758
0.0003051758
0.0006103516
0.0003051758
0
-0.0003051758
0
0.0003051758
0.0003051758
0.0006103516
0.0006103516
0.0003051758
0.0003051758
0
0
0
0
0.0006103516
0.0006103516
-0.001220703
0.002441406
0.001220703
-0.003967285
-0.0003051758
0
0
0.0006103516
0.0006103516
0.0003051758
0.0006103516
0.0006103516
0.0003051758
0
0
-0.0003051758
-0.0003051758
0
0.0003051758
0.0003051758
0.0006103516
0.0006103516
0.0003051758
0.0003051758
0
0
0
-0.0003051758
0
0
-0.0003051758
0
0
0
0.0006103516
0.0006103516
-0.004577637
-0.01068115
-0.02227783
-0.02838135
-0.001525879
-0.0003051758
0
-0.0003051758
-0.0003051758
0.0006103516
0.0003051758
0.0003051758
0.0006103516
-0.00579834
-0.01312256
0.002441406
0.0006103516
0.0006103516
0.0003051758
0.0003051758
0.0006103516
0.0006103516
0.0003051758
0.0003051758
0
0
0
-0.0003051758
0
0
0
0
0
0.0003051758
0.0006103516
0.0003051758
0.0003051758
0.0006103516
0.0006103516
0
0.0003051758
0.0006103516
0
0
0
0.0003051758
0.0003051758
0.0006103516
0
0
-0.0003051758
-0.006408691
-0.0112915
-0.01251221
-0.001525879
0.0213623
0.04394531
0.05401611
0.0604248
0.06286621
0.06622314
0.0692749
0.07263184
0.06896973
0.0592041
0.04669189
0.04638672
0.04974365
0.05310059
0.04486084
0.03845215
0.001525879
0.0003051758
0.0006103516
0.0006103516
0
-0.0003051758
-0.0003051758
0
0
0
0.0006103516
0.0003051758
0.0003051758
0.0006103516
0.0006103516
0.0003051758
0.0003051758
0.0006103516
0.0006103516
0
-0.0003051758
-0.0003051758
-0.01098633
-0.01953125
-0.03356934
-0.03814697
-0.001525879
-0.0003051758
0.0003051758
0.0006103516
0.0003051758
0.0003051758
0.0006103516
0.0006103516
0.0003051758
0
0.0006103516
0.0006103516
0.0003051758
0.0003051758
0
0
0
-0.0003051758
0
0
-0.0003051758
0
0
-0.0003051758
-0.0003051758
0
0.0003051758
0.0003051758
0.0006103516
0.0006103516
-0.003051758
-0.006408691
0.01190186
0.03479004
0.05767822
0.05889893
0.04547119
0.03723145
0.001220703
0
0
0
0
0
0
0.0003051758
0.0006103516
0.0003051758
0.0003051758
0.0006103516
0.0006103516
0.0003051758
0.0003051758
0
0
-0.0006103516
0
-0.0006103516
0
-0.0003051758
-0.0003051758
0
0.0003051758
0.0003051758
0.0006103516
0.0006103516
0.0003051758
0.0003051758
0.001220703
-0.003356934
-0.007629395
0.001220703
0.02410889
0.04699707
0.06866455
0.09094238
0.1135254
0.1281738
0.1333618
0.1361084
0.133667
0.1348877
0.1367188
0.140686
0.1449585
0.1489258
0.1553345
0.1596069
0.1651001
0.1693726
0.173645
0.1782227
0.1821899
0.1861572
0.1904297
0.1901245
0.1922607
0.1950073
0.1809692
0.1647949
0.149231
0.133667
0.1171875
0.1000977
0.08605957
0.07324219
0.05981445
0.04608154
0.03753662
0.001831055
0
0
0
0
0
0
0
0.0006103516
0.0006103516
0
0
0
0
0
0
-0.004882813
-0.01525879
-0.02319336
-0.02716064
-0.001220703
-0.0003051758
0.0003051758
0.0003051758
-0.0003051758
0
0
-0.0003051758
-0.0003051758
0
0
0.0003051758
0
0
0.0006103516
0.0003051758
0.0006103516
0.0003051758
0
0
-0.005187988
-0.01220703
-0.02227783
-0.02563477
-0.03234863
-0.03479004
-0.02532959
-0.0006103516
0.0003051758
0.0006103516
0.0006103516
0.0006103516
0
0
0
0
0
0
0.0006103516
0.0006103516
0.0006103516
0.0003051758
0.0003051758
0.0003051758
0.0003051758
0.0003051758
0.0003051758
0.0003051758
0.0003051758
0.0003051758
0.0003051758
-0.0003051758
0
0.0003051758
0.0003051758
0
0.001220703
-0.006103516
-0.004272461
0.007324219
0.02990723
0.05187988
0.07141113
0.06652832
0.0668335
0.05249023
0.03692627
0.001525879
0
0.0003051758
0.0003051758
0
0
-0.0003051758
-0.005187988
-0.01251221
-0.01342773
-0.006713867
0
0.0006103516
0.0006103516
0.0006103516
0.0006103516
0
0
-0.0003051758
0
0
0
0
0
0
0.0003051758
0.0006103516
0.0006103516
0
0
0
0
0
0
0
0.0003051758
0.0003051758
0.0006103516
0.0003051758
0.0003051758
0
-0.0003051758
-0.0006103516
0
0
0
0.0003051758
0.0003051758
0.0006103516
0.0006103516
0.0009155273
0.0006103516
-0.003051758
-0.01281738
-0.02380371
-0.03448486
-0.0402832
-0.04364014
-0.03295898
-0.0006103516
0
0.0006103516
0.0006103516
0.0003051758
0.0003051758
0.0003051758
0.0003051758
0
0
0
0.0003051758
0
0.0003051758
0
0
0
0.0003051758
0.0006103516
0.0003051758
0.0006103516
0.0006103516
0.0006103516
0.0003051758
0.0006103516
0
0
0
0
0
0
0
0.0006103516
0.0003051758
0.0003051758
0.0006103516
0
0.0006103516
0.0003051758
0.0006103516
0.0006103516
0.0003051758
0
0
0
0
0
-0.003356934
-0.003356934
-0.005493164
0.006103516
0.0003051758
0.0003051758
0.0006103516
0.0003051758
0.0003051758
-0.002441406
-0.005187988
-0.01495361
-0.01708984
-0.0006103516
0
0
0
0
0.0003051758
0.0006103516
0.0006103516
0.0003051758
0.0003051758
0.0003051758
0
0
0
0.0003051758
0.0006103516
0.0006103516
0.0003051758
-0.0003051758
-0.0003051758
0.0006103516
0
0.0006103516
0.004882813
-0.006713867
-0.009155273
-0.01525879
-0.0006103516
0
-0.01098633
-0.01861572
-0.02532959
-0.01708984
-0.0003051758
0.0003051758
0
0
-0.0006103516
0.0003051758
0.0003051758
0.0003051758
0.0003051758
0
0
0
0.0003051758
0.0003051758
0
0.0003051758
0.0003051758
0.0003051758
0.0006103516
0.0003051758
0.0003051758
0.0006103516
0.0006103516
0.0003051758
0.0003051758
0.0006103516
0.0006103516
0
0.0006103516
0.0003051758
0.0003051758
0.0006103516
0.0003051758
0.0003051758
0
0.0003051758
0.0006103516
0.0006103516
0
0
0
0
-0.0003051758
-0.0003051758
0.0006103516
0.0003051758
0.0003051758
-0.004882813
-0.0112915
-0.0189209
-0.01342773
-0.0003051758
