Mono path[0] = '/home/wangning/文档/grid-sensor-master/BuildFile/PitCar/pitcar_ppo_Data/Managed'
Mono config path = '/home/wangning/文档/grid-sensor-master/BuildFile/PitCar/pitcar_ppo_Data/MonoBleedingEdge/etc'
Preloaded 'lib_burst_generated.so'
Preloaded 'libgrpc_csharp_ext.x64.so'
AS: AutoStreaming module initializing.
Initialize engine version: 2021.3.19f1c1 (b8e3cea1e9d3)
[Subsystems] Discovering subsystems at path /home/wangning/文档/grid-sensor-master/BuildFile/PitCar/pitcar_ppo_Data/UnitySubsystems
Forcing GfxDevice: Null
GfxDevice: creating device client; threaded=0; jobified=0
NullGfxDevice:
    Version:  NULL 1.0 [1.0]
    Renderer: Null Device
    Vendor:   Unity Technologies
Begin MonoManager ReloadAssembly
- Completed reload, in  0.110 seconds
ERROR: Shader Sprites/Default shader is not supported on this GPU (none of subshaders/fallbacks are suitable)
ERROR: Shader Sprites/Mask shader is not supported on this GPU (none of subshaders/fallbacks are suitable)
ERROR: Shader Legacy Shaders/Particles/Multiply shader is not supported on this GPU (none of subshaders/fallbacks are suitable)
ERROR: Shader Legacy Shaders/Particles/Additive shader is not supported on this GPU (none of subshaders/fallbacks are suitable)
ERROR: Shader Legacy Shaders/VertexLit shader is not supported on this GPU (none of subshaders/fallbacks are suitable)
WARNING: Shader Unsupported: 'Standard' - All subshaders removed
WARNING: Shader Did you use #pragma only_renderers and omit this platform?
WARNING: Shader If subshaders removal was intentional, you may have forgotten turning Fallback off?
ERROR: Shader Standard shader is not supported on this GPU (none of subshaders/fallbacks are suitable)
WARNING: Shader Unsupported: 'Standard' - All subshaders removed
WARNING: Shader Did you use #pragma only_renderers and omit this platform?
WARNING: Shader If subshaders removal was intentional, you may have forgotten turning Fallback off?
WARNING: Shader Unsupported: 'Standard (Specular setup)' - All subshaders removed
WARNING: Shader Did you use #pragma only_renderers and omit this platform?
WARNING: Shader If subshaders removal was intentional, you may have forgotten turning Fallback off?
ERROR: Shader Standard (Specular setup) shader is not supported on this GPU (none of subshaders/fallbacks are suitable)
WARNING: Shader Unsupported: 'Standard (Specular setup)' - All subshaders removed
WARNING: Shader Did you use #pragma only_renderers and omit this platform?
WARNING: Shader If subshaders removal was intentional, you may have forgotten turning Fallback off?
ERROR: Shader Mobile/Particles/Additive shader is not supported on this GPU (none of subshaders/fallbacks are suitable)
UnloadTime: 1.588626 ms
0
0
0.00579834
0.0006103516
0.003051758
0.003967285
0.009155273
0.008544922
0.00579834
0.008850098
-0.001831055
-0.01098633
-0.02258301
-0.02563477
-0.02441406
-0.02227783
-0.01953125
requesting resize 84 x 84
-0.0289917
-0.03234863
-0.03265381
-0.03051758
-0.02929688
-0.02563477
-0.02563477
-0.02624512
-0.02502441
-0.03356934
-0.0378418
-0.03997803
-0.04333496
-0.0390625
-0.04089355
-0.0402832
-0.04455566
-0.04455566
-0.04241943
-0.0390625
-0.03662109
-0.03540039
-0.03082275
-0.02410889
-0.02197266
-0.02075195
-0.02197266
-0.02807617
-0.03112793
-0.03051758
-0.02990723
-0.02532959
-0.02258301
-0.0177002
-0.01861572
-0.01525879
-0.01434326
-0.01251221
-0.01281738
-0.0201416
-0.02441406
-0.02990723
-0.03082275
-0.03540039
-0.03295898
-0.02929688
-0.02807617
-0.02502441
-0.01983643
-0.02044678
-0.0177002
-0.01281738
-0.01220703
-0.01159668
-0.009765625
-0.00793457
-0.004882813
-0.006103516
-0.0009155273
-0.004577637
0
0
0
0
0
0
0
0
0
-0.004272461
0.0006103516
0.001831055
0.00793457
0.01342773
0.006103516
-0.01098633
-0.02380371
-0.02380371
-0.0177002
-0.01342773
-0.008239746
-0.003662109
0.002746582
0.006713867
0.01403809
0.01617432
0.01617432
0.008850098
0.01220703
0.01586914
0.01708984
0.02166748
0.02655029
0.03051758
0.03875732
0.04272461
0.04302979
0.05126953
0.05554199
0.06134033
0.06622314
0.07141113
0.07202148
0.08117676
0.08666992
0.09307861
0.09857178
0.08911133
0.08361816
0.07629395
0.07995605
0.08666992
0.09216309
0.1019287
0.1101685
0.1208496
0.1290894
0.1364136
0.1473999
0.1574707
0.1672363
0.1776123
0.177002
0.1727295
0.1708984
0.1757813
0.1828003
0.1922607
0.1913452
0.1913452
0.1873779
0.1986694
0.2096558
0.2218628
0.2258301
0.2334595
0.2423096
0.2416992
0.2371216
0.2355957
0.2514648
0.269165
0.2850342
0.2862549
0.2838135
0.2828979
0.2990723
0.317688
0.3359985
0.3552246
0.3741455
0.3933716
0.4067993
0.4211426
0.4382324
0.4580688
0.4782104
0.4986572
0.4818726
0.4510498
0.4229736
0.390625
0.3613281
0.3344727
0.3137207
0.3051758
0.2932739
0.3146362
0.3390503
0.3634644
0.3924561
0.4205322
0.4483032
0.4669189
0.4870605
0.508728
0.536499
0.5618286
0.5880737
0.6137085
0.6399536
0.6655884
0.6851196
0.7055664
0.7275391
0.7458496
0.765686
0.7855225
0.7962036
0.8071899
0.819397
0.847168
0.8752441
0.9011841
0.8938599
0.8782959
0.8624268
0.8520508
0.8618164
0.8734131
0.8480835
0.8123779
0.7791138
0.7458496
0.7287598
0.7147217
0.7217407
0.74646
0.7717896
0.798645
0.8239746
0.8474731
0.8746338
0.9103394
0.9216309
0.9591675
0.9744263
1.008301
0.9945679
1.000977
0.9988403
0.9960938
0.9893799
0.9848022
1.003723
0.9805298
0.9570313
0.9405518
0.9246826
0.9091187
0.8728027
0.8737183
0.8816528
0.9042358
0.9301758
0.9466553
0.9423828
0.8990479
0.8551025
0.8163452
0.8071899
0.8099365
0.8157349
0.8221436
0.826416
0.8508301
0.8740234
0.899353
0.8917236
0.8889771
0.8828735
0.8636475
0.8422852
0.8206177
0.8306885
0.8380127
0.8432007
0.8129883
0.78125
0.7467651
0.7244873
0.7006836
0.6771851
0.6832886
0.687561
0.6948853
0.6497192
0.6060791
0.5587769
0.5593872
0.5603027
0.5627441
0.5126953
0.461731
0.4083252
0.402832
0.3979492
0.3942871
0.3897095
0.3842163
0.3765869
0.3234863
0.2667236
0.2075195
0.1486206
0.08972168
0.02868652
-0.001220703
-0.03509521
-0.06744385
-0.08544922
-0.1055908
-0.1184082
-0.1437378
-0.1693726
-0.1968384
-0.2130127
-0.2319336
-0.2514648
-0.3070068
-0.3182983
-0.3704834
-0.4165649
-0.4800415
-0.5450439
-0.6057739
-0.6637573
-0.7235718
-0.7675171
-0.8135986
-0.8602905
-0.8874512
-0.9155273
-0.9439087
-1.011658
-1.081238
-1.152954
-1.200256
-1.248474
-1.297913
-1.365051
-1.431885
-1.499023
-1.567383
-1.636047
-1.704712
collision
0
0.01708984
0.04394531
0.06896973
0.09460449
0.1202393
0.1400757
0.1623535
0.1797485
0.1895142
0.1870728
0.1843262
0.1971436
0.2276611
0.25177
0.2752686
0.2984619
0.3225708
0.3463745
0.3707886
0.3961182
0.4110718
0.4260254
0.4421997
0.4318237
0.4275513
0.425415
0.4464722
0.4730225
0.4992676
0.5172729
0.5368042
0.557251
0.5847168
0.6109619
0.637207
0.663147
0.6884766
0.7138062
0.6973267
0.6652832
0.6344604
0.6045532
0.5755615
0.5487061
0.5331421
0.5456543
0.559082
0.5883789
0.6173706
0.6439209
0.6509399
0.6591797
0.668335
0.6555176
0.625
0.5935669
0.6048584
0.632019
0.6600952
0.6793213
0.6994629
0.72052
0.7470703
0.7727051
0.7980347
0.8105469
0.8236694
0.838623
0.8319092
0.8181763
0.8074951
0.7733154
0.7348633
0.697937
0.6744385
0.6509399
0.6292725
0.6066895
0.614624
0.6246948
0.6530762
0.682373
0.7116699
0.6976318
0.6695557
0.6430054
0.6161499
0.6195068
0.6256104
0.6539917
0.682373
0.7107544
0.7388306
0.7659912
0.7946777
0.7821655
0.7559204
0.7302856
0.7061768
0.7171631
0.7293701
0.7290649
0.7293701
0.7318115
0.7263184
0.7226563
0.7192993
0.7177734
0.6994629
0.680542
0.6829834
0.6991577
0.713501
0.7116699
0.6951904
0.6811523
0.6625366
0.6744385
0.6884766
0.7046509
0.7202148
0.736084
0.7571411
0.7580566
0.7852173
0.7794189
0.7504272
0.7229614
0.6970215
0.6719971
0.6491089
0.6118774
0.6002808
0.5923462
0.5761719
0.5599976
0.5453491
0.5508423
0.5255127
0.5007935
0.486145
0.4931641
0.5010986
0.5297852
0.5194092
0.5108643
0.475769
0.4559326
0.4406738
0.4562378
0.475769
0.4779053
0.50354
0.5239868
0.5487061
0.5239868
0.5001831
0.4736328
0.4586792
0.4425049
0.428772
0.4214478
0.4156494
0.4046631
0.3897095
0.3591919
0.3305054
0.3088379
0.2929688
0.2877808
0.3009033
0.2877808
0.2749634
0.2481079
0.2227783
0.199585
0.1831055
0.1727295
0.1672363
0.1806641
0.196228
0.2105713
0.2017212
0.1919556
0.1821899
0.1882935
0.1925659
0.1940918
0.1953125
0.1858521
0.1751709
0.163269
0.151062
0.1391602
0.1089478
0.08453369
0.06195068
0.05065918
0.03967285
0.03112793
0.009765625
-0.01312256
-0.03234863
-0.06530762
-0.09552002
-0.1275635
-0.1174927
-0.1092529
-0.100708
-0.1416016
-0.1846313
-0.2270508
-0.2526855
-0.2792358
-0.3070068
-0.3353882
-0.3875732
-0.4412842
-0.4794312
-0.5178833
-0.557251
-0.5935669
-0.6307983
-0.6695557
-0.7244873
-0.7785034
-0.8331299
-0.852356
-0.8688354
-0.8859253
-0.904541
-0.9017944
-0.9127808
-0.930481
-0.9881592
-1.042175
-1.097107
collision
0
0.01678467
0.04302979
0.06958008
0.09613037
0.1190186
0.1425171
0.1663208
0.1904297
0.21698
0.2407837
0.2639771
0.2877808
0.3112793
0.3042603
0.2883911
0.2719116
0.2700806
0.2645874
0.2615356
0.249939
0.2359009
0.2218628
0.206604
0.196228
0.1889038
0.1824951
0.1754761
0.1712036
0.1733398
0.173645
0.1730347
0.1843262
0.2047729
0.2270508
0.2548218
0.2807617
0.305481
0.3170776
0.3308105
0.3466797
0.3756714
0.4043579
0.430603
0.4257202
0.4196167
0.4083252
0.4284668
0.4528809
0.4782104
0.458374
0.4238892
0.3863525
0.3985596
0.418396
0.4385376
0.4348755
0.4144287
0.3939819
0.3948975
0.3939819
0.3921509
0.3909302
0.3894043
0.3878784
0.3948975
0.4101563
0.4269409
0.4150391
0.3884888
0.3634644
0.3533936
0.3475952
0.3442383
0.3485107
0.3515625
0.3543091
0.3631592
0.3720093
0.3814697
0.3900146
0.3961182
0.4013062
0.4055786
0.4092407
0.4129028
0.4138184
0.4162598
0.4180908
0.4345703
0.4608154
0.4852295
0.4653931
0.4296875
0.3967285
0.369873
0.3442383
0.3207397
0.2999878
0.279541
0.2581787
0.2392578
0.2197266
0.1989746
0.1794434
0.1593018
0.138855
0.12146
0.1013184
0.07995605
0.05432129
0.03295898
0.0006103516
0
0
0
0
0
0
0
0
0
0
0
0
0
0
0
-0.002441406
-0.005187988
-0.0009155273
0.009155273
0.0302124
0.05065918
0.06408691
0.08056641
0.09796143
0.1211548
0.1223755
0.12146
0.1226807
0.1211548
0.1184082
0.1248169
0.1470947
0.1663208
0.1690674
0.166626
0.1611328
0.1669312
0.1855469
0.2026367
0.2243042
0.2450562
0.2651978
0.269165
0.27771
0.2890015
0.2999878
0.3045654
0.3060913
0.296936
0.2896118
0.2825928
0.3042603
0.3274536
0.3494263
0.3796387
0.4071045
0.4324341
0.4501343
0.4684448
0.4882813
0.5163574
0.5422974
0.5670166
0.5718994
0.5789185
0.5889893
0.6152344
0.6399536
0.6634521
0.6915283
0.7177734
0.743103
0.7644653
0.7861328
0.8071899
0.8358765
0.8651733
0.8938599
0.8956909
0.8996582
0.8834839
0.9014893
0.9103394
0.916748
0.9179688
0.9197998
0.9161377
0.9255981
0.9317017
0.9411621
0.9469604
0.9558105
0.9606934
0.9555054
0.9466553
0.9439087
0.9442139
0.9506226
0.9481812
0.9579468
0.9588623
0.9649658
0.9591675
0.9579468
0.9503174
0.9658813
0.9802246
0.9957886
0.9692383
0.9423828
0.9143066
0.9268188
0.9390259
0.9524536
0.9613037
0.9674072
0.9729004
0.9805298
0.9872437
0.9921265
0.9674072
0.942688
0.9185791
0.9005737
0.881958
0.8627319
0.8581543
0.852356
0.8450317
0.8358765
0.8255005
0.8145142
0.809021
0.7815552
0.7553101
0.7144165
0.668335
0.6524658
0.6246948
0.5947876
0.5651855
0.5319214
0.4989624
0.4653931
0.4632568
0.4620361
0.4598999
0.4095459
0.3527832
0.2960205
0.2496338
0.2050781
0.161438
0.1171875
0.07446289
0.03387451
-0.02319336
-0.08453369
-0.149231
-0.1843262
-0.2218628
-0.2609253
-0.3088379
-0.3591919
-0.4095459
-0.4537964
-0.4486084
-0.4870605
-0.5163574
-0.5392456
-0.5831909
-0.6173706
-0.6497192
-0.6848145
-0.7287598
collision
0
0.01800537
0.04241943
0.06835938
0.09307861
0.1196289
0.1455688
0.1699829
0.1876831
0.2075195
0.227356
0.246582
0.2670288
0.2905273
0.3027344
0.317688
0.3311157
0.3421021
0.3555298
0.369873
0.3924561
0.4144287
0.4354858
0.461731
0.4891968
0.5151367
0.4992676
0.4708862
0.4434204
0.4312134
0.4415894
0.4541016
0.4370117
0.4071045
0.3945923
0.3884888
0.3842163
0.3796387
0.4049683
0.4351807
0.4632568
0.4855347
0.5075073
0.5307007
0.5584717
0.5853271
0.6112671
0.6213379
0.632019
0.645752
0.6738281
0.7037354
0.730896
0.7492065
0.7678223
0.7873535
0.7687378
0.7266235
0.68573
0.6774902
0.6796265
0.6811523
0.6716919
0.6796265
0.6878662
0.7180786
0.7458496
0.7720947
0.7870483
0.8032227
0.819397
0.8370972
0.854187
0.871582
0.8947754
0.916748
0.9457397
0.9320068
0.9463501
0.9475708
0.9631348
0.9338379
0.9060669
0.8639526
0.8590698
0.8578491
0.8804321
0.9030151
0.9161377
0.9332275
0.9384155
0.9552002
0.9564209
0.925293
0.8944702
0.8776855
0.8883667
0.9155273
0.9313965
0.899353
0.8914185
0.852356
0.8642578
0.8691406
0.8660889
0.8642578
0.8618164
0.8666992
0.8712769
0.8740234
0.8874512
0.8972168
