Mono path[0] = '/home/wangning/文档/grid-sensor-master/BuildFile/PitCar/pitcar_ppo_Data/Managed'
Mono config path = '/home/wangning/文档/grid-sensor-master/BuildFile/PitCar/pitcar_ppo_Data/MonoBleedingEdge/etc'
Preloaded 'lib_burst_generated.so'
Preloaded 'libgrpc_csharp_ext.x64.so'
AS: AutoStreaming module initializing.
Initialize engine version: 2021.3.19f1c1 (b8e3cea1e9d3)
[Subsystems] Discovering subsystems at path /home/wangning/文档/grid-sensor-master/BuildFile/PitCar/pitcar_ppo_Data/UnitySubsystems
Forcing GfxDevice: Null
GfxDevice: creating device client; threaded=0; jobified=0
NullGfxDevice:
    Version:  NULL 1.0 [1.0]
    Renderer: Null Device
    Vendor:   Unity Technologies
Begin MonoManager ReloadAssembly
- Completed reload, in  0.108 seconds
ERROR: Shader Sprites/Default shader is not supported on this GPU (none of subshaders/fallbacks are suitable)
ERROR: Shader Sprites/Mask shader is not supported on this GPU (none of subshaders/fallbacks are suitable)
ERROR: Shader Legacy Shaders/Particles/Multiply shader is not supported on this GPU (none of subshaders/fallbacks are suitable)
ERROR: Shader Legacy Shaders/Particles/Additive shader is not supported on this GPU (none of subshaders/fallbacks are suitable)
ERROR: Shader Legacy Shaders/VertexLit shader is not supported on this GPU (none of subshaders/fallbacks are suitable)
WARNING: Shader Unsupported: 'Standard' - All subshaders removed
WARNING: Shader Did you use #pragma only_renderers and omit this platform?
WARNING: Shader If subshaders removal was intentional, you may have forgotten turning Fallback off?
ERROR: Shader Standard shader is not supported on this GPU (none of subshaders/fallbacks are suitable)
WARNING: Shader Unsupported: 'Standard' - All subshaders removed
WARNING: Shader Did you use #pragma only_renderers and omit this platform?
WARNING: Shader If subshaders removal was intentional, you may have forgotten turning Fallback off?
WARNING: Shader Unsupported: 'Standard (Specular setup)' - All subshaders removed
WARNING: Shader Did you use #pragma only_renderers and omit this platform?
WARNING: Shader If subshaders removal was intentional, you may have forgotten turning Fallback off?
ERROR: Shader Standard (Specular setup) shader is not supported on this GPU (none of subshaders/fallbacks are suitable)
WARNING: Shader Unsupported: 'Standard (Specular setup)' - All subshaders removed
WARNING: Shader Did you use #pragma only_renderers and omit this platform?
WARNING: Shader If subshaders removal was intentional, you may have forgotten turning Fallback off?
ERROR: Shader Mobile/Particles/Additive shader is not supported on this GPU (none of subshaders/fallbacks are suitable)
UnloadTime: 2.330090 ms
0
0
0.006103516
0.00213623
0.001525879
0.001831055
0.007324219
0.001525879
0.003051758
0.005493164
0.003662109
0.005187988
0.006103516
0.003662109
0
0
0
requesting resize 84 x 84
0
0
0
0
0
0
0
0.0003051758
0.0003051758
0
0
0.0003051758
0.0003051758
0
-0.0003051758
-0.002746582
-0.002441406
-0.01708984
-0.0289917
-0.03936768
-0.03448486
-0.02349854
-0.01525879
-0.004272461
0.006103516
0.01342773
0.006103516
-0.001220703
-0.01190186
-0.008850098
-0.001831055
0.009155273
0.02075195
0.02655029
0.03631592
0.04364014
0.04974365
0.05737305
0.0668335
0.07720947
0.08209229
0.08117676
0.07568359
0.07598877
0.08636475
0.09368896
0.1043701
0.1123047
0.12146
0.128479
0.140686
0.1483154
0.1608276
0.1647949
0.171814
0.1812744
0.1882935
0.1977539
0.2078247
0.2212524
0.2362061
0.2496338
0.2612305
0.2749634
0.2893066
0.2774048
0.262146
0.2529907
0.262146
0.2749634
0.2880859
0.3045654
0.3204346
0.3366089
0.3442383
0.3546143
0.3668213
0.3900146
0.4129028
0.43396
0.4559326
0.4779053
0.4986572
0.5130005
0.5297852
0.546875
0.5709839
0.5953979
0.6192017
0.6362915
0.6539917
0.6744385
0.6872559
0.7025146
0.7189941
0.7022095
0.6646729
0.6280518
0.6384277
0.6640625
0.6896973
0.6964111
0.7025146
0.7080078
0.7015991
0.6784058
0.6546021
0.6246948
0.5960083
0.5688477
0.5557251
0.5700684
0.5856323
0.6158447
0.6427002
0.6689453
0.6826782
0.6878662
0.6918335
0.6967163
0.7180786
0.7391357
0.7421875
0.7446289
0.7479858
0.774231
0.7989502
0.8209229
0.8184814
0.8154297
0.8114624
0.8224487
0.8334351
0.8508301
0.8303833
0.8361816
0.8279419
0.8486938
0.8261108
0.8035278
0.7778931
0.7861328
0.7958984
0.8166504
0.8401489
0.8599854
0.8706665
0.8807373
0.8880615
0.9017944
0.9127808
0.9231567
0.9100342
0.9020996
0.8886719
0.8886719
0.881958
0.8804321
0.8929443
0.9085083
0.9188843
0.920105
0.8898926
0.8599854
0.8377075
0.819397
0.8389282
0.8483887
0.826416
0.8041382
0.776062
0.7540894
0.7647705
0.7440186
0.7226563
0.7012939
0.6723022
0.6411743
0.609436
0.6207275
0.6323242
0.6436157
0.6051636
0.5526733
0.5004883
0.4653931
0.4321289
0.3994751
0.3729248
0.3479004
0.340271
0.3283691
0.3033447
0.2783203
0.2664185
0.255127
0.2566528
0.2166748
0.173645
0.1278687
0.08544922
0.04394531
0.001525879
0.001525879
0.001525879
0.001831055
0.003051758
-0.003967285
-0.00793457
-0.02288818
-0.03753662
-0.05096436
-0.0479126
-0.03997803
-0.03265381
-0.06958008
-0.1074219
-0.1461792
-0.1412964
-0.1373291
-0.1358032
-0.1705933
-0.1950073
-0.2182007
-0.2114868
-0.2203369
-0.2377319
-0.2807617
-0.324707
-0.3704834
-0.4016113
-0.4348755
-0.4672241
-0.4956055
-0.5249023
-0.5554199
-0.6057739
-0.6555176
-0.7046509
-0.7388306
-0.7736206
-0.8108521
-0.8233643
-0.8361816
-0.8477783
-0.9030151
-0.9588623
-1.014099
-1.054382
-1.096802
-1.139221
collision
0
0.01708984
0.04333496
0.06713867
0.09216309
0.1171875
0.1412964
0.1660156
0.1895142
0.2111816
0.2322388
0.2536011
0.2737427
0.2935791
0.3134155
0.3390503
0.3591919
0.3707886
0.3890991
0.4074097
0.4251099
0.4159546
0.4031372
0.3939819
0.413208
0.4354858
0.4568481
0.4498291
0.4275513
0.4022217
0.4122925
0.4299927
0.4483032
0.4397583
0.4214478
0.4193115
0.4257202
0.4391479
0.4547119
0.4782104
0.5004883
0.5224609
0.5526733
0.5813599
0.6088257
0.6362915
0.6622314
0.6878662
0.6619263
0.6311035
0.602417
0.5908203
0.6091309
0.6283569
0.6539917
0.6790161
0.703125
0.7226563
0.7421875
0.7617188
0.7373047
0.6988525
0.6619263
0.6451416
0.6283569
0.6103516
0.6072998
0.6332397
0.6582642
0.6829834
0.7070923
0.7302856
0.736084
0.7427979
0.7507324
0.7626343
0.7757568
0.7891846
0.7861328
0.7836914
0.78125
0.7794189
0.7788086
0.7775879
0.7940674
0.8172607
0.8157349
0.8465576
0.8691406
0.8920288
0.9017944
0.9121704
0.9197998
0.9277344
0.932312
0.9390259
0.9268188
0.9194946
0.9072876
0.9265137
0.9423828
0.9585571
0.9335327
0.8935547
0.8529663
0.836792
0.8044434
0.8117676
0.7678223
0.7461548
0.7159424
0.6854248
0.6512451
0.6182861
0.617981
0.6167603
0.6134033
0.5697632
0.5114746
0.4550171
0.4348755
0.4171753
0.4196167
0.4180908
0.411377
0.4040527
0.4019165
0.3915405
0.3793335
0.352478
0.3231812
0.3076172
0.2606201
0.2108765
0.161438
0.1556396
0.149231
0.1416016
0.1403809
0.1309204
0.1235962
0.1199341
0.1153564
0.118103
0.09918213
0.07965088
0.06011963
0.06744385
0.07476807
0.08117676
0.05157471
0.02532959
0.0009155273
-0.02166748
-0.04455566
-0.0668335
-0.1095581
-0.1519775
-0.194397
-0.1913452
-0.1864624
-0.1803589
-0.1898193
-0.1828003
-0.19104
-0.2249146
-0.2529907
-0.2935791
-0.3329468
-0.3610229
-0.3872681
-0.3799438
-0.3729248
-0.3735352
-0.3848267
-0.3924561
-0.4074097
-0.4504395
-0.4925537
-0.5331421
-0.5728149
-0.5938721
-0.6134033
-0.6393433
-0.664978
-0.6903076
-0.7165527
-0.7391357
-0.791626
-0.8453369
-0.8926392
collision
0
0.01617432
0.04241943
0.06896973
0.09155273
0.09338379
0.08361816
0.07507324
0.06896973
0.05859375
0.07263184
0.09521484
0.1217651
0.140686
0.1605225
0.1791382
0.1989746
0.2178955
0.241394
0.2441406
0.2453613
0.239563
0.2606201
0.2850342
0.3088379
0.328064
0.3503418
0.3726196
0.37323
0.3689575
0.3662109
0.3829956
0.4071045
0.4309082
0.4464722
0.461731
0.4772949
0.5004883
0.5233765
0.5465698
0.5667114
0.5874634
0.6085205
0.6192017
0.6314087
0.6448364
0.6665039
0.6872559
0.7080078
0.730896
0.7525635
0.7736206
0.7873535
0.7922363
0.796814
0.7983398
0.8184814
0.8392334
0.8660889
0.894165
0.9204102
0.9179688
0.8987427
0.8795166
0.8410645
0.802002
0.7635498
0.753479
0.7806396
0.8062744
0.8132935
0.8206177
0.8291626
0.8303833
0.8328247
0.8349609
0.8209229
0.7974243
0.7727051
0.7620239
0.7888794
0.8175659
0.8154297
0.8135986
0.8105469
0.81604
0.8139038
0.8111572
0.8163452
0.836792
0.859375
0.8724976
0.8450317
0.8184814
0.8007813
0.7824707
0.7641602
0.7421875
0.7550049
0.7693481
0.7598877
0.7385254
0.7174683
0.710144
0.7363892
0.7620239
0.7626343
0.7632446
0.7650757
0.7778931
0.7904053
0.8035278
0.8282471
0.8297729
0.8590698
0.8557129
0.826416
0.7983398
0.7852173
0.7952881
0.8053589
0.8056641
0.7836914
0.7620239
0.7382202
0.7128906
0.6881714
0.6488037
0.6100464
0.5715942
0.5526733
0.534668
0.5157471
0.4949951
0.4995728
0.506897
0.5337524
0.5578613
0.5789185
0.609436
0.6375122
0.663147
0.6811523
0.6985474
0.7162476
0.7092285
0.6906128
0.6713867
0.6396484
0.6335449
0.6311035
0.6228638
0.6140137
0.6063843
0.6213379
0.6417847
0.6417847
0.6738281
0.6994629
0.7284546
0.7397461
0.7546997
0.7650757
0.7528687
0.7382202
0.7247925
0.7034302
0.6814575
0.6570435
0.6518555
0.6448364
0.6384277
0.6066895
0.5752563
0.541687
0.5456543
0.5441284
0.5419922
0.5252075
0.5090332
0.4901123
0.4696655
0.4470825
0.4241943
0.397644
0.3710938
0.3424072
0.3353882
0.3274536
0.3167725
0.3137207
0.3094482
0.3030396
0.3024292
0.3009033
0.2981567
0.2749634
0.2468872
0.218811
0.21698
0.2148438
0.2133179
0.1760864
0.1443481
0.1119995
0.07507324
0.02685547
-0.0177002
-0.06713867
-0.1193237
-0.173645
-0.1843262
-0.1947021
-0.2087402
-0.2410889
-0.274353
-0.3088379
-0.3152466
-0.2941895
-0.2996826
-0.3289795
-0.3573608
-0.3872681
-0.4016113
-0.4171753
-0.4336548
-0.4629517
-0.4803467
-0.4971313
-0.5081177
collision
0
0.01800537
0.04455566
0.07110596
0.09796143
0.1132202
0.133667
0.1550293
0.1739502
0.1934814
0.2127075
0.2389526
0.2627563
0.2862549
0.3015137
0.3192139
0.3384399
0.3668213
0.378418
0.383606
0.385437
0.3942871
0.4055786
0.4281616
0.4501343
0.4733276
0.4797363
0.4873657
0.4980469
0.5157471
0.534668
0.553894
0.5780029
0.6008911
0.625
0.6173706
0.5926514
0.5682373
0.5340576
0.5007935
0.4705811
0.4693604
0.4910278
0.5136108
0.5340576
0.5554199
0.5764771
0.6002808
0.6228638
0.6454468
0.6509399
0.6573486
0.6646729
0.6942749
0.7235718
0.7510376
0.7754517
0.798645
0.8206177
0.8233643
0.8273315
0.8328247
0.8035278
0.7647705
0.7284546
0.7168579
0.7427979
0.7696533
0.7855225
0.8004761
0.8154297
0.8010864
0.7723999
0.7522583
0.7427979
0.7705688
0.7977295
0.8175659
0.8374023
0.8572388
0.87677
0.9042358
0.9066772
0.9197998
0.9231567
0.9268188
0.9460449
0.9719849
0.9857178
1.00647
0.977478
0.949707
0.9118652
0.9091187
0.9179688
0.9063721
0.9008789
0.8856201
0.899353
0.8712769
0.8444214
0.8261108
0.8071899
0.7870483
0.7550049
0.7409668
0.7247925
0.7165527
0.7189941
0.7296753
0.7504272
0.7385254
0.7266235
0.7147217
0.7363892
0.7672119
0.753479
0.7452393
0.7330322
0.7192993
0.6756592
0.6338501
0.6097412
0.6106567
0.6158447
0.6057739
0.5728149
0.541687
0.5307007
0.5206299
0.5117798
0.5065918
0.5279541
0.559082
0.5737305
0.6030273
0.6112671
0.5996704
0.5822754
0.5612183
0.5838013
0.6060791
0.6225586
0.6149292
0.5859375
0.5581665
0.519104
0.4904175
0.4736328
0.4663086
0.463562
0.4550171
0.4718018
0.4806519
0.4916382
0.4846191
0.4812622
0.4736328
0.4708862
0.4638672
0.4592896
0.447998
0.4391479
0.4272461
0.4187012
0.4077148
0.397644
0.357666
0.3192139
0.27771
0.2349854
0.1879883
0.144043
0.12146
0.0982666
0.08209229
0.06256104
0.03967285
0.01586914
0.01159668
0.00793457
0.001525879
-0.01861572
-0.03967285
-0.06195068
-0.09063721
-0.1196289
-0.1498413
-0.2020264
-0.2536011
-0.3051758
-0.3659058
-0.4284668
-0.4574585
-0.4779053
-0.4974365
-0.5163574
-0.5554199
-0.5752563
-0.5953979
-0.6048584
-0.6259155
-0.6448364
-0.6945801
-0.741272
-0.7971191
-0.8453369
-0.8932495
-0.9414673
-0.9768677
-1.013794
collision
0
0.01708984
0.04333496
0.07019043
0.09613037
0.1223755
0.1480103
0.1644897
0.184021
0.2044678
0.227356
0.2487183
0.2719116
0.2993774
0.3225708
0.3466797
0.3494263
0.3457642
0.3433228
0.3424072
0.3417969
0.3421021
0.3460693
0.3488159
0.3521729
0.3533936
0.3552246
0.357666
0.3582764
0.3591919
0.3619385
0.3604126
0.3610229
0.362854
0.368042
0.3738403
0.3790283
0.3805542
0.3829956
0.3860474
0.3704834
0.3604126
0.3533936
0.3771973
0.4052734
0.4321289
0.4577637
0.4824829
0.5081177
0.5105591
0.5105591
0.5117798
0.4876709
0.4571533
0.4281616
0.4049683
0.3857422
0.3823853
0.4064941
0.4354858
0.4623413
0.4797363
0.4986572
0.5194092
0.513916
0.4916382
0.4684448
0.4632568
0.4818726
0.5023193
0.5215454
0.541687
0.5621338
0.5563354
0.5343628
0.5117798
0.5062866
0.526123
0.5456543
0.5517578
0.5587769
0.5685425
0.5984497
0.6286621
0.6561279
0.6838989
0.7095337
0.7336426
0.7250977
0.7012939
0.6774902
0.668335
0.6921387
0.7150269
0.7202148
0.7199097
0.7208252
0.730896
0.7470703
0.7635498
0.7855225
0.8068848
0.8270264
0.8282471
0.8154297
0.8010864
0.8102417
0.8306885
0.8520508
0.8370972
0.8105469
0.7855225
0.7727051
0.7727051
0.7739258
0.7717896
0.7577515
0.7434082
0.7089233
0.7015991
0.6948853
0.6677246
0.6326294
0.5996704
0.5938721
0.6033325
0.6130981
0.6143188
0.6304932
0.6463623
0.6625366
0.6771851
0.6921387
0.7055664
0.7183838
0.730896
0.7571411
0.7608032
0.7891846
0.7846069
0.7980347
0.793457
0.8206177
0.8322144
0.8514404
0.8599854
0.8709717
0.880127
0.8944702
0.8837891
0.897522
0.8651733
0.8599854
0.8477783
0.8691406
0.8920288
0.9155273
0.8972168
0.8779907
0.8566284
0.8728027
0.8856201
0.8978271
0.8880615
0.864563
0.8422852
0.7998657
0.7546997
0.7302856
0.7467651
0.760498
0.7745361
0.7818604
0.7626343
0.7434082
0.6958008
0.6445313
0.6213379
0.6356812
0.6469727
0.6539917
0.6307983
0.6082153
0.5856323
0.5883789
0.5899048
0.5883789
0.5499268
0.5081177
0.4644775
0.4193115
0.37323
0.3265381
0.3146362
0.2999878
0.2822876
0.256958
0.2297974
0.201416
0.1425171
0.08087158
0.01586914
-0.0491333
-0.1113892
-0.1708984
-0.1980591
-0.2233887
-0.2572632
-0.302124
-0.3448486
-0.3881836
-0.4064941
-0.3860474
-0.4049683
-0.4708862
-0.5377197
-0.6054688
-0.6274414
-0.6481934
-0.6671143
-0.7299805
-0.791626
-0.8532715
-0.9066772
-0.9603882
-1.014709
-1.069031
-1.099243
collision
0
