Mono path[0] = '/home/wangning/文档/grid-sensor-master/BuildFile/PitCar/pitcar_ppo_Data/Managed'
Mono config path = '/home/wangning/文档/grid-sensor-master/BuildFile/PitCar/pitcar_ppo_Data/MonoBleedingEdge/etc'
Preloaded 'lib_burst_generated.so'
Preloaded 'libgrpc_csharp_ext.x64.so'
AS: AutoStreaming module initializing.
Initialize engine version: 2021.3.19f1c1 (b8e3cea1e9d3)
[Subsystems] Discovering subsystems at path /home/wangning/文档/grid-sensor-master/BuildFile/PitCar/pitcar_ppo_Data/UnitySubsystems
Forcing GfxDevice: Null
GfxDevice: creating device client; threaded=0; jobified=0
NullGfxDevice:
    Version:  NULL 1.0 [1.0]
    Renderer: Null Device
    Vendor:   Unity Technologies
Begin MonoManager ReloadAssembly
- Completed reload, in  0.152 seconds
ERROR: Shader Sprites/Default shader is not supported on this GPU (none of subshaders/fallbacks are suitable)
ERROR: Shader Sprites/Mask shader is not supported on this GPU (none of subshaders/fallbacks are suitable)
ERROR: Shader Legacy Shaders/Particles/Multiply shader is not supported on this GPU (none of subshaders/fallbacks are suitable)
ERROR: Shader Legacy Shaders/Particles/Additive shader is not supported on this GPU (none of subshaders/fallbacks are suitable)
ERROR: Shader Legacy Shaders/VertexLit shader is not supported on this GPU (none of subshaders/fallbacks are suitable)
WARNING: Shader Unsupported: 'Standard' - All subshaders removed
WARNING: Shader Did you use #pragma only_renderers and omit this platform?
WARNING: Shader If subshaders removal was intentional, you may have forgotten turning Fallback off?
ERROR: Shader Standard shader is not supported on this GPU (none of subshaders/fallbacks are suitable)
WARNING: Shader Unsupported: 'Standard' - All subshaders removed
WARNING: Shader Did you use #pragma only_renderers and omit this platform?
WARNING: Shader If subshaders removal was intentional, you may have forgotten turning Fallback off?
WARNING: Shader Unsupported: 'Standard (Specular setup)' - All subshaders removed
WARNING: Shader Did you use #pragma only_renderers and omit this platform?
WARNING: Shader If subshaders removal was intentional, you may have forgotten turning Fallback off?
ERROR: Shader Standard (Specular setup) shader is not supported on this GPU (none of subshaders/fallbacks are suitable)
WARNING: Shader Unsupported: 'Standard (Specular setup)' - All subshaders removed
WARNING: Shader Did you use #pragma only_renderers and omit this platform?
WARNING: Shader If subshaders removal was intentional, you may have forgotten turning Fallback off?
ERROR: Shader Mobile/Particles/Additive shader is not supported on this GPU (none of subshaders/fallbacks are suitable)
UnloadTime: 1.300637 ms
0
-0.003051758
-0.008850098
-0.01525879
-0.01739502
-0.01800537
-0.01464844
-0.01647949
-0.02258301
-0.02990723
-0.02929688
-0.001220703
-0.0003051758
0
0
0
0
requesting resize 84 x 84
0
0
0
0.0003051758
0
0
0.0003051758
0.0003051758
0
0
0.0003051758
0.0003051758
0
0
0.003051758
0.003356934
-0.0006103516
-0.003967285
-0.01556396
-0.02441406
-0.02471924
-0.02593994
-0.02532959
-0.01922607
-0.0006103516
0.0003051758
0
0
0.0006103516
0
0.0006103516
0
0.0006103516
0
0.0006103516
0
0.0006103516
0
0.0006103516
-0.0003051758
0.0006103516
0
0.0006103516
0
0.0006103516
0.0003051758
0.0003051758
0.0006103516
0.0006103516
0.0003051758
0.0003051758
0.0006103516
0.0006103516
0.0003051758
0.0003051758
0.0006103516
-0.0006103516
-0.00793457
-0.01281738
-0.004272461
0.0177002
0.03967285
0.05981445
0.08178711
0.1043701
0.1272583
0.1507568
0.177002
0.1876831
0.2011108
0.2142334
0.2377319
0.2600098
0.2816772
0.2871704
0.2893066
0.2856445
0.2822876
0.2789307
0.2734375
0.272522
0.2703857
0.2694702
0.2789307
0.2926636
0.3088379
0.3359985
0.3640747
0.3915405
0.4153442
0.4400635
0.4647827
0.4907227
0.5166626
0.5422974
0.5685425
0.5938721
0.6195068
0.6103516
0.5834961
0.5581665
0.5349731
0.5108643
0.4870605
0.4876709
0.5130005
0.5374146
0.5554199
0.5749512
0.5950928
0.6173706
0.6393433
0.6616211
0.6848145
0.7070923
0.7299805
0.7516479
0.7736206
0.7943726
0.8050537
0.8169556
0.8291626
0.8059692
0.7769775
0.7501221
0.7254028
0.7357788
0.7467651
0.7550049
0.7641602
0.7730103
0.7952881
0.81604
0.8346558
0.8270264
0.8032227
0.7797241
0.7687378
0.7937622
0.819397
0.8102417
0.7958984
0.7833862
0.7830811
0.8004761
0.8175659
0.8428955
0.874939
0.8862305
0.9185791
0.9249878
0.954895
0.9713745
0.9832764
0.9817505
0.965271
0.9561157
0.9622192
0.953064
0.9085083
0.864563
0.8282471
0.8236694
0.8276367
0.8480835
0.8755493
0.8886719
0.8804321
0.8654785
0.8505249
0.8724976
0.8572388
0.8413696
0.7943726
0.7608032
0.7495117
0.7543945
0.758667
0.7592773
0.7800293
0.7672119
0.7559204
0.7452393
0.753479
0.7824707
0.7598877
0.7147217
0.670166
0.6433105
0.6338501
0.6408691
0.6585693
0.6814575
0.6964111
0.7009888
0.7003784
0.7046509
0.7077026
0.7159424
0.7165527
0.7012939
0.6817627
0.6677246
0.6341553
0.6033325
0.5688477
0.531311
0.491333
0.4507446
0.4519653
0.4504395
0.446167
0.4336548
0.4193115
0.4034424
0.3674316
0.3320313
0.2960205
0.2838135
0.2697754
0.2532959
0.1983643
0.1428223
0.08666992
0.07598877
0.0668335
0.05706787
0.009460449
-0.03875732
-0.08728027
-0.1531982
-0.2212524
-0.289917
-0.3356934
-0.3826904
-0.4312134
-0.4226685
-0.4638672
-0.5062866
-0.5828857
-0.6600952
-0.7388306
-0.8166504
-0.8950806
-0.9738159
-1.013489
-1.035156
-1.052856
-1.067505
-1.108093
-1.151733
-1.217957
-1.2854
-1.351929
-1.398926
-1.446228
-1.494751
-1.560059
-1.624756
-1.689453
-1.760254
collision
0
0.01678467
0.04241943
0.06835938
0.09399414
0.1205444
0.1470947
0.1721191
0.1901245
0.2105713
0.2310181
0.2487183
0.2670288
0.2859497
0.3079224
0.3311157
0.3533936
0.3662109
0.3811646
0.3985596
0.4226685
0.4452515
0.4675293
0.4837036
0.5029297
0.5258179
0.5508423
0.569458
0.5862427
0.5947876
0.6048584
0.6161499
0.6378174
0.6616211
0.6854248
0.7067871
0.7263184
0.7421875
0.743103
0.7446289
0.748291
0.7632446
0.7791138
0.7937622
0.7998657
0.7983398
0.7962036
0.7910156
0.7870483
0.7824707
0.7830811
0.8010864
0.8197021
0.8255005
0.8334351
0.84198
0.8535767
0.8648682
0.8770752
0.9036255
0.9378052
0.9518433
0.9872437
0.9735107
0.9832764
0.9576416
0.9484863
0.9494019
0.9719849
0.9957886
1.01593
1.041565
1.046753
1.052246
1.047974
1.049805
1.074829
1.082458
1.101074
1.106262
1.134338
1.110229
1.08551
1.050415
1.037598
1.05835
1.072693
1.099548
1.109314
1.135864
1.107178
1.074219
1.040649
1.044312
1.037903
1.051025
1.021423
0.9915161
0.9759521
0.9606934
0.9472656
0.9140015
0.9051514
0.9216309
0.9317017
0.9106445
0.8886719
0.8468628
0.8233643
0.814209
0.8331299
0.8544922
0.8682251
0.8547974
0.8349609
0.8148193
0.8309937
0.8444214
0.8554077
0.8346558
0.8135986
0.7922363
0.7839966
0.7736206
0.763855
0.7522583
0.7409668
0.7269287
0.6973267
0.6674194
0.6375122
0.6390381
0.6390381
0.6359863
0.6411743
0.6466675
0.6542969
0.6613159
0.668335
0.6732178
0.6613159
0.6488037
0.6362915
0.6396484
0.640564
0.640564
0.6539917
0.6686401
0.6848145
0.657959
0.6326294
0.6072998
0.6216431
0.637207
0.6533813
0.6213379
0.5853271
0.5484009
0.5111694
0.4745483
0.4373169
0.4342651
0.4302979
0.4251099
0.3796387
0.3302002
0.2774048
0.2319336
0.1858521
0.138855
0.08209229
0.02380371
-0.03570557
-0.07537842
-0.1174927
-0.1608276
-0.1885986
-0.2175903
-0.2478027
-0.3192139
-0.3936768
-0.4721069
collision
0
0.01800537
0.04455566
0.07171631
0.09887695
0.1251221
0.1495361
0.1739502
0.1977539
0.2029419
0.2029419
0.2047729
0.199585
0.1971436
0.1940918
0.2102661
0.2352905
0.2593994
0.2603149
0.2600098
0.2584839
0.2633667
0.2661133
0.2697754
0.2731323
0.2761841
0.2804565
0.2868652
0.291748
0.2966309
0.3009033
0.305481
0.3097534
0.3091431
0.3103638
0.3128052
0.3152466
0.3173828
0.3207397
0.3134155
0.3012085
0.2890015
0.2856445
0.2883911
0.2911377
0.2841187
0.2819824
0.2801514
0.2737427
0.2664185
0.2609253
0.2761841
0.2972412
0.319519
0.3482056
0.3765869
0.4031372
0.4281616
0.4534912
0.4785156
0.5050659
0.5310059
0.5566406
0.5764771
0.5969238
0.6192017
0.6448364
0.6707764
0.6958008
0.7171631
0.7397461
0.7623291
0.7849121
0.8078003
0.8303833
0.8526611
0.8746338
0.8966064
0.9072876
0.9179688
0.9298706
0.9545898
0.9783936
1.010132
1.022339
1.061096
1.074829
1.090698
1.095886
1.099548
1.105652
1.116028
1.123352
1.140442
1.150513
1.170349
1.165771
1.176147
1.174316
1.176147
1.168518
1.168823
1.185913
1.209106
1.229553
1.241455
1.251831
1.261597
1.260376
1.25946
1.257019
1.253662
1.248779
1.243896
1.25824
1.228943
1.202087
1.176758
1.152039
1.126099
1.106567
1.087952
1.071167
1.036987
1.013489
1.032104
1.04248
1.054077
1.060486
1.059265
1.053162
1.052856
1.05072
1.054382
1.051025
1.066589
1.073608
1.085205
1.087646
1.094055
1.094971
1.071167
1.020508
0.9689331
0.9179688
0.8612061
0.8398438
0.8483887
0.8428955
0.8413696
0.8169556
0.7937622
0.7696533
0.7321167
0.6951904
0.6573486
0.657959
0.6604004
0.6622314
0.6658936
0.6488037
0.6317139
0.5783081
0.5227661
0.4870605
0.491333
0.4959106
0.501709
0.4577637
0.4067993
0.3549194
0.3344727
0.3097534
0.3033447
0.2993774
0.2914429
0.2822876
0.2896118
0.2981567
0.3082275
0.2685547
0.2236938
0.1773071
0.1394653
0.100708
0.06347656
0.05889893
0.05706787
0.0567627
0.0189209
-0.01708984
-0.0592041
-0.05859375
-0.05706787
-0.05218506
-0.07843018
-0.1016235
-0.1309204
-0.173645
-0.2081299
-0.2444458
-0.2642822
-0.2832031
-0.2978516
-0.3463745
-0.3814697
-0.4138184
-0.4473877
-0.4776001
-0.5273438
collision
0
0.0003051758
-0.0003051758
0
0.0003051758
0.0003051758
0
0
0
-0.006103516
-0.008544922
-0.01647949
-0.00793457
0.01464844
0.03692627
0.05828857
0.07965088
0.1016235
0.1196289
0.1385498
0.1593018
0.1776123
0.1989746
0.2218628
0.2233887
0.2108765
0.1980591
0.1983643
0.2001953
0.2029419
0.2017212
0.2029419
0.2047729
0.2093506
0.2127075
0.2172852
0.2108765
0.2081299
0.2059937
0.2319336
0.2578735
0.2841187
0.2874756
0.2871704
