Mono path[0] = '/home/wangning/文档/grid-sensor-master/BuildFile/PitCar/pitcar_ppo_Data/Managed'
Mono config path = '/home/wangning/文档/grid-sensor-master/BuildFile/PitCar/pitcar_ppo_Data/MonoBleedingEdge/etc'
Preloaded 'lib_burst_generated.so'
Preloaded 'libgrpc_csharp_ext.x64.so'
AS: AutoStreaming module initializing.
Initialize engine version: 2021.3.19f1c1 (b8e3cea1e9d3)
[Subsystems] Discovering subsystems at path /home/wangning/文档/grid-sensor-master/BuildFile/PitCar/pitcar_ppo_Data/UnitySubsystems
Forcing GfxDevice: Null
GfxDevice: creating device client; threaded=0; jobified=0
NullGfxDevice:
    Version:  NULL 1.0 [1.0]
    Renderer: Null Device
    Vendor:   Unity Technologies
Begin MonoManager ReloadAssembly
- Completed reload, in  0.129 seconds
ERROR: Shader Sprites/Default shader is not supported on this GPU (none of subshaders/fallbacks are suitable)
ERROR: Shader Sprites/Mask shader is not supported on this GPU (none of subshaders/fallbacks are suitable)
ERROR: Shader Legacy Shaders/Particles/Multiply shader is not supported on this GPU (none of subshaders/fallbacks are suitable)
ERROR: Shader Legacy Shaders/Particles/Additive shader is not supported on this GPU (none of subshaders/fallbacks are suitable)
ERROR: Shader Legacy Shaders/VertexLit shader is not supported on this GPU (none of subshaders/fallbacks are suitable)
WARNING: Shader Unsupported: 'Standard' - All subshaders removed
WARNING: Shader Did you use #pragma only_renderers and omit this platform?
WARNING: Shader If subshaders removal was intentional, you may have forgotten turning Fallback off?
ERROR: Shader Standard shader is not supported on this GPU (none of subshaders/fallbacks are suitable)
WARNING: Shader Unsupported: 'Standard' - All subshaders removed
WARNING: Shader Did you use #pragma only_renderers and omit this platform?
WARNING: Shader If subshaders removal was intentional, you may have forgotten turning Fallback off?
WARNING: Shader Unsupported: 'Standard (Specular setup)' - All subshaders removed
WARNING: Shader Did you use #pragma only_renderers and omit this platform?
WARNING: Shader If subshaders removal was intentional, you may have forgotten turning Fallback off?
ERROR: Shader Standard (Specular setup) shader is not supported on this GPU (none of subshaders/fallbacks are suitable)
WARNING: Shader Unsupported: 'Standard (Specular setup)' - All subshaders removed
WARNING: Shader Did you use #pragma only_renderers and omit this platform?
WARNING: Shader If subshaders removal was intentional, you may have forgotten turning Fallback off?
ERROR: Shader Mobile/Particles/Additive shader is not supported on this GPU (none of subshaders/fallbacks are suitable)
UnloadTime: 3.555654 ms
0
0
0.006103516
-0.001525879
0.003051758
0.002746582
0.003662109
-0.001220703
-0.009155273
-0.0100708
-0.01800537
-0.02868652
-0.0378418
-0.04180908
-0.05126953
-0.05859375
-0.06347656
requesting resize 84 x 84
-0.06652832
-0.06774902
-0.06896973
-0.06530762
-0.06256104
-0.06286621
-0.06072998
-0.0567627
-0.06286621
-0.06958008
-0.078125
-0.07598877
-0.07019043
-0.06896973
-0.06835938
-0.06225586
-0.06072998
-0.06256104
-0.06591797
-0.07202148
-0.07568359
-0.08178711
-0.08728027
-0.0793457
-0.0769043
-0.07232666
-0.07080078
-0.07263184
-0.07354736
-0.07049561
-0.07202148
-0.07080078
-0.06958008
-0.07049561
-0.07385254
-0.06408691
-0.05645752
-0.0491333
-0.04455566
-0.03723145
-0.03540039
-0.02838135
-0.001220703
0.0003051758
0
0
0
0.003051758
0.001220703
-0.004882813
0.0009155273
-0.004577637
-0.008544922
0.001525879
0.01098633
0.01861572
0.02624512
0.03540039
0.04394531
0.05371094
0.06164551
0.06713867
0.078125
0.08850098
0.09735107
0.09399414
0.08178711
0.07629395
0.07995605
0.08728027
0.09765625
0.1046753
0.1123047
0.123291
0.1287842
0.1339722
0.1416016
0.1470947
0.1470947
0.149231
0.15625
0.1516724
0.149231
0.1464844
0.1489258
0.1477051
0.1541138
0.1696777
0.1831055
0.1983643
0.211792
0.2261353
0.2359009
0.2484131
0.2624512
0.2786255
0.295105
0.3109741
0.3167725
0.3259277
0.3375244
0.3521729
0.3671265
0.3826904
0.3768921
0.3674316
0.3594971
0.3610229
0.3613281
0.3610229
0.3768921
0.3973389
0.418396
0.4428101
0.4669189
0.491333
0.480957
0.4550171
0.4299927
0.4052734
0.380249
0.3567505
0.3320313
0.3079224
0.2844238
0.2603149
0.2374268
0.2148438
0.1937866
0.1712036
0.149231
0.1358032
0.1223755
0.1165771
0.1339722
0.1593018
0.1837158
0.2105713
0.2359009
0.2609253
0.2856445
0.3109741
0.3347778
0.3591919
0.3829956
0.4074097
0.4278564
0.4492188
0.4711914
0.4837036
0.4989624
0.5154419
0.5108643
0.4956055
0.4785156
0.4821777
0.4974365
0.5130005
0.5032349
0.4776001
0.4528809
0.4541016
0.4769897
0.4989624
0.5288696
0.559082
0.5871582
0.5908203
0.5938721
0.5969238
0.619812
0.6414795
0.6625366
0.6570435
0.635376
0.6134033
0.6109619
0.640564
0.668335
0.6793213
0.6921387
0.7064819
0.7293701
0.7513428
0.7727051
0.7757568
0.7797241
0.7849121
0.7858276
0.7870483
0.7901001
0.8114624
0.8398438
0.8422852
0.8538818
0.8505249
0.8557129
0.8758545
0.8602905
0.8450317
0.8096313
0.8096313
0.8135986
0.8178711
0.8215332
0.8255005
0.8303833
0.8383179
0.8428955
0.8584595
0.8740234
0.8856201
0.8926392
0.8990479
0.9030151
0.8926392
0.8813477
0.8721924
0.8825684
0.8929443
0.899353
0.9170532
0.9344482
0.9542847
0.9289551
0.8996582
0.8688354
0.8355713
0.8001709
0.7626343
0.7455444
0.7269287
0.7067871
0.703125
0.6652832
0.6500244
0.6161499
0.6155396
0.6106567
0.5957031
0.5819702
0.5654907
0.519104
0.4696655
0.4180908
0.4138184
0.4083252
0.4025269
0.401001
0.4016113
0.4040527
0.3530884
0.3005981
0.2453613
0.2261353
0.1986694
0.1715088
0.15625
0.1382446
0.1300049
0.1126099
0.09063721
0.0692749
0.0378418
0.008239746
-0.02166748
-0.0680542
-0.1177979
-0.1675415
-0.1721191
-0.1733398
-0.1739502
-0.2023315
-0.2328491
-0.2636719
-0.2902222
-0.3302002
-0.368042
-0.4119873
-0.4473877
-0.5053711
-0.5636597
-0.6002808
-0.635376
-0.6735229
-0.7034302
-0.7635498
-0.8267212
-0.8901978
-0.954895
-1.008301
-1.025085
-1.069031
-1.071167
-1.107483
-1.141663
-1.170349
collision
0
0.01800537
0.04241943
0.06774902
0.09460449
0.1031494
0.105896
0.1025391
0.1190186
0.1495361
0.1727295
0.1724243
0.1708984
0.168457
0.1849365
0.2124023
0.2383423
0.2661133
0.289917
0.3143311
0.3314209
0.3488159
0.3695679
0.3921509
0.4159546
0.4388428
0.4605103
0.4815674
0.5032349
0.513916
0.5157471
0.5178833
0.5172729
0.5279541
0.5389404
0.5526733
0.5587769
0.5639648
0.5764771
0.6018066
0.6274414
0.6494141
0.6723022
0.6951904
0.7086182
0.723877
0.7400513
0.7519531
0.765686
0.7800293
0.8059692
0.8312988
0.8575439
0.8358765
0.802002
0.776062
0.7583618
0.7769775
0.7965088
0.8145142
0.8325195
0.8508301
0.8575439
0.8563232
0.8554077
0.8432007
0.8514404
0.8612061
0.8886719
0.9164429
0.9521484
0.9454346
0.9121704
0.8804321
0.8630371
0.8856201
0.9118652
0.9164429
0.8755493
0.8383179
0.8007813
0.7943726
0.7904053
0.8175659
0.8450317
0.8789063
0.8578491
0.8605957
0.8520508
0.8776855
0.859375
0.8401489
0.8248901
0.8486938
0.8789063
0.8792114
0.887146
0.8880615
0.8950806
0.8895874
0.9002686
0.8779907
0.8724976
0.8587646
0.8734131
0.8511353
0.8279419
0.8074951
0.8081055
0.8285522
0.8462524
0.8694458
0.8834839
0.8737183
0.8294678
0.7833862
0.7400513
0.7330322
0.7241821
0.743103
0.7504272
0.7644653
0.78125
0.8032227
0.821228
0.7974243
0.7678223
0.7385254
0.7327271
0.7269287
0.7189941
0.7345581
0.7220459
0.7095337
0.6646729
0.6240845
0.6112671
0.6283569
0.6384277
0.6472778
0.6170654
0.5865479
0.557251
0.5389404
0.5203247
0.5004883
0.5093384
0.519104
0.5300903
0.4898071
0.4483032
0.4049683
0.3594971
0.3070068
0.256958
0.2349854
0.211792
0.1922607
0.1843262
0.1739502
0.1644897
0.1199341
0.07385254
0.03143311
-0.002746582
-0.03692627
-0.07232666
-0.08728027
-0.1055908
-0.1254272
-0.1675415
-0.2023315
-0.2349854
-0.2380371
-0.2398682
-0.2487183
-0.255127
-0.2340698
-0.234375
-0.262146
-0.2871704
-0.3100586
-0.3091431
-0.3100586
-0.3222656
-0.3439331
-0.3625488
-0.383606
-0.4278564
-0.4736328
-0.5215454
-0.5599976
-0.5984497
-0.6359863
-0.6890869
-0.7192993
-0.7485962
-0.7415771
-0.7342529
-0.7260132
-0.748291
-0.7696533
-0.821228
-0.8532715
-0.8786011
collision
0
0.01708984
0.04272461
0.06958008
0.09521484
0.12146
0.1477051
0.1702881
0.1922607
0.2163696
0.2398682
0.2645874
0.2853394
0.3082275
0.3292847
0.3509521
0.3701782
0.3912354
0.4119873
0.4312134
0.4528809
0.4769897
0.4907227
0.5004883
0.5099487
0.5307007
0.552063
0.574646
0.5966187
0.6204224
0.6448364
0.65979
0.6759644
0.6912231
0.7174683
0.7434082
0.7684326
0.7589722
0.7321167
0.7055664
0.6704712
0.637207
0.6036377
0.5932617
0.6143188
0.635376
0.6582642
0.6811523
0.7049561
0.7278442
0.7513428
0.7745361
0.7983398
0.8221436
0.8456421
0.8233643
0.7858276
0.7473755
0.7208252
0.7278442
0.7369995
0.7644653
0.7928467
0.8206177
0.8135986
0.7925415
0.7711792
0.7556152
0.776062
0.7971191
0.8016968
0.8047485
0.8074951
0.8328247
0.8566284
0.8786011
0.9042358
0.9286499
0.9606934
0.9649658
0.9991455
1.002808
1.02417
0.9906006
